[2025-06-07T17:15:30.041+0000] {taskinstance.py:1159} INFO - Dependencies all met for dep_context=non-requeueable deps ti=<TaskInstance: etl_wikipedia_pipeline.wikipedia_extraction manual__2025-06-07T17:14:52.614092+00:00 [queued]>
[2025-06-07T17:15:30.126+0000] {taskinstance.py:1159} INFO - Dependencies all met for dep_context=requeueable deps ti=<TaskInstance: etl_wikipedia_pipeline.wikipedia_extraction manual__2025-06-07T17:14:52.614092+00:00 [queued]>
[2025-06-07T17:15:30.126+0000] {taskinstance.py:1361} INFO - Starting attempt 1 of 1
[2025-06-07T17:15:30.163+0000] {taskinstance.py:1382} INFO - Executing <Task(PythonOperator): wikipedia_extraction> on 2025-06-07 17:14:52.614092+00:00
[2025-06-07T17:15:30.171+0000] {standard_task_runner.py:57} INFO - Started process 45 to run task
[2025-06-07T17:15:30.199+0000] {standard_task_runner.py:84} INFO - Running: ['airflow', 'tasks', 'run', 'etl_wikipedia_pipeline', 'wikipedia_extraction', 'manual__2025-06-07T17:14:52.614092+00:00', '--job-id', '2', '--raw', '--subdir', 'DAGS_FOLDER/wikipedia_dag.py', '--cfg-path', '/tmp/tmp52ckq5wp']
[2025-06-07T17:15:30.200+0000] {standard_task_runner.py:85} INFO - Job 2: Subtask wikipedia_extraction
[2025-06-07T17:15:32.699+0000] {task_command.py:416} INFO - Running <TaskInstance: etl_wikipedia_pipeline.wikipedia_extraction manual__2025-06-07T17:14:52.614092+00:00 [running]> on host 3c7dacd1bb6e
[2025-06-07T17:15:35.356+0000] {taskinstance.py:1662} INFO - Exporting env vars: AIRFLOW_CTX_DAG_OWNER='Krishna Dubey' AIRFLOW_CTX_DAG_ID='etl_wikipedia_pipeline' AIRFLOW_CTX_TASK_ID='wikipedia_extraction' AIRFLOW_CTX_EXECUTION_DATE='2025-06-07T17:14:52.614092+00:00' AIRFLOW_CTX_TRY_NUMBER='1' AIRFLOW_CTX_DAG_RUN_ID='manual__2025-06-07T17:14:52.614092+00:00'
[2025-06-07T17:16:12.083+0000] {warnings.py:109} WARNING - /opt/airflow/etls/wikipedia_etl.py:41: FutureWarning: Passing literal html to 'read_html' is deprecated and will be removed in a future version. To read from a literal string, wrap it in a 'StringIO' object.
  df = pd.read_html(html.tostring(table, encoding='unicode'))[0]

[2025-06-07T17:16:12.770+0000] {warnings.py:109} WARNING - /opt/airflow/etls/wikipedia_etl.py:41: FutureWarning: Passing literal html to 'read_html' is deprecated and will be removed in a future version. To read from a literal string, wrap it in a 'StringIO' object.
  df = pd.read_html(html.tostring(table, encoding='unicode'))[0]

[2025-06-07T17:16:12.971+0000] {warnings.py:109} WARNING - /opt/airflow/etls/wikipedia_etl.py:41: FutureWarning: Passing literal html to 'read_html' is deprecated and will be removed in a future version. To read from a literal string, wrap it in a 'StringIO' object.
  df = pd.read_html(html.tostring(table, encoding='unicode'))[0]

[2025-06-07T17:16:12.986+0000] {warnings.py:109} WARNING - /opt/airflow/etls/wikipedia_etl.py:41: FutureWarning: Passing literal html to 'read_html' is deprecated and will be removed in a future version. To read from a literal string, wrap it in a 'StringIO' object.
  df = pd.read_html(html.tostring(table, encoding='unicode'))[0]

[2025-06-07T17:16:13.023+0000] {warnings.py:109} WARNING - /opt/airflow/etls/wikipedia_etl.py:41: FutureWarning: Passing literal html to 'read_html' is deprecated and will be removed in a future version. To read from a literal string, wrap it in a 'StringIO' object.
  df = pd.read_html(html.tostring(table, encoding='unicode'))[0]

[2025-06-07T17:16:18.374+0000] {warnings.py:109} WARNING - /opt/airflow/etls/wikipedia_etl.py:41: FutureWarning: Passing literal html to 'read_html' is deprecated and will be removed in a future version. To read from a literal string, wrap it in a 'StringIO' object.
  df = pd.read_html(html.tostring(table, encoding='unicode'))[0]

[2025-06-07T17:16:18.381+0000] {warnings.py:109} WARNING - /opt/airflow/etls/wikipedia_etl.py:41: FutureWarning: Passing literal html to 'read_html' is deprecated and will be removed in a future version. To read from a literal string, wrap it in a 'StringIO' object.
  df = pd.read_html(html.tostring(table, encoding='unicode'))[0]

[2025-06-07T17:16:18.472+0000] {warnings.py:109} WARNING - /opt/airflow/etls/wikipedia_etl.py:41: FutureWarning: Passing literal html to 'read_html' is deprecated and will be removed in a future version. To read from a literal string, wrap it in a 'StringIO' object.
  df = pd.read_html(html.tostring(table, encoding='unicode'))[0]

[2025-06-07T17:16:18.483+0000] {warnings.py:109} WARNING - /opt/airflow/etls/wikipedia_etl.py:41: FutureWarning: Passing literal html to 'read_html' is deprecated and will be removed in a future version. To read from a literal string, wrap it in a 'StringIO' object.
  df = pd.read_html(html.tostring(table, encoding='unicode'))[0]

[2025-06-07T17:16:18.521+0000] {warnings.py:109} WARNING - /opt/airflow/etls/wikipedia_etl.py:41: FutureWarning: Passing literal html to 'read_html' is deprecated and will be removed in a future version. To read from a literal string, wrap it in a 'StringIO' object.
  df = pd.read_html(html.tostring(table, encoding='unicode'))[0]

[2025-06-07T17:16:21.558+0000] {logging_mixin.py:151} INFO - Extraction complete.
[2025-06-07T17:16:21.783+0000] {logging_mixin.py:151} INFO - Transformation complete. Rows: 231, Columns: 5
[2025-06-07T17:16:21.795+0000] {logging_mixin.py:151} INFO - Final combined DataFrame shape: (231, 5)
[2025-06-07T17:16:21.796+0000] {logging_mixin.py:151} INFO - Data loaded successfully.
[2025-06-07T17:16:21.797+0000] {python.py:194} INFO - Done. Returned value was: None
[2025-06-07T17:16:21.890+0000] {taskinstance.py:1400} INFO - Marking task as SUCCESS. dag_id=etl_wikipedia_pipeline, task_id=wikipedia_extraction, execution_date=20250607T171452, start_date=20250607T171530, end_date=20250607T171621
[2025-06-07T17:16:21.995+0000] {local_task_job_runner.py:228} INFO - Task exited with return code 0
[2025-06-07T17:16:22.059+0000] {taskinstance.py:2778} INFO - 1 downstream tasks scheduled from follow-on schedule check
