[2025-06-07T17:27:52.505+0000] {taskinstance.py:1159} INFO - Dependencies all met for dep_context=non-requeueable deps ti=<TaskInstance: etl_wikipedia_pipeline.run_pentaho_transformation manual__2025-06-07T17:14:52.614092+00:00 [queued]>
[2025-06-07T17:27:52.544+0000] {taskinstance.py:1159} INFO - Dependencies all met for dep_context=requeueable deps ti=<TaskInstance: etl_wikipedia_pipeline.run_pentaho_transformation manual__2025-06-07T17:14:52.614092+00:00 [queued]>
[2025-06-07T17:27:52.551+0000] {taskinstance.py:1361} INFO - Starting attempt 1 of 1
[2025-06-07T17:27:52.604+0000] {taskinstance.py:1382} INFO - Executing <Task(PythonOperator): run_pentaho_transformation> on 2025-06-07 17:14:52.614092+00:00
[2025-06-07T17:27:52.623+0000] {standard_task_runner.py:57} INFO - Started process 57 to run task
[2025-06-07T17:27:52.630+0000] {standard_task_runner.py:84} INFO - Running: ['airflow', 'tasks', 'run', 'etl_wikipedia_pipeline', 'run_pentaho_transformation', 'manual__2025-06-07T17:14:52.614092+00:00', '--job-id', '6', '--raw', '--subdir', 'DAGS_FOLDER/wikipedia_dag.py', '--cfg-path', '/tmp/tmpo7y2e3zl']
[2025-06-07T17:27:52.652+0000] {standard_task_runner.py:85} INFO - Job 6: Subtask run_pentaho_transformation
[2025-06-07T17:27:53.022+0000] {task_command.py:416} INFO - Running <TaskInstance: etl_wikipedia_pipeline.run_pentaho_transformation manual__2025-06-07T17:14:52.614092+00:00 [running]> on host 3c7dacd1bb6e
[2025-06-07T17:27:53.154+0000] {taskinstance.py:1662} INFO - Exporting env vars: AIRFLOW_CTX_DAG_OWNER='airflow' AIRFLOW_CTX_DAG_ID='etl_wikipedia_pipeline' AIRFLOW_CTX_TASK_ID='run_pentaho_transformation' AIRFLOW_CTX_EXECUTION_DATE='2025-06-07T17:14:52.614092+00:00' AIRFLOW_CTX_TRY_NUMBER='1' AIRFLOW_CTX_DAG_RUN_ID='manual__2025-06-07T17:14:52.614092+00:00'
[2025-06-07T17:32:45.882+0000] {logging_mixin.py:151} INFO - STDOUT:
[2025-06-07T17:32:45.884+0000] {logging_mixin.py:151} INFO -  #######################################################################
WARNING:  no libwebkitgtk-1.0 detected, some features will be unavailable
    Consider installing the package with apt-get or yum.
    e.g. 'sudo apt-get install libwebkitgtk-1.0-0'
#######################################################################
2025-06-07 17:31:29.437 - Pan - Start of run.
2025-06-07 17:31:51.264 - Transformation1Movies - Dispatching started for transformation [Transformation1Movies]
2025-06-07 17:31:51.716 - Carte - Installing timer to purge stale objects after 1440 minutes.
2025-06-07 17:31:57.363 - Table output.0 - Connected to database [Snowflake_Conn] (commit=1000)
2025-06-07 17:32:42.888 - Table input.0 - Finished reading query, closing connection
2025-06-07 17:32:42.893 - Filter rows.0 - Finished processing (I=0, O=0, R=567, W=479, U=0, E=0)
2025-06-07 17:32:42.941 - Sort rows.0 - Finished processing (I=0, O=0, R=479, W=479, U=0, E=0)
2025-06-07 17:32:42.965 - Unique rows.0 - Finished processing (I=0, O=0, R=479, W=440, U=0, E=0)
2025-06-07 17:32:43.032 - Table input.0 - Finished processing (I=567, O=0, R=0, W=567, U=0, E=0)
2025-06-07 17:32:43.132 - User defined Java class.0 - Finished processing (I=0, O=0, R=440, W=440, U=0, E=0)
2025-06-07 17:32:45.452 - Table output.0 - Finished processing (I=0, O=440, R=440, W=440, U=0, E=0)
2025-06-07 17:32:45.468 - Pan - Finished!
2025-06-07 17:32:45.469 - Pan - Start=2025/06/07 17:31:51.232, Stop=2025/06/07 17:32:45.468
2025-06-07 17:32:45.469 - Pan - Processing ended after 54 seconds.
2025-06-07 17:32:45.469 - Transformation1Movies -  
2025-06-07 17:32:45.471 - Transformation1Movies - Step Table input.0 ended successfully, processed 567 lines. ( 10 lines/s)
2025-06-07 17:32:45.472 - Transformation1Movies - Step Filter rows.0 ended successfully, processed 567 lines. ( 10 lines/s)
2025-06-07 17:32:45.473 - Transformation1Movies - Step Sort rows.0 ended successfully, processed 479 lines. ( 8 lines/s)
2025-06-07 17:32:45.474 - Transformation1Movies - Step Unique rows.0 ended successfully, processed 479 lines. ( 8 lines/s)
2025-06-07 17:32:45.484 - Transformation1Movies - Step User defined Java class.0 ended successfully, processed 440 lines. ( 8 lines/s)
2025-06-07 17:32:45.485 - Transformation1Movies - Step Table output.0 ended successfully, processed 440 lines. ( 8 lines/s)
[2025-06-07T17:32:45.885+0000] {logging_mixin.py:151} INFO - STDERR:
[2025-06-07T17:32:45.886+0000] {logging_mixin.py:151} INFO -  
[2025-06-07T17:32:45.886+0000] {python.py:194} INFO - Done. Returned value was: None
[2025-06-07T17:32:45.908+0000] {taskinstance.py:1400} INFO - Marking task as SUCCESS. dag_id=etl_wikipedia_pipeline, task_id=run_pentaho_transformation, execution_date=20250607T171452, start_date=20250607T172752, end_date=20250607T173245
[2025-06-07T17:32:46.027+0000] {local_task_job_runner.py:228} INFO - Task exited with return code 0
[2025-06-07T17:32:46.064+0000] {taskinstance.py:2778} INFO - 0 downstream tasks scheduled from follow-on schedule check
