[2025-06-08T11:16:17.225+0000] {taskinstance.py:1159} INFO - Dependencies all met for dep_context=non-requeueable deps ti=<TaskInstance: etl_wikipedia_pipeline.wikipedia_extraction manual__2025-06-08T11:16:12.216444+00:00 [queued]>
[2025-06-08T11:16:17.245+0000] {taskinstance.py:1159} INFO - Dependencies all met for dep_context=requeueable deps ti=<TaskInstance: etl_wikipedia_pipeline.wikipedia_extraction manual__2025-06-08T11:16:12.216444+00:00 [queued]>
[2025-06-08T11:16:17.246+0000] {taskinstance.py:1361} INFO - Starting attempt 1 of 1
[2025-06-08T11:16:17.267+0000] {taskinstance.py:1382} INFO - Executing <Task(PythonOperator): wikipedia_extraction> on 2025-06-08 11:16:12.216444+00:00
[2025-06-08T11:16:17.285+0000] {standard_task_runner.py:57} INFO - Started process 138 to run task
[2025-06-08T11:16:17.296+0000] {standard_task_runner.py:84} INFO - Running: ['airflow', 'tasks', 'run', 'etl_wikipedia_pipeline', 'wikipedia_extraction', 'manual__2025-06-08T11:16:12.216444+00:00', '--job-id', '8', '--raw', '--subdir', 'DAGS_FOLDER/wikipedia_dag.py', '--cfg-path', '/tmp/tmp0_bzpo1l']
[2025-06-08T11:16:17.300+0000] {standard_task_runner.py:85} INFO - Job 8: Subtask wikipedia_extraction
[2025-06-08T11:16:17.452+0000] {task_command.py:416} INFO - Running <TaskInstance: etl_wikipedia_pipeline.wikipedia_extraction manual__2025-06-08T11:16:12.216444+00:00 [running]> on host c53596a4c7f4
[2025-06-08T11:16:17.645+0000] {taskinstance.py:1662} INFO - Exporting env vars: AIRFLOW_CTX_DAG_OWNER='Krishna Dubey' AIRFLOW_CTX_DAG_ID='etl_wikipedia_pipeline' AIRFLOW_CTX_TASK_ID='wikipedia_extraction' AIRFLOW_CTX_EXECUTION_DATE='2025-06-08T11:16:12.216444+00:00' AIRFLOW_CTX_TRY_NUMBER='1' AIRFLOW_CTX_DAG_RUN_ID='manual__2025-06-08T11:16:12.216444+00:00'
[2025-06-08T11:16:25.140+0000] {warnings.py:109} WARNING - /opt/airflow/etls/wikipedia_etl.py:41: FutureWarning: Passing literal html to 'read_html' is deprecated and will be removed in a future version. To read from a literal string, wrap it in a 'StringIO' object.
  df = pd.read_html(html.tostring(table, encoding='unicode'))[0]

[2025-06-08T11:16:25.390+0000] {warnings.py:109} WARNING - /opt/airflow/etls/wikipedia_etl.py:41: FutureWarning: Passing literal html to 'read_html' is deprecated and will be removed in a future version. To read from a literal string, wrap it in a 'StringIO' object.
  df = pd.read_html(html.tostring(table, encoding='unicode'))[0]

[2025-06-08T11:16:25.406+0000] {warnings.py:109} WARNING - /opt/airflow/etls/wikipedia_etl.py:41: FutureWarning: Passing literal html to 'read_html' is deprecated and will be removed in a future version. To read from a literal string, wrap it in a 'StringIO' object.
  df = pd.read_html(html.tostring(table, encoding='unicode'))[0]

[2025-06-08T11:16:25.423+0000] {warnings.py:109} WARNING - /opt/airflow/etls/wikipedia_etl.py:41: FutureWarning: Passing literal html to 'read_html' is deprecated and will be removed in a future version. To read from a literal string, wrap it in a 'StringIO' object.
  df = pd.read_html(html.tostring(table, encoding='unicode'))[0]

[2025-06-08T11:16:25.435+0000] {warnings.py:109} WARNING - /opt/airflow/etls/wikipedia_etl.py:41: FutureWarning: Passing literal html to 'read_html' is deprecated and will be removed in a future version. To read from a literal string, wrap it in a 'StringIO' object.
  df = pd.read_html(html.tostring(table, encoding='unicode'))[0]

[2025-06-08T11:16:30.402+0000] {warnings.py:109} WARNING - /opt/airflow/etls/wikipedia_etl.py:41: FutureWarning: Passing literal html to 'read_html' is deprecated and will be removed in a future version. To read from a literal string, wrap it in a 'StringIO' object.
  df = pd.read_html(html.tostring(table, encoding='unicode'))[0]

[2025-06-08T11:16:30.602+0000] {warnings.py:109} WARNING - /opt/airflow/etls/wikipedia_etl.py:41: FutureWarning: Passing literal html to 'read_html' is deprecated and will be removed in a future version. To read from a literal string, wrap it in a 'StringIO' object.
  df = pd.read_html(html.tostring(table, encoding='unicode'))[0]

[2025-06-08T11:16:30.629+0000] {warnings.py:109} WARNING - /opt/airflow/etls/wikipedia_etl.py:41: FutureWarning: Passing literal html to 'read_html' is deprecated and will be removed in a future version. To read from a literal string, wrap it in a 'StringIO' object.
  df = pd.read_html(html.tostring(table, encoding='unicode'))[0]

[2025-06-08T11:16:30.838+0000] {warnings.py:109} WARNING - /opt/airflow/etls/wikipedia_etl.py:41: FutureWarning: Passing literal html to 'read_html' is deprecated and will be removed in a future version. To read from a literal string, wrap it in a 'StringIO' object.
  df = pd.read_html(html.tostring(table, encoding='unicode'))[0]

[2025-06-08T11:16:30.979+0000] {warnings.py:109} WARNING - /opt/airflow/etls/wikipedia_etl.py:41: FutureWarning: Passing literal html to 'read_html' is deprecated and will be removed in a future version. To read from a literal string, wrap it in a 'StringIO' object.
  df = pd.read_html(html.tostring(table, encoding='unicode'))[0]

[2025-06-08T11:16:34.169+0000] {logging_mixin.py:151} INFO - Extraction complete.
[2025-06-08T11:16:34.842+0000] {logging_mixin.py:151} INFO - Transformation complete. Rows: 243, Columns: 5
[2025-06-08T11:16:34.853+0000] {logging_mixin.py:151} INFO - Final combined DataFrame shape: (243, 5)
[2025-06-08T11:16:34.854+0000] {logging_mixin.py:151} INFO - Data loaded successfully.
[2025-06-08T11:16:34.866+0000] {python.py:194} INFO - Done. Returned value was: None
[2025-06-08T11:16:34.921+0000] {taskinstance.py:1400} INFO - Marking task as SUCCESS. dag_id=etl_wikipedia_pipeline, task_id=wikipedia_extraction, execution_date=20250608T111612, start_date=20250608T111617, end_date=20250608T111634
[2025-06-08T11:16:35.140+0000] {local_task_job_runner.py:228} INFO - Task exited with return code 0
[2025-06-08T11:16:35.178+0000] {taskinstance.py:2778} INFO - 1 downstream tasks scheduled from follow-on schedule check
