[2025-06-08T10:29:50.886+0000] {taskinstance.py:1159} INFO - Dependencies all met for dep_context=non-requeueable deps ti=<TaskInstance: etl_wikipedia_pipeline.wikipedia_extraction manual__2025-06-08T10:29:39.830636+00:00 [queued]>
[2025-06-08T10:29:50.934+0000] {taskinstance.py:1159} INFO - Dependencies all met for dep_context=requeueable deps ti=<TaskInstance: etl_wikipedia_pipeline.wikipedia_extraction manual__2025-06-08T10:29:39.830636+00:00 [queued]>
[2025-06-08T10:29:50.937+0000] {taskinstance.py:1361} INFO - Starting attempt 1 of 1
[2025-06-08T10:29:51.094+0000] {taskinstance.py:1382} INFO - Executing <Task(PythonOperator): wikipedia_extraction> on 2025-06-08 10:29:39.830636+00:00
[2025-06-08T10:29:51.132+0000] {standard_task_runner.py:57} INFO - Started process 38 to run task
[2025-06-08T10:29:51.340+0000] {standard_task_runner.py:84} INFO - Running: ['airflow', 'tasks', 'run', 'etl_wikipedia_pipeline', 'wikipedia_extraction', 'manual__2025-06-08T10:29:39.830636+00:00', '--job-id', '3', '--raw', '--subdir', 'DAGS_FOLDER/wikipedia_dag.py', '--cfg-path', '/tmp/tmp_vy5ao16']
[2025-06-08T10:29:51.342+0000] {standard_task_runner.py:85} INFO - Job 3: Subtask wikipedia_extraction
[2025-06-08T10:29:53.424+0000] {task_command.py:416} INFO - Running <TaskInstance: etl_wikipedia_pipeline.wikipedia_extraction manual__2025-06-08T10:29:39.830636+00:00 [running]> on host c53596a4c7f4
[2025-06-08T10:29:54.563+0000] {taskinstance.py:1662} INFO - Exporting env vars: AIRFLOW_CTX_DAG_OWNER='Krishna Dubey' AIRFLOW_CTX_DAG_ID='etl_wikipedia_pipeline' AIRFLOW_CTX_TASK_ID='wikipedia_extraction' AIRFLOW_CTX_EXECUTION_DATE='2025-06-08T10:29:39.830636+00:00' AIRFLOW_CTX_TRY_NUMBER='1' AIRFLOW_CTX_DAG_RUN_ID='manual__2025-06-08T10:29:39.830636+00:00'
[2025-06-08T10:30:45.111+0000] {warnings.py:109} WARNING - /opt/airflow/etls/wikipedia_etl.py:41: FutureWarning: Passing literal html to 'read_html' is deprecated and will be removed in a future version. To read from a literal string, wrap it in a 'StringIO' object.
  df = pd.read_html(html.tostring(table, encoding='unicode'))[0]

[2025-06-08T10:30:45.931+0000] {warnings.py:109} WARNING - /opt/airflow/etls/wikipedia_etl.py:41: FutureWarning: Passing literal html to 'read_html' is deprecated and will be removed in a future version. To read from a literal string, wrap it in a 'StringIO' object.
  df = pd.read_html(html.tostring(table, encoding='unicode'))[0]

[2025-06-08T10:30:46.152+0000] {warnings.py:109} WARNING - /opt/airflow/etls/wikipedia_etl.py:41: FutureWarning: Passing literal html to 'read_html' is deprecated and will be removed in a future version. To read from a literal string, wrap it in a 'StringIO' object.
  df = pd.read_html(html.tostring(table, encoding='unicode'))[0]

[2025-06-08T10:30:46.163+0000] {warnings.py:109} WARNING - /opt/airflow/etls/wikipedia_etl.py:41: FutureWarning: Passing literal html to 'read_html' is deprecated and will be removed in a future version. To read from a literal string, wrap it in a 'StringIO' object.
  df = pd.read_html(html.tostring(table, encoding='unicode'))[0]

[2025-06-08T10:30:46.253+0000] {warnings.py:109} WARNING - /opt/airflow/etls/wikipedia_etl.py:41: FutureWarning: Passing literal html to 'read_html' is deprecated and will be removed in a future version. To read from a literal string, wrap it in a 'StringIO' object.
  df = pd.read_html(html.tostring(table, encoding='unicode'))[0]

[2025-06-08T10:30:55.120+0000] {warnings.py:109} WARNING - /opt/airflow/etls/wikipedia_etl.py:41: FutureWarning: Passing literal html to 'read_html' is deprecated and will be removed in a future version. To read from a literal string, wrap it in a 'StringIO' object.
  df = pd.read_html(html.tostring(table, encoding='unicode'))[0]

[2025-06-08T10:30:55.222+0000] {warnings.py:109} WARNING - /opt/airflow/etls/wikipedia_etl.py:41: FutureWarning: Passing literal html to 'read_html' is deprecated and will be removed in a future version. To read from a literal string, wrap it in a 'StringIO' object.
  df = pd.read_html(html.tostring(table, encoding='unicode'))[0]

[2025-06-08T10:30:55.467+0000] {warnings.py:109} WARNING - /opt/airflow/etls/wikipedia_etl.py:41: FutureWarning: Passing literal html to 'read_html' is deprecated and will be removed in a future version. To read from a literal string, wrap it in a 'StringIO' object.
  df = pd.read_html(html.tostring(table, encoding='unicode'))[0]

[2025-06-08T10:30:55.476+0000] {warnings.py:109} WARNING - /opt/airflow/etls/wikipedia_etl.py:41: FutureWarning: Passing literal html to 'read_html' is deprecated and will be removed in a future version. To read from a literal string, wrap it in a 'StringIO' object.
  df = pd.read_html(html.tostring(table, encoding='unicode'))[0]

[2025-06-08T10:30:55.594+0000] {warnings.py:109} WARNING - /opt/airflow/etls/wikipedia_etl.py:41: FutureWarning: Passing literal html to 'read_html' is deprecated and will be removed in a future version. To read from a literal string, wrap it in a 'StringIO' object.
  df = pd.read_html(html.tostring(table, encoding='unicode'))[0]

[2025-06-08T10:30:58.709+0000] {logging_mixin.py:151} INFO - Extraction complete.
[2025-06-08T10:30:59.899+0000] {logging_mixin.py:151} INFO - Transformation complete. Rows: 231, Columns: 5
[2025-06-08T10:31:00.202+0000] {logging_mixin.py:151} INFO - Final combined DataFrame shape: (231, 5)
[2025-06-08T10:31:00.203+0000] {logging_mixin.py:151} INFO - Data loaded successfully.
[2025-06-08T10:31:00.204+0000] {python.py:194} INFO - Done. Returned value was: None
[2025-06-08T10:31:00.224+0000] {taskinstance.py:1400} INFO - Marking task as SUCCESS. dag_id=etl_wikipedia_pipeline, task_id=wikipedia_extraction, execution_date=20250608T102939, start_date=20250608T102950, end_date=20250608T103100
[2025-06-08T10:31:00.325+0000] {local_task_job_runner.py:228} INFO - Task exited with return code 0
[2025-06-08T10:31:00.369+0000] {taskinstance.py:2778} INFO - 1 downstream tasks scheduled from follow-on schedule check
