[2025-06-07T17:45:49.480+0000] {taskinstance.py:1159} INFO - Dependencies all met for dep_context=non-requeueable deps ti=<TaskInstance: etl_wikipedia_pipeline.wikipedia_extraction manual__2025-06-07T17:45:40.167634+00:00 [queued]>
[2025-06-07T17:45:49.597+0000] {taskinstance.py:1159} INFO - Dependencies all met for dep_context=requeueable deps ti=<TaskInstance: etl_wikipedia_pipeline.wikipedia_extraction manual__2025-06-07T17:45:40.167634+00:00 [queued]>
[2025-06-07T17:45:49.604+0000] {taskinstance.py:1361} INFO - Starting attempt 1 of 1
[2025-06-07T17:45:49.699+0000] {taskinstance.py:1382} INFO - Executing <Task(PythonOperator): wikipedia_extraction> on 2025-06-07 17:45:40.167634+00:00
[2025-06-07T17:45:49.736+0000] {standard_task_runner.py:57} INFO - Started process 142 to run task
[2025-06-07T17:45:49.778+0000] {standard_task_runner.py:84} INFO - Running: ['airflow', 'tasks', 'run', 'etl_wikipedia_pipeline', 'wikipedia_extraction', 'manual__2025-06-07T17:45:40.167634+00:00', '--job-id', '7', '--raw', '--subdir', 'DAGS_FOLDER/wikipedia_dag.py', '--cfg-path', '/tmp/tmpyumpzxow']
[2025-06-07T17:45:49.782+0000] {standard_task_runner.py:85} INFO - Job 7: Subtask wikipedia_extraction
[2025-06-07T17:45:50.348+0000] {task_command.py:416} INFO - Running <TaskInstance: etl_wikipedia_pipeline.wikipedia_extraction manual__2025-06-07T17:45:40.167634+00:00 [running]> on host 3c7dacd1bb6e
[2025-06-07T17:45:50.704+0000] {taskinstance.py:1662} INFO - Exporting env vars: AIRFLOW_CTX_DAG_OWNER='Krishna Dubey' AIRFLOW_CTX_DAG_ID='etl_wikipedia_pipeline' AIRFLOW_CTX_TASK_ID='wikipedia_extraction' AIRFLOW_CTX_EXECUTION_DATE='2025-06-07T17:45:40.167634+00:00' AIRFLOW_CTX_TRY_NUMBER='1' AIRFLOW_CTX_DAG_RUN_ID='manual__2025-06-07T17:45:40.167634+00:00'
[2025-06-07T17:46:10.989+0000] {warnings.py:109} WARNING - /opt/airflow/etls/wikipedia_etl.py:41: FutureWarning: Passing literal html to 'read_html' is deprecated and will be removed in a future version. To read from a literal string, wrap it in a 'StringIO' object.
  df = pd.read_html(html.tostring(table, encoding='unicode'))[0]

[2025-06-07T17:46:11.265+0000] {warnings.py:109} WARNING - /opt/airflow/etls/wikipedia_etl.py:41: FutureWarning: Passing literal html to 'read_html' is deprecated and will be removed in a future version. To read from a literal string, wrap it in a 'StringIO' object.
  df = pd.read_html(html.tostring(table, encoding='unicode'))[0]

[2025-06-07T17:46:11.313+0000] {warnings.py:109} WARNING - /opt/airflow/etls/wikipedia_etl.py:41: FutureWarning: Passing literal html to 'read_html' is deprecated and will be removed in a future version. To read from a literal string, wrap it in a 'StringIO' object.
  df = pd.read_html(html.tostring(table, encoding='unicode'))[0]

[2025-06-07T17:46:11.326+0000] {warnings.py:109} WARNING - /opt/airflow/etls/wikipedia_etl.py:41: FutureWarning: Passing literal html to 'read_html' is deprecated and will be removed in a future version. To read from a literal string, wrap it in a 'StringIO' object.
  df = pd.read_html(html.tostring(table, encoding='unicode'))[0]

[2025-06-07T17:46:11.366+0000] {warnings.py:109} WARNING - /opt/airflow/etls/wikipedia_etl.py:41: FutureWarning: Passing literal html to 'read_html' is deprecated and will be removed in a future version. To read from a literal string, wrap it in a 'StringIO' object.
  df = pd.read_html(html.tostring(table, encoding='unicode'))[0]

[2025-06-07T17:46:11.429+0000] {warnings.py:109} WARNING - /opt/airflow/etls/wikipedia_etl.py:41: FutureWarning: Passing literal html to 'read_html' is deprecated and will be removed in a future version. To read from a literal string, wrap it in a 'StringIO' object.
  df = pd.read_html(html.tostring(table, encoding='unicode'))[0]

[2025-06-07T17:46:17.319+0000] {taskinstance.py:1149} INFO - Dependencies not met for <TaskInstance: etl_wikipedia_pipeline.wikipedia_extraction manual__2025-06-07T17:45:40.167634+00:00 [running]>, dependency 'Task Instance State' FAILED: Task is in the 'running' state.
[2025-06-07T17:46:17.388+0000] {taskinstance.py:1149} INFO - Dependencies not met for <TaskInstance: etl_wikipedia_pipeline.wikipedia_extraction manual__2025-06-07T17:45:40.167634+00:00 [running]>, dependency 'Task Instance Not Running' FAILED: Task is in the running state
[2025-06-07T17:46:17.391+0000] {local_task_job_runner.py:154} INFO - Task is not able to be run
[2025-06-07T17:46:18.497+0000] {warnings.py:109} WARNING - /opt/airflow/etls/wikipedia_etl.py:41: FutureWarning: Passing literal html to 'read_html' is deprecated and will be removed in a future version. To read from a literal string, wrap it in a 'StringIO' object.
  df = pd.read_html(html.tostring(table, encoding='unicode'))[0]

[2025-06-07T17:46:18.505+0000] {warnings.py:109} WARNING - /opt/airflow/etls/wikipedia_etl.py:41: FutureWarning: Passing literal html to 'read_html' is deprecated and will be removed in a future version. To read from a literal string, wrap it in a 'StringIO' object.
  df = pd.read_html(html.tostring(table, encoding='unicode'))[0]

[2025-06-07T17:46:18.520+0000] {warnings.py:109} WARNING - /opt/airflow/etls/wikipedia_etl.py:41: FutureWarning: Passing literal html to 'read_html' is deprecated and will be removed in a future version. To read from a literal string, wrap it in a 'StringIO' object.
  df = pd.read_html(html.tostring(table, encoding='unicode'))[0]

[2025-06-07T17:46:18.545+0000] {warnings.py:109} WARNING - /opt/airflow/etls/wikipedia_etl.py:41: FutureWarning: Passing literal html to 'read_html' is deprecated and will be removed in a future version. To read from a literal string, wrap it in a 'StringIO' object.
  df = pd.read_html(html.tostring(table, encoding='unicode'))[0]

[2025-06-07T17:46:18.560+0000] {warnings.py:109} WARNING - /opt/airflow/etls/wikipedia_etl.py:41: FutureWarning: Passing literal html to 'read_html' is deprecated and will be removed in a future version. To read from a literal string, wrap it in a 'StringIO' object.
  df = pd.read_html(html.tostring(table, encoding='unicode'))[0]

[2025-06-07T17:46:21.590+0000] {logging_mixin.py:151} INFO - Extraction complete.
[2025-06-07T17:46:22.627+0000] {logging_mixin.py:151} INFO - Transformation complete. Rows: 500, Columns: 5
[2025-06-07T17:46:22.753+0000] {logging_mixin.py:151} INFO - Final combined DataFrame shape: (500, 5)
[2025-06-07T17:46:22.753+0000] {logging_mixin.py:151} INFO - Data loaded successfully.
[2025-06-07T17:46:22.754+0000] {python.py:194} INFO - Done. Returned value was: None
[2025-06-07T17:46:22.769+0000] {taskinstance.py:1400} INFO - Marking task as SUCCESS. dag_id=etl_wikipedia_pipeline, task_id=wikipedia_extraction, execution_date=20250607T174540, start_date=20250607T174549, end_date=20250607T174622
[2025-06-07T17:46:22.837+0000] {local_task_job_runner.py:228} INFO - Task exited with return code 0
[2025-06-07T17:46:22.868+0000] {taskinstance.py:2778} INFO - 1 downstream tasks scheduled from follow-on schedule check
