[2025-06-08T10:31:02.122+0000] {taskinstance.py:1159} INFO - Dependencies all met for dep_context=non-requeueable deps ti=<TaskInstance: etl_wikipedia_pipeline.wikipedia_extraction2 manual__2025-06-08T10:29:39.830636+00:00 [queued]>
[2025-06-08T10:31:02.138+0000] {taskinstance.py:1159} INFO - Dependencies all met for dep_context=requeueable deps ti=<TaskInstance: etl_wikipedia_pipeline.wikipedia_extraction2 manual__2025-06-08T10:29:39.830636+00:00 [queued]>
[2025-06-08T10:31:02.139+0000] {taskinstance.py:1361} INFO - Starting attempt 1 of 1
[2025-06-08T10:31:02.156+0000] {taskinstance.py:1382} INFO - Executing <Task(PythonOperator): wikipedia_extraction2> on 2025-06-08 10:29:39.830636+00:00
[2025-06-08T10:31:02.164+0000] {standard_task_runner.py:57} INFO - Started process 43 to run task
[2025-06-08T10:31:02.169+0000] {standard_task_runner.py:84} INFO - Running: ['airflow', 'tasks', 'run', 'etl_wikipedia_pipeline', 'wikipedia_extraction2', 'manual__2025-06-08T10:29:39.830636+00:00', '--job-id', '4', '--raw', '--subdir', 'DAGS_FOLDER/wikipedia_dag.py', '--cfg-path', '/tmp/tmp786ded11']
[2025-06-08T10:31:02.170+0000] {standard_task_runner.py:85} INFO - Job 4: Subtask wikipedia_extraction2
[2025-06-08T10:31:02.341+0000] {task_command.py:416} INFO - Running <TaskInstance: etl_wikipedia_pipeline.wikipedia_extraction2 manual__2025-06-08T10:29:39.830636+00:00 [running]> on host c53596a4c7f4
[2025-06-08T10:31:02.445+0000] {taskinstance.py:1662} INFO - Exporting env vars: AIRFLOW_CTX_DAG_OWNER='Krishna Dubey' AIRFLOW_CTX_DAG_ID='etl_wikipedia_pipeline' AIRFLOW_CTX_TASK_ID='wikipedia_extraction2' AIRFLOW_CTX_EXECUTION_DATE='2025-06-08T10:29:39.830636+00:00' AIRFLOW_CTX_TRY_NUMBER='1' AIRFLOW_CTX_DAG_RUN_ID='manual__2025-06-08T10:29:39.830636+00:00'
[2025-06-08T10:31:04.645+0000] {logging_mixin.py:151} INFO - Scraping year 2020...
[2025-06-08T10:31:04.646+0000] {wikipedia_etl2.py:108} INFO - Scraping year 2020
[2025-06-08T10:31:09.678+0000] {wikipedia_etl2.py:174} INFO - Successfully scraped: Tanhaji (2020)
[2025-06-08T10:31:11.433+0000] {wikipedia_etl2.py:174} INFO - Successfully scraped: Baaghi 3 (2020)
[2025-06-08T10:31:13.826+0000] {wikipedia_etl2.py:174} INFO - Successfully scraped: Street Dancer 3D (2020)
[2025-06-08T10:31:17.308+0000] {wikipedia_etl2.py:174} INFO - Successfully scraped: Shubh Mangal Zyada Saavdhan (2020)
[2025-06-08T10:31:19.366+0000] {wikipedia_etl2.py:174} INFO - Successfully scraped: Malang (2020)
[2025-06-08T10:31:22.407+0000] {wikipedia_etl2.py:174} INFO - Successfully scraped: Chhapaak (2020)
[2025-06-08T10:31:25.312+0000] {wikipedia_etl2.py:174} INFO - Successfully scraped: Love Aaj Kal (2020)
[2025-06-08T10:31:28.058+0000] {wikipedia_etl2.py:174} INFO - Successfully scraped: Jawaani Jaaneman (2020)
[2025-06-08T10:31:30.238+0000] {wikipedia_etl2.py:174} INFO - Successfully scraped: Thappad (2020)
[2025-06-08T10:31:35.799+0000] {wikipedia_etl2.py:174} INFO - Successfully scraped: Panga (2020)
[2025-06-08T10:31:39.241+0000] {wikipedia_etl2.py:174} INFO - Successfully scraped: Ghost Stories (2020)
[2025-06-08T10:31:41.367+0000] {wikipedia_etl2.py:174} INFO - Successfully scraped: Beautiful (2020)
[2025-06-08T10:31:43.520+0000] {wikipedia_etl2.py:174} INFO - Successfully scraped: Bhangra Paa Le (2020)
[2025-06-08T10:31:45.851+0000] {wikipedia_etl2.py:174} INFO - Successfully scraped: Sab Kushal Mangal (2020)
[2025-06-08T10:31:47.685+0000] {wikipedia_etl2.py:174} INFO - Successfully scraped: Shimla Mirchi (2020)
[2025-06-08T10:31:49.355+0000] {wikipedia_etl2.py:174} INFO - Successfully scraped: Half Widow (2020)
[2025-06-08T10:31:51.185+0000] {wikipedia_etl2.py:174} INFO - Successfully scraped: Chhapaak (2020)
[2025-06-08T10:31:53.938+0000] {wikipedia_etl2.py:174} INFO - Successfully scraped: Tanhaji (2020)
[2025-06-08T10:31:54.576+0000] {wikipedia_etl2.py:65} WARNING - No valid summary found for https://en.wikipedia.org#cite_note-21
[2025-06-08T10:31:56.120+0000] {wikipedia_etl2.py:65} WARNING - No valid summary found for https://en.wikipedia.org#cite_note-21
[2025-06-08T10:31:56.128+0000] {wikipedia_etl2.py:174} INFO - Successfully scraped: [21] (2020)
[2025-06-08T10:31:57.995+0000] {wikipedia_etl2.py:174} INFO - Successfully scraped: Jai Mummy Di (2020)
[2025-06-08T10:31:59.743+0000] {wikipedia_etl2.py:174} INFO - Successfully scraped: Panga (2020)
[2025-06-08T10:32:01.748+0000] {wikipedia_etl2.py:174} INFO - Successfully scraped: Street Dancer 3D (2020)
[2025-06-08T10:32:03.403+0000] {wikipedia_etl2.py:174} INFO - Successfully scraped: Gul Makai (2020)
[2025-06-08T10:32:06.825+0000] {wikipedia_etl2.py:174} INFO - Successfully scraped: Happy Hardy and Heer (2020)
[2025-06-08T10:32:08.750+0000] {wikipedia_etl2.py:174} INFO - Successfully scraped: Jawaani Jaaneman (2020)
[2025-06-08T10:32:10.591+0000] {wikipedia_etl2.py:174} INFO - Successfully scraped: Pagleaazam (2020)
[2025-06-08T10:32:12.397+0000] {wikipedia_etl2.py:174} INFO - Successfully scraped: Operation Parindey (2020)
[2025-06-08T10:32:13.978+0000] {wikipedia_etl2.py:174} INFO - Successfully scraped: Hacked (2020)
[2025-06-08T10:32:17.878+0000] {wikipedia_etl2.py:174} INFO - Successfully scraped: Kaanchli Life in a Slough (2020)
[2025-06-08T10:32:20.388+0000] {wikipedia_etl2.py:174} INFO - Successfully scraped: Malang (2020)
[2025-06-08T10:32:20.390+0000] {wikipedia_etl2.py:174} INFO - Successfully scraped: Yahan Sabhi Gyani Hain (2020) [No link]
[2025-06-08T10:32:22.868+0000] {wikipedia_etl2.py:174} INFO - Successfully scraped: Shikara (2020)
[2025-06-08T10:32:24.353+0000] {wikipedia_etl2.py:65} WARNING - No valid summary found for https://en.wikipedia.org#cite_note-35
[2025-06-08T10:32:25.546+0000] {wikipedia_etl2.py:65} WARNING - No valid summary found for https://en.wikipedia.org#cite_note-35
[2025-06-08T10:32:25.552+0000] {wikipedia_etl2.py:174} INFO - Successfully scraped: [35] (2020)
[2025-06-08T10:32:27.286+0000] {wikipedia_etl2.py:174} INFO - Successfully scraped: Love Aaj Kal (2020)
[2025-06-08T10:32:28.814+0000] {wikipedia_etl2.py:174} INFO - Successfully scraped: Shukranu (2020)
[2025-06-08T10:32:30.950+0000] {wikipedia_etl2.py:174} INFO - Successfully scraped: Bhoot – Part One: The Haunted Ship (2020)
[2025-06-08T10:32:33.329+0000] {wikipedia_etl2.py:174} INFO - Successfully scraped: The Hundred Bucks (2020)
[2025-06-08T10:32:34.995+0000] {wikipedia_etl2.py:174} INFO - Successfully scraped: Shubh Mangal Zyada Saavdhan (2020)
[2025-06-08T10:32:36.578+0000] {wikipedia_etl2.py:174} INFO - Successfully scraped: Yeh Ballet (2020)
[2025-06-08T10:32:38.617+0000] {wikipedia_etl2.py:174} INFO - Successfully scraped: Doordarshan (2020)
[2025-06-08T10:32:41.348+0000] {wikipedia_etl2.py:174} INFO - Successfully scraped: Guns of Banaras (2020)
[2025-06-08T10:32:42.766+0000] {wikipedia_etl2.py:174} INFO - Successfully scraped: Haunted Hills (2020)
[2025-06-08T10:32:44.227+0000] {wikipedia_etl2.py:174} INFO - Successfully scraped: O Pushpa I Hate Tears (2020)
[2025-06-08T10:32:46.303+0000] {wikipedia_etl2.py:174} INFO - Successfully scraped: Thappad (2020)
[2025-06-08T10:32:48.944+0000] {wikipedia_etl2.py:174} INFO - Successfully scraped: Shivin Narang (2020)
[2025-06-08T10:32:50.730+0000] {wikipedia_etl2.py:174} INFO - Successfully scraped: Baaghi 3 (2020)
[2025-06-08T10:32:52.405+0000] {wikipedia_etl2.py:174} INFO - Successfully scraped: Guilty (2020)
[2025-06-08T10:32:54.533+0000] {wikipedia_etl2.py:174} INFO - Successfully scraped: Kaamyaab (2020)
[2025-06-08T10:32:56.140+0000] {wikipedia_etl2.py:174} INFO - Successfully scraped: Angrezi Medium (2020)
[2025-06-08T10:32:57.711+0000] {wikipedia_etl2.py:174} INFO - Successfully scraped: Maska (2020)
[2025-06-08T10:33:01.301+0000] {wikipedia_etl2.py:174} INFO - Successfully scraped: Bamfaad (2020)
[2025-06-08T10:33:03.013+0000] {wikipedia_etl2.py:174} INFO - Successfully scraped: Ateet (2020)
[2025-06-08T10:33:04.414+0000] {wikipedia_etl2.py:174} INFO - Successfully scraped: Mrs. Serial Killer (2020)
[2025-06-08T10:33:06.249+0000] {wikipedia_etl2.py:174} INFO - Successfully scraped: Court Martial (2020)
[2025-06-08T10:33:08.086+0000] {wikipedia_etl2.py:174} INFO - Successfully scraped: What Are the Odds (2020)
[2025-06-08T10:33:09.741+0000] {wikipedia_etl2.py:174} INFO - Successfully scraped: Ghoomketu (2020)
[2025-06-08T10:33:10.360+0000] {wikipedia_etl2.py:65} WARNING - No valid summary found for https://en.wikipedia.org#cite_note-62
[2025-06-08T10:33:11.676+0000] {wikipedia_etl2.py:65} WARNING - No valid summary found for https://en.wikipedia.org#cite_note-62
[2025-06-08T10:33:11.682+0000] {wikipedia_etl2.py:174} INFO - Successfully scraped: [62] (2020)
[2025-06-08T10:33:13.605+0000] {wikipedia_etl2.py:174} INFO - Successfully scraped: Chintu Ka Birthday (2020)
[2025-06-08T10:33:15.344+0000] {wikipedia_etl2.py:174} INFO - Successfully scraped: Choked (2020)
[2025-06-08T10:33:16.761+0000] {wikipedia_etl2.py:174} INFO - Successfully scraped: Axone (2020)
[2025-06-08T10:33:18.418+0000] {wikipedia_etl2.py:174} INFO - Successfully scraped: Gulabo Sitabo (2020)
[2025-06-08T10:33:19.885+0000] {wikipedia_etl2.py:174} INFO - Successfully scraped: Kadakh (2020)
[2025-06-08T10:33:21.648+0000] {wikipedia_etl2.py:174} INFO - Successfully scraped: Chaman Bahaar (2020)
[2025-06-08T10:33:24.331+0000] {wikipedia_etl2.py:174} INFO - Successfully scraped: Bulbbul (2020)
[2025-06-08T10:33:25.904+0000] {wikipedia_etl2.py:174} INFO - Successfully scraped: Bhonsle (2020)
[2025-06-08T10:33:27.776+0000] {wikipedia_etl2.py:174} INFO - Successfully scraped: Kushal Tandon (2020)
[2025-06-08T10:33:30.668+0000] {wikipedia_etl2.py:174} INFO - Successfully scraped: Virgin Bhanupriya (2020)
[2025-06-08T10:33:33.512+0000] {wikipedia_etl2.py:174} INFO - Successfully scraped: Dil Bechara (2020)
[2025-06-08T10:33:35.586+0000] {wikipedia_etl2.py:174} INFO - Successfully scraped: Yaara (2020)
[2025-06-08T10:33:37.270+0000] {wikipedia_etl2.py:174} INFO - Successfully scraped: Shakuntala Devi (2020)
[2025-06-08T10:33:38.769+0000] {wikipedia_etl2.py:174} INFO - Successfully scraped: Lootcase (2020)
[2025-06-08T10:33:40.460+0000] {wikipedia_etl2.py:174} INFO - Successfully scraped: Raat Akeli Hai (2020)
[2025-06-08T10:33:41.877+0000] {wikipedia_etl2.py:174} INFO - Successfully scraped: Pareeksha (2020)
[2025-06-08T10:33:45.059+0000] {wikipedia_etl2.py:174} INFO - Successfully scraped: Gunjan Saxena: The Kargil Girl (2020)
[2025-06-08T10:33:46.635+0000] {wikipedia_etl2.py:174} INFO - Successfully scraped: Khuda Haafiz (2020)
[2025-06-08T10:33:48.253+0000] {wikipedia_etl2.py:174} INFO - Successfully scraped: Namit Das (2020)
[2025-06-08T10:33:49.724+0000] {wikipedia_etl2.py:174} INFO - Successfully scraped: Class of '83 (2020)
[2025-06-08T10:33:51.243+0000] {wikipedia_etl2.py:174} INFO - Successfully scraped: Mee Raqsam (2020)
[2025-06-08T10:33:53.210+0000] {wikipedia_etl2.py:174} INFO - Successfully scraped: Sadak 2 (2020)
[2025-06-08T10:33:54.632+0000] {wikipedia_etl2.py:174} INFO - Successfully scraped: Ram Singh Charlie (2020)
[2025-06-08T10:33:57.264+0000] {wikipedia_etl2.py:174} INFO - Successfully scraped: Atkan Chatkan (2020)
[2025-06-08T10:33:58.758+0000] {wikipedia_etl2.py:174} INFO - Successfully scraped: Cargo (2020)
[2025-06-08T10:34:01.700+0000] {wikipedia_etl2.py:174} INFO - Successfully scraped: Dolly Kitty Aur Woh Chamakte Sitare (2020)
[2025-06-08T10:34:03.390+0000] {wikipedia_etl2.py:174} INFO - Successfully scraped: London Confidential (2020)
[2025-06-08T10:34:05.306+0000] {wikipedia_etl2.py:174} INFO - Successfully scraped: Halahal (2020)
[2025-06-08T10:34:08.271+0000] {wikipedia_etl2.py:174} INFO - Successfully scraped: Khaali Peeli (2020)
[2025-06-08T10:34:09.847+0000] {wikipedia_etl2.py:174} INFO - Successfully scraped: Serious Men (2020)
[2025-06-08T10:34:12.583+0000] {wikipedia_etl2.py:174} INFO - Successfully scraped: Bahut Hua Samman (2020)
[2025-06-08T10:34:15.629+0000] {wikipedia_etl2.py:174} INFO - Successfully scraped: Ginny Weds Sunny (2020)
[2025-06-08T10:34:18.223+0000] {wikipedia_etl2.py:174} INFO - Successfully scraped: The Pickup Artist (2020)
[2025-06-08T10:34:20.061+0000] {wikipedia_etl2.py:174} INFO - Successfully scraped: Comedy Couple (2020)
[2025-06-08T10:34:21.713+0000] {wikipedia_etl2.py:174} INFO - Successfully scraped: Mita Vasisht (2020)
[2025-06-08T10:34:23.474+0000] {wikipedia_etl2.py:174} INFO - Successfully scraped: Taish (2020)
[2025-06-08T10:34:24.794+0000] {wikipedia_etl2.py:174} INFO - Successfully scraped: Kaali Khuhi (2020)
[2025-06-08T10:34:26.416+0000] {wikipedia_etl2.py:174} INFO - Successfully scraped: Pepper Chicken (2020)
[2025-06-08T10:34:28.436+0000] {wikipedia_etl2.py:174} INFO - Successfully scraped: Laxmii (2020)
[2025-06-08T10:34:29.886+0000] {wikipedia_etl2.py:174} INFO - Successfully scraped: Dhira (2020)
[2025-06-08T10:34:31.582+0000] {wikipedia_etl2.py:174} INFO - Successfully scraped: Ludo (2020)
[2025-06-08T10:34:33.173+0000] {wikipedia_etl2.py:174} INFO - Successfully scraped: Chhalaang (2020)
[2025-06-08T10:34:33.175+0000] {wikipedia_etl2.py:174} INFO - Successfully scraped: Namumkin Tere Bin Jeena (2020) [No link]
[2025-06-08T10:34:34.655+0000] {wikipedia_etl2.py:174} INFO - Successfully scraped: Sir (2020)
[2025-06-08T10:34:36.286+0000] {wikipedia_etl2.py:174} INFO - Successfully scraped: Suraj Pe Mangal Bhari (2020)
[2025-06-08T10:34:38.133+0000] {wikipedia_etl2.py:174} INFO - Successfully scraped: Anwar Ka Ajab Kissa (2020)
[2025-06-08T10:34:40.063+0000] {wikipedia_etl2.py:174} INFO - Successfully scraped: It's My Life (2020)
[2025-06-08T10:34:41.486+0000] {wikipedia_etl2.py:174} INFO - Successfully scraped: Darbaan (2020)
[2025-06-08T10:34:43.453+0000] {wikipedia_etl2.py:174} INFO - Successfully scraped: Durgamati (2020)
[2025-06-08T10:34:45.780+0000] {wikipedia_etl2.py:174} INFO - Successfully scraped: Indoo Ki Jawani (2020)
[2025-06-08T10:34:47.799+0000] {wikipedia_etl2.py:174} INFO - Successfully scraped: Nirvana Inn (2020)
[2025-06-08T10:34:50.514+0000] {wikipedia_etl2.py:174} INFO - Successfully scraped: Torbaaz (2020)
[2025-06-08T10:34:53.662+0000] {wikipedia_etl2.py:174} INFO - Successfully scraped: Eeb Allay Ooo! (2020)
[2025-06-08T10:34:55.261+0000] {wikipedia_etl2.py:174} INFO - Successfully scraped: Sayonee (2020)
[2025-06-08T10:34:57.516+0000] {wikipedia_etl2.py:174} INFO - Successfully scraped: Omprakash Zindabad (2020)
[2025-06-08T10:34:58.918+0000] {wikipedia_etl2.py:174} INFO - Successfully scraped: Unpaused (2020)
[2025-06-08T10:35:01.027+0000] {wikipedia_etl2.py:174} INFO - Successfully scraped: AK vs AK (2020)
[2025-06-08T10:35:02.664+0000] {wikipedia_etl2.py:174} INFO - Successfully scraped: Coolie No. 1 (2020)
[2025-06-08T10:35:04.418+0000] {wikipedia_etl2.py:174} INFO - Successfully scraped: Shakeela (2020)
[2025-06-08T10:35:07.423+0000] {logging_mixin.py:151} INFO - Scraping year 2021...
[2025-06-08T10:35:07.424+0000] {wikipedia_etl2.py:108} INFO - Scraping year 2021
[2025-06-08T10:35:09.677+0000] {wikipedia_etl2.py:65} WARNING - No valid summary found for https://en.wikipedia.org/wiki/Sooryavanshi
[2025-06-08T10:35:11.325+0000] {wikipedia_etl2.py:65} WARNING - No valid summary found for https://en.wikipedia.org/wiki/Sooryavanshi
[2025-06-08T10:35:11.332+0000] {wikipedia_etl2.py:174} INFO - Successfully scraped: Sooryavanshi (2021)
[2025-06-08T10:35:14.756+0000] {wikipedia_etl2.py:174} INFO - Successfully scraped: 83 (2021)
[2025-06-08T10:35:16.474+0000] {wikipedia_etl2.py:174} INFO - Successfully scraped: Antim: The Final Truth (2021)
[2025-06-08T10:35:18.132+0000] {wikipedia_etl2.py:174} INFO - Successfully scraped: Bell Bottom (2021)
[2025-06-08T10:35:19.797+0000] {wikipedia_etl2.py:174} INFO - Successfully scraped: Chandigarh Kare Aashiqui (2021)
[2025-06-08T10:35:23.268+0000] {wikipedia_etl2.py:174} INFO - Successfully scraped: Tadap (2021)
[2025-06-08T10:35:24.806+0000] {wikipedia_etl2.py:174} INFO - Successfully scraped: Roohi (2021)
[2025-06-08T10:35:26.555+0000] {wikipedia_etl2.py:174} INFO - Successfully scraped: Mumbai Saga (2021)
[2025-06-08T10:35:28.275+0000] {wikipedia_etl2.py:174} INFO - Successfully scraped: Bunty Aur Babli 2 (2021)
[2025-06-08T10:35:30.267+0000] {wikipedia_etl2.py:174} INFO - Successfully scraped: Radhe (2021)
[2025-06-08T10:35:32.808+0000] {wikipedia_etl2.py:174} INFO - Successfully scraped: Nail Polish (2021)
[2025-06-08T10:35:34.648+0000] {wikipedia_etl2.py:174} INFO - Successfully scraped: Ramprasad Ki Tehrvi (2021)
[2025-06-08T10:35:36.210+0000] {wikipedia_etl2.py:174} INFO - Successfully scraped: Kaagaz (2021)
[2025-06-08T10:35:38.159+0000] {wikipedia_etl2.py:174} INFO - Successfully scraped: 12 'O' Clock (2021)
[2025-06-08T10:35:39.632+0000] {wikipedia_etl2.py:174} INFO - Successfully scraped: The Power (2021)
[2025-06-08T10:35:41.186+0000] {wikipedia_etl2.py:174} INFO - Successfully scraped: Bolo Hau (2021)
[2025-06-08T10:35:43.183+0000] {wikipedia_etl2.py:174} INFO - Successfully scraped: Tribhanga (2021)
[2025-06-08T10:35:44.434+0000] {wikipedia_etl2.py:68} ERROR - Attempt 1 failed for https://en.wikipedia.org/w/index.php?title=Jamun_(film)&action=edit&redlink=1: 404 Client Error: Not Found for url: https://en.wikipedia.org/wiki/Jamun_(film)
[2025-06-08T10:35:46.104+0000] {wikipedia_etl2.py:68} ERROR - Attempt 2 failed for https://en.wikipedia.org/w/index.php?title=Jamun_(film)&action=edit&redlink=1: 404 Client Error: Not Found for url: https://en.wikipedia.org/wiki/Jamun_(film)
[2025-06-08T10:35:48.811+0000] {wikipedia_etl2.py:68} ERROR - Attempt 3 failed for https://en.wikipedia.org/w/index.php?title=Jamun_(film)&action=edit&redlink=1: 404 Client Error: Not Found for url: https://en.wikipedia.org/wiki/Jamun_(film)
[2025-06-08T10:35:49.491+0000] {wikipedia_etl2.py:98} ERROR - Failed to fetch genre for https://en.wikipedia.org/w/index.php?title=Jamun_(film)&action=edit&redlink=1: 404 Client Error: Not Found for url: https://en.wikipedia.org/wiki/Jamun_(film)
[2025-06-08T10:35:49.495+0000] {wikipedia_etl2.py:174} INFO - Successfully scraped: Jamun (2021)
[2025-06-08T10:35:51.159+0000] {wikipedia_etl2.py:174} INFO - Successfully scraped: Madam Chief Minister (2021)
[2025-06-08T10:35:52.927+0000] {wikipedia_etl2.py:174} INFO - Successfully scraped: Shemaroo Entertainment (2021)
[2025-06-08T10:35:54.528+0000] {wikipedia_etl2.py:174} INFO - Successfully scraped: Maassab (2021)
[2025-06-08T10:35:55.930+0000] {wikipedia_etl2.py:174} INFO - Successfully scraped: Main Mulayam Singh Yadav (2021)
[2025-06-08T10:35:55.934+0000] {wikipedia_etl2.py:174} INFO - Successfully scraped: Satya Sai Baba (2021) [No link]
[2025-06-08T10:35:57.453+0000] {wikipedia_etl2.py:174} INFO - Successfully scraped: Lahore Confidential (2021)
[2025-06-08T10:35:58.846+0000] {wikipedia_etl2.py:174} INFO - Successfully scraped: Gehana Vasisth (2021)
[2025-06-08T10:36:00.653+0000] {wikipedia_etl2.py:174} INFO - Successfully scraped: Aahana Kumra (2021)
[2025-06-08T10:36:02.732+0000] {wikipedia_etl2.py:174} INFO - Successfully scraped: Tuesdays and Fridays (2021)
[2025-06-08T10:36:02.734+0000] {wikipedia_etl2.py:174} INFO - Successfully scraped: Tank Cleaner (2021) [No link]
[2025-06-08T10:36:05.270+0000] {wikipedia_etl2.py:174} INFO - Successfully scraped: The Girl on the Train (2021)
[2025-06-08T10:36:07.064+0000] {wikipedia_etl2.py:174} INFO - Successfully scraped: Bombay Rose (2021)
[2025-06-08T10:36:08.722+0000] {wikipedia_etl2.py:174} INFO - Successfully scraped: Roohi (2021)
[2025-06-08T10:36:11.797+0000] {wikipedia_etl2.py:174} INFO - Successfully scraped: Mera Fauji Calling (2021)
[2025-06-08T10:36:13.449+0000] {wikipedia_etl2.py:174} INFO - Successfully scraped: Time to Dance (2021)
[2025-06-08T10:36:14.838+0000] {wikipedia_etl2.py:174} INFO - Successfully scraped: Ahaan (2021)
[2025-06-08T10:36:16.486+0000] {wikipedia_etl2.py:174} INFO - Successfully scraped: Mumbai Saga (2021)
[2025-06-08T10:36:19.977+0000] {wikipedia_etl2.py:174} INFO - Successfully scraped: Sandeep Aur Pinky Faraar (2021)
[2025-06-08T10:36:21.323+0000] {wikipedia_etl2.py:174} INFO - Successfully scraped: The Wife (2021)
[2025-06-08T10:36:23.800+0000] {wikipedia_etl2.py:174} INFO - Successfully scraped: Switchh (2021)
[2025-06-08T10:36:26.029+0000] {wikipedia_etl2.py:174} INFO - Successfully scraped: D Company (2021)
[2025-06-08T10:36:27.974+0000] {wikipedia_etl2.py:174} INFO - Successfully scraped: Pagglait (2021)
[2025-06-08T10:36:29.697+0000] {wikipedia_etl2.py:174} INFO - Successfully scraped: Rajpal Yadav (2021)
[2025-06-08T10:36:31.423+0000] {wikipedia_etl2.py:174} INFO - Successfully scraped: Saina (2021)
[2025-06-08T10:36:32.834+0000] {wikipedia_etl2.py:174} INFO - Successfully scraped: Silence... Can You Hear It? (2021)
[2025-06-08T10:36:35.250+0000] {wikipedia_etl2.py:174} INFO - Successfully scraped: Flight (2021)
[2025-06-08T10:36:36.991+0000] {wikipedia_etl2.py:174} INFO - Successfully scraped: Koi Jaane Na (2021)
[2025-06-08T10:36:39.248+0000] {wikipedia_etl2.py:174} INFO - Successfully scraped: The Big Bull (2021)
[2025-06-08T10:36:40.884+0000] {wikipedia_etl2.py:174} INFO - Successfully scraped: Hello Charlie (2021)
[2025-06-08T10:36:44.948+0000] {wikipedia_etl2.py:174} INFO - Successfully scraped: 99 Songs (2021)
[2025-06-08T10:36:44.951+0000] {wikipedia_etl2.py:174} INFO - Successfully scraped: Aa Bhi Ja O Piya (2021) [No link]
[2025-06-08T10:36:46.443+0000] {wikipedia_etl2.py:174} INFO - Successfully scraped: Ajeeb Daastaans (2021)
[2025-06-08T10:36:47.820+0000] {wikipedia_etl2.py:174} INFO - Successfully scraped: Bansuri: The Flute (2021)
[2025-06-08T10:36:50.250+0000] {wikipedia_etl2.py:174} INFO - Successfully scraped: Raat Baaki Hai (2021)
[2025-06-08T10:36:50.862+0000] {wikipedia_etl2.py:65} WARNING - No valid summary found for https://en.wikipedia.org#cite_note-53
[2025-06-08T10:36:52.281+0000] {wikipedia_etl2.py:65} WARNING - No valid summary found for https://en.wikipedia.org#cite_note-53
[2025-06-08T10:36:52.288+0000] {wikipedia_etl2.py:174} INFO - Successfully scraped: [51] (2021)
[2025-06-08T10:36:54.523+0000] {wikipedia_etl2.py:174} INFO - Successfully scraped: Meel Patthar (2021)
[2025-06-08T10:36:56.189+0000] {wikipedia_etl2.py:174} INFO - Successfully scraped: Hum Bhi Akele Tum Bhi Akele (2021)
[2025-06-08T10:36:58.351+0000] {wikipedia_etl2.py:174} INFO - Successfully scraped: Radhe (2021)
[2025-06-08T10:37:00.330+0000] {wikipedia_etl2.py:174} INFO - Successfully scraped: Sardar Ka Grandson (2021)
[2025-06-08T10:37:02.969+0000] {wikipedia_etl2.py:174} INFO - Successfully scraped: Shaadisthan (2021)
[2025-06-08T10:37:04.769+0000] {wikipedia_etl2.py:174} INFO - Successfully scraped: Skater Girl (2021)
[2025-06-08T10:37:08.154+0000] {wikipedia_etl2.py:174} INFO - Successfully scraped: Sherni (2021)
[2025-06-08T10:37:10.721+0000] {wikipedia_etl2.py:174} INFO - Successfully scraped: Haseen Dillruba (2021)
[2025-06-08T10:37:12.759+0000] {wikipedia_etl2.py:174} INFO - Successfully scraped: Collar Bomb (2021)
[2025-06-08T10:37:14.168+0000] {wikipedia_etl2.py:174} INFO - Successfully scraped: State of Siege: Temple Attack (2021)
[2025-06-08T10:37:15.642+0000] {wikipedia_etl2.py:174} INFO - Successfully scraped: Toofaan (2021)
[2025-06-08T10:37:17.530+0000] {wikipedia_etl2.py:174} INFO - Successfully scraped: 14 Phere (2021)
[2025-06-08T10:37:20.154+0000] {wikipedia_etl2.py:174} INFO - Successfully scraped: Hungama 2 (2021)
[2025-06-08T10:37:22.126+0000] {wikipedia_etl2.py:174} INFO - Successfully scraped: Mimi (2021)
[2025-06-08T10:37:23.795+0000] {wikipedia_etl2.py:174} INFO - Successfully scraped: Dial 100 (2021)
[2025-06-08T10:37:23.798+0000] {wikipedia_etl2.py:174} INFO - Successfully scraped: Oye Mamu (2021) [No link]
[2025-06-08T10:37:25.921+0000] {wikipedia_etl2.py:174} INFO - Successfully scraped: Shershaah (2021)
[2025-06-08T10:37:28.955+0000] {wikipedia_etl2.py:174} INFO - Successfully scraped: Bhuj: The Pride of India (2021)
[2025-06-08T10:37:30.676+0000] {wikipedia_etl2.py:174} INFO - Successfully scraped: Bell Bottom (2021)
[2025-06-08T10:37:33.474+0000] {wikipedia_etl2.py:174} INFO - Successfully scraped: 200 – Halla Ho (2021)
[2025-06-08T10:37:36.376+0000] {wikipedia_etl2.py:174} INFO - Successfully scraped: Chehre (2021)
[2025-06-08T10:37:38.571+0000] {wikipedia_etl2.py:174} INFO - Successfully scraped: Helmet (2021)
[2025-06-08T10:37:40.798+0000] {wikipedia_etl2.py:174} INFO - Successfully scraped: Faactory (2021)
[2025-06-08T10:37:43.690+0000] {wikipedia_etl2.py:174} INFO - Successfully scraped: Bhoot Police (2021)
[2025-06-08T10:37:45.712+0000] {wikipedia_etl2.py:174} INFO - Successfully scraped: Kya Meri Sonam Gupta Bewafa Hai? (2021)
[2025-06-08T10:37:48.196+0000] {wikipedia_etl2.py:174} INFO - Successfully scraped: Thalaivii (2021)
[2025-06-08T10:37:50.662+0000] {wikipedia_etl2.py:174} INFO - Successfully scraped: Urf Ghanta (2021)
[2025-06-08T10:37:52.315+0000] {wikipedia_etl2.py:174} INFO - Successfully scraped: Ankahi Kahaniya (2021)
[2025-06-08T10:37:54.752+0000] {wikipedia_etl2.py:174} INFO - Successfully scraped: Haathi Mere Saathi (2021)
[2025-06-08T10:37:57.431+0000] {wikipedia_etl2.py:174} INFO - Successfully scraped: Shiddat (2021)
[2025-06-08T10:38:00.385+0000] {wikipedia_etl2.py:174} INFO - Successfully scraped: Sumeru (2021)
[2025-06-08T10:38:03.188+0000] {wikipedia_etl2.py:174} INFO - Successfully scraped: Rashmi Rocket (2021)
[2025-06-08T10:38:07.297+0000] {wikipedia_etl2.py:174} INFO - Successfully scraped: Sanak (2021)
[2025-06-08T10:38:10.101+0000] {wikipedia_etl2.py:174} INFO - Successfully scraped: Sardar Udham (2021)
[2025-06-08T10:38:12.792+0000] {wikipedia_etl2.py:174} INFO - Successfully scraped: Bhavai (2021)
[2025-06-08T10:38:14.808+0000] {wikipedia_etl2.py:174} INFO - Successfully scraped: Babloo Bachelor (2021)
[2025-06-08T10:38:17.170+0000] {wikipedia_etl2.py:174} INFO - Successfully scraped: Aafat-E-Ishq (2021)
[2025-06-08T10:38:19.322+0000] {wikipedia_etl2.py:174} INFO - Successfully scraped: Adhyayan Suman (2021)
[2025-06-08T10:38:21.781+0000] {wikipedia_etl2.py:174} INFO - Successfully scraped: Dybbuk (2021)
[2025-06-08T10:38:24.899+0000] {wikipedia_etl2.py:174} INFO - Successfully scraped: Hum Do Hamare Do (2021)
[2025-06-08T10:38:27.513+0000] {wikipedia_etl2.py:174} INFO - Successfully scraped: Meenakshi Sundareshwar (2021)
[2025-06-08T10:38:28.292+0000] {wikipedia_etl2.py:65} WARNING - No valid summary found for https://en.wikipedia.org/wiki/Sooryavanshi
[2025-06-08T10:38:29.737+0000] {wikipedia_etl2.py:65} WARNING - No valid summary found for https://en.wikipedia.org/wiki/Sooryavanshi
[2025-06-08T10:38:29.746+0000] {wikipedia_etl2.py:174} INFO - Successfully scraped: Sooryavanshi (2021)
[2025-06-08T10:38:31.896+0000] {wikipedia_etl2.py:174} INFO - Successfully scraped: Squad (2021)
[2025-06-08T10:38:33.523+0000] {wikipedia_etl2.py:174} INFO - Successfully scraped: Bunty Aur Babli 2 (2021)
[2025-06-08T10:38:35.908+0000] {wikipedia_etl2.py:174} INFO - Successfully scraped: Dhamaka (2021)
[2025-06-08T10:38:37.607+0000] {wikipedia_etl2.py:174} INFO - Successfully scraped: Amol Parashar (2021)
[2025-06-08T10:38:37.610+0000] {wikipedia_etl2.py:174} INFO - Successfully scraped: Ye Mard Bechara (2021) [No link]
[2025-06-08T10:38:39.642+0000] {wikipedia_etl2.py:174} INFO - Successfully scraped: Satyameva Jayate 2 (2021)
[2025-06-08T10:38:41.489+0000] {wikipedia_etl2.py:174} INFO - Successfully scraped: Antim: The Final Truth (2021)
[2025-06-08T10:38:43.002+0000] {wikipedia_etl2.py:174} INFO - Successfully scraped: Chhorii (2021)
[2025-06-08T10:38:44.537+0000] {wikipedia_etl2.py:174} INFO - Successfully scraped: Tadap (2021)
[2025-06-08T10:38:46.324+0000] {wikipedia_etl2.py:174} INFO - Successfully scraped: Bob Biswas (2021)
[2025-06-08T10:38:47.958+0000] {wikipedia_etl2.py:174} INFO - Successfully scraped: Chandigarh Kare Aashiqui (2021)
[2025-06-08T10:38:51.063+0000] {wikipedia_etl2.py:174} INFO - Successfully scraped: Velle (2021)
[2025-06-08T10:38:53.797+0000] {wikipedia_etl2.py:174} INFO - Successfully scraped: Code Name Abdul (2021)
[2025-06-08T10:38:56.131+0000] {wikipedia_etl2.py:174} INFO - Successfully scraped: 420 IPC (2021)
[2025-06-08T10:39:00.157+0000] {wikipedia_etl2.py:174} INFO - Successfully scraped: 83 (2021)
[2025-06-08T10:39:02.707+0000] {wikipedia_etl2.py:174} INFO - Successfully scraped: Atrangi Re (2021)
[2025-06-08T10:39:05.243+0000] {wikipedia_etl2.py:174} INFO - Successfully scraped: Murder at Teesri Manzil 302 (2021)
[2025-06-08T10:39:07.898+0000] {wikipedia_etl2.py:174} INFO - Successfully scraped: Waah Zindagi (2021)
[2025-06-08T10:39:10.934+0000] {logging_mixin.py:151} INFO - ✅ All movie summaries and genres saved to /opt/airflow/data/processed/genre_combined_hindi_films.csv
[2025-06-08T10:39:10.947+0000] {python.py:194} INFO - Done. Returned value was: None
[2025-06-08T10:39:10.980+0000] {taskinstance.py:1400} INFO - Marking task as SUCCESS. dag_id=etl_wikipedia_pipeline, task_id=wikipedia_extraction2, execution_date=20250608T102939, start_date=20250608T103102, end_date=20250608T103910
[2025-06-08T10:39:11.082+0000] {local_task_job_runner.py:228} INFO - Task exited with return code 0
[2025-06-08T10:39:11.277+0000] {taskinstance.py:2778} INFO - 0 downstream tasks scheduled from follow-on schedule check
