[2025-06-08T11:26:25.641+0000] {taskinstance.py:1159} INFO - Dependencies all met for dep_context=non-requeueable deps ti=<TaskInstance: etl_wikipedia_pipeline.run_pentaho_transformation manual__2025-06-08T11:16:12.216444+00:00 [queued]>
[2025-06-08T11:26:25.656+0000] {taskinstance.py:1159} INFO - Dependencies all met for dep_context=requeueable deps ti=<TaskInstance: etl_wikipedia_pipeline.run_pentaho_transformation manual__2025-06-08T11:16:12.216444+00:00 [queued]>
[2025-06-08T11:26:25.657+0000] {taskinstance.py:1361} INFO - Starting attempt 1 of 1
[2025-06-08T11:26:25.674+0000] {taskinstance.py:1382} INFO - Executing <Task(PythonOperator): run_pentaho_transformation> on 2025-06-08 11:16:12.216444+00:00
[2025-06-08T11:26:25.684+0000] {standard_task_runner.py:57} INFO - Started process 150 to run task
[2025-06-08T11:26:25.689+0000] {standard_task_runner.py:84} INFO - Running: ['airflow', 'tasks', 'run', 'etl_wikipedia_pipeline', 'run_pentaho_transformation', 'manual__2025-06-08T11:16:12.216444+00:00', '--job-id', '12', '--raw', '--subdir', 'DAGS_FOLDER/wikipedia_dag.py', '--cfg-path', '/tmp/tmpnqv6xnrc']
[2025-06-08T11:26:25.691+0000] {standard_task_runner.py:85} INFO - Job 12: Subtask run_pentaho_transformation
[2025-06-08T11:26:25.774+0000] {task_command.py:416} INFO - Running <TaskInstance: etl_wikipedia_pipeline.run_pentaho_transformation manual__2025-06-08T11:16:12.216444+00:00 [running]> on host c53596a4c7f4
[2025-06-08T11:26:25.882+0000] {taskinstance.py:1662} INFO - Exporting env vars: AIRFLOW_CTX_DAG_OWNER='airflow' AIRFLOW_CTX_DAG_ID='etl_wikipedia_pipeline' AIRFLOW_CTX_TASK_ID='run_pentaho_transformation' AIRFLOW_CTX_EXECUTION_DATE='2025-06-08T11:16:12.216444+00:00' AIRFLOW_CTX_TRY_NUMBER='1' AIRFLOW_CTX_DAG_RUN_ID='manual__2025-06-08T11:16:12.216444+00:00'
[2025-06-08T11:27:48.387+0000] {logging_mixin.py:151} INFO - STDOUT:
[2025-06-08T11:27:48.388+0000] {logging_mixin.py:151} INFO -  #######################################################################
WARNING:  no libwebkitgtk-1.0 detected, some features will be unavailable
    Consider installing the package with apt-get or yum.
    e.g. 'sudo apt-get install libwebkitgtk-1.0-0'
#######################################################################
2025-06-08 11:27:11.520 - Pan - Start of run.
2025-06-08 11:27:13.126 - Transformation1Movies - Dispatching started for transformation [Transformation1Movies]
2025-06-08 11:27:13.368 - Carte - Installing timer to purge stale objects after 1440 minutes.
2025-06-08 11:27:16.623 - Table output.0 - Connected to database [Snowflake_Conn] (commit=1000)
2025-06-08 11:27:44.225 - Table input.0 - Finished reading query, closing connection
2025-06-08 11:27:44.232 - Filter rows.0 - Finished processing (I=0, O=0, R=1657, W=1411, U=0, E=0)
2025-06-08 11:27:44.246 - Sort rows.0 - Finished processing (I=0, O=0, R=1411, W=1411, U=0, E=0)
2025-06-08 11:27:44.260 - Unique rows.0 - Finished processing (I=0, O=0, R=1411, W=1314, U=0, E=0)
2025-06-08 11:27:44.325 - User defined Java class.0 - Finished processing (I=0, O=0, R=1314, W=1314, U=0, E=0)
2025-06-08 11:27:44.354 - Table input.0 - Finished processing (I=1657, O=0, R=0, W=1657, U=0, E=0)
2025-06-08 11:27:48.006 - Table output.0 - Finished processing (I=0, O=1314, R=1314, W=1314, U=0, E=0)
2025-06-08 11:27:48.029 - Pan - Finished!
2025-06-08 11:27:48.030 - Pan - Start=2025/06/08 11:27:13.103, Stop=2025/06/08 11:27:48.029
2025-06-08 11:27:48.030 - Pan - Processing ended after 34 seconds.
2025-06-08 11:27:48.030 - Transformation1Movies -  
2025-06-08 11:27:48.032 - Transformation1Movies - Step Table input.0 ended successfully, processed 1657 lines. ( 48 lines/s)
2025-06-08 11:27:48.032 - Transformation1Movies - Step Filter rows.0 ended successfully, processed 1657 lines. ( 48 lines/s)
2025-06-08 11:27:48.033 - Transformation1Movies - Step Sort rows.0 ended successfully, processed 1411 lines. ( 41 lines/s)
2025-06-08 11:27:48.034 - Transformation1Movies - Step Unique rows.0 ended successfully, processed 1411 lines. ( 41 lines/s)
2025-06-08 11:27:48.036 - Transformation1Movies - Step User defined Java class.0 ended successfully, processed 1314 lines. ( 38 lines/s)
2025-06-08 11:27:48.037 - Transformation1Movies - Step Table output.0 ended successfully, processed 1314 lines. ( 38 lines/s)
[2025-06-08T11:27:48.389+0000] {logging_mixin.py:151} INFO - STDERR:
[2025-06-08T11:27:48.389+0000] {logging_mixin.py:151} INFO -  
[2025-06-08T11:27:48.390+0000] {python.py:194} INFO - Done. Returned value was: None
[2025-06-08T11:27:48.410+0000] {taskinstance.py:1400} INFO - Marking task as SUCCESS. dag_id=etl_wikipedia_pipeline, task_id=run_pentaho_transformation, execution_date=20250608T111612, start_date=20250608T112625, end_date=20250608T112748
[2025-06-08T11:27:48.471+0000] {local_task_job_runner.py:228} INFO - Task exited with return code 0
[2025-06-08T11:27:48.493+0000] {taskinstance.py:2778} INFO - 0 downstream tasks scheduled from follow-on schedule check
