[2025-06-08T10:41:50.892+0000] {taskinstance.py:1159} INFO - Dependencies all met for dep_context=non-requeueable deps ti=<TaskInstance: etl_wikipedia_pipeline.run_pentaho_transformation manual__2025-06-08T10:29:39.830636+00:00 [queued]>
[2025-06-08T10:41:50.911+0000] {taskinstance.py:1159} INFO - Dependencies all met for dep_context=requeueable deps ti=<TaskInstance: etl_wikipedia_pipeline.run_pentaho_transformation manual__2025-06-08T10:29:39.830636+00:00 [queued]>
[2025-06-08T10:41:50.912+0000] {taskinstance.py:1361} INFO - Starting attempt 1 of 1
[2025-06-08T10:41:50.942+0000] {taskinstance.py:1382} INFO - Executing <Task(PythonOperator): run_pentaho_transformation> on 2025-06-08 10:29:39.830636+00:00
[2025-06-08T10:41:50.957+0000] {standard_task_runner.py:57} INFO - Started process 52 to run task
[2025-06-08T10:41:50.962+0000] {standard_task_runner.py:84} INFO - Running: ['airflow', 'tasks', 'run', 'etl_wikipedia_pipeline', 'run_pentaho_transformation', 'manual__2025-06-08T10:29:39.830636+00:00', '--job-id', '7', '--raw', '--subdir', 'DAGS_FOLDER/wikipedia_dag.py', '--cfg-path', '/tmp/tmpcv8e8ga5']
[2025-06-08T10:41:50.967+0000] {standard_task_runner.py:85} INFO - Job 7: Subtask run_pentaho_transformation
[2025-06-08T10:41:51.205+0000] {task_command.py:416} INFO - Running <TaskInstance: etl_wikipedia_pipeline.run_pentaho_transformation manual__2025-06-08T10:29:39.830636+00:00 [running]> on host c53596a4c7f4
[2025-06-08T10:41:51.359+0000] {taskinstance.py:1662} INFO - Exporting env vars: AIRFLOW_CTX_DAG_OWNER='airflow' AIRFLOW_CTX_DAG_ID='etl_wikipedia_pipeline' AIRFLOW_CTX_TASK_ID='run_pentaho_transformation' AIRFLOW_CTX_EXECUTION_DATE='2025-06-08T10:29:39.830636+00:00' AIRFLOW_CTX_TRY_NUMBER='1' AIRFLOW_CTX_DAG_RUN_ID='manual__2025-06-08T10:29:39.830636+00:00'
[2025-06-08T10:45:30.577+0000] {logging_mixin.py:151} INFO - STDOUT:
[2025-06-08T10:45:30.578+0000] {logging_mixin.py:151} INFO -  #######################################################################
WARNING:  no libwebkitgtk-1.0 detected, some features will be unavailable
    Consider installing the package with apt-get or yum.
    e.g. 'sudo apt-get install libwebkitgtk-1.0-0'
#######################################################################
2025-06-08 10:44:39.845 - Pan - Start of run.
2025-06-08 10:44:48.380 - Transformation1Movies - Dispatching started for transformation [Transformation1Movies]
2025-06-08 10:44:49.741 - Carte - Installing timer to purge stale objects after 1440 minutes.
2025-06-08 10:44:53.826 - Table output.0 - Connected to database [Snowflake_Conn] (commit=1000)
2025-06-08 10:45:26.345 - Table input.0 - Finished reading query, closing connection
2025-06-08 10:45:26.348 - Filter rows.0 - Finished processing (I=0, O=0, R=1374, W=1178, U=0, E=0)
2025-06-08 10:45:26.363 - Sort rows.0 - Finished processing (I=0, O=0, R=1178, W=1178, U=0, E=0)
2025-06-08 10:45:26.378 - Unique rows.0 - Finished processing (I=0, O=0, R=1178, W=1101, U=0, E=0)
2025-06-08 10:45:26.411 - User defined Java class.0 - Finished processing (I=0, O=0, R=1101, W=1101, U=0, E=0)
2025-06-08 10:45:26.479 - Table input.0 - Finished processing (I=1374, O=0, R=0, W=1374, U=0, E=0)
2025-06-08 10:45:30.291 - Table output.0 - Finished processing (I=0, O=1101, R=1101, W=1101, U=0, E=0)
2025-06-08 10:45:30.308 - Pan - Finished!
2025-06-08 10:45:30.308 - Pan - Start=2025/06/08 10:44:48.238, Stop=2025/06/08 10:45:30.308
2025-06-08 10:45:30.309 - Pan - Processing ended after 42 seconds.
2025-06-08 10:45:30.309 - Transformation1Movies -  
2025-06-08 10:45:30.311 - Transformation1Movies - Step Table input.0 ended successfully, processed 1374 lines. ( 32 lines/s)
2025-06-08 10:45:30.312 - Transformation1Movies - Step Filter rows.0 ended successfully, processed 1374 lines. ( 32 lines/s)
2025-06-08 10:45:30.313 - Transformation1Movies - Step Sort rows.0 ended successfully, processed 1178 lines. ( 28 lines/s)
2025-06-08 10:45:30.318 - Transformation1Movies - Step Unique rows.0 ended successfully, processed 1178 lines. ( 28 lines/s)
2025-06-08 10:45:30.319 - Transformation1Movies - Step User defined Java class.0 ended successfully, processed 1101 lines. ( 26 lines/s)
2025-06-08 10:45:30.320 - Transformation1Movies - Step Table output.0 ended successfully, processed 1101 lines. ( 26 lines/s)
[2025-06-08T10:45:30.579+0000] {logging_mixin.py:151} INFO - STDERR:
[2025-06-08T10:45:30.580+0000] {logging_mixin.py:151} INFO -  
[2025-06-08T10:45:30.581+0000] {python.py:194} INFO - Done. Returned value was: None
[2025-06-08T10:45:30.605+0000] {taskinstance.py:1400} INFO - Marking task as SUCCESS. dag_id=etl_wikipedia_pipeline, task_id=run_pentaho_transformation, execution_date=20250608T102939, start_date=20250608T104150, end_date=20250608T104530
[2025-06-08T10:45:30.638+0000] {local_task_job_runner.py:228} INFO - Task exited with return code 0
[2025-06-08T10:45:30.669+0000] {taskinstance.py:2778} INFO - 0 downstream tasks scheduled from follow-on schedule check
