[2025-06-07T17:46:24.436+0000] {taskinstance.py:1159} INFO - Dependencies all met for dep_context=non-requeueable deps ti=<TaskInstance: etl_wikipedia_pipeline.wikipedia_extraction2 manual__2025-06-07T17:45:40.167634+00:00 [queued]>
[2025-06-07T17:46:25.001+0000] {taskinstance.py:1159} INFO - Dependencies all met for dep_context=requeueable deps ti=<TaskInstance: etl_wikipedia_pipeline.wikipedia_extraction2 manual__2025-06-07T17:45:40.167634+00:00 [queued]>
[2025-06-07T17:46:25.260+0000] {taskinstance.py:1361} INFO - Starting attempt 1 of 1
[2025-06-07T17:46:25.286+0000] {taskinstance.py:1382} INFO - Executing <Task(PythonOperator): wikipedia_extraction2> on 2025-06-07 17:45:40.167634+00:00
[2025-06-07T17:46:25.293+0000] {standard_task_runner.py:57} INFO - Started process 146 to run task
[2025-06-07T17:46:25.299+0000] {standard_task_runner.py:84} INFO - Running: ['airflow', 'tasks', 'run', 'etl_wikipedia_pipeline', 'wikipedia_extraction2', 'manual__2025-06-07T17:45:40.167634+00:00', '--job-id', '9', '--raw', '--subdir', 'DAGS_FOLDER/wikipedia_dag.py', '--cfg-path', '/tmp/tmpd_jc57nz']
[2025-06-07T17:46:25.301+0000] {standard_task_runner.py:85} INFO - Job 9: Subtask wikipedia_extraction2
[2025-06-07T17:46:25.386+0000] {task_command.py:416} INFO - Running <TaskInstance: etl_wikipedia_pipeline.wikipedia_extraction2 manual__2025-06-07T17:45:40.167634+00:00 [running]> on host 3c7dacd1bb6e
[2025-06-07T17:46:25.483+0000] {taskinstance.py:1662} INFO - Exporting env vars: AIRFLOW_CTX_DAG_OWNER='Krishna Dubey' AIRFLOW_CTX_DAG_ID='etl_wikipedia_pipeline' AIRFLOW_CTX_TASK_ID='wikipedia_extraction2' AIRFLOW_CTX_EXECUTION_DATE='2025-06-07T17:45:40.167634+00:00' AIRFLOW_CTX_TRY_NUMBER='1' AIRFLOW_CTX_DAG_RUN_ID='manual__2025-06-07T17:45:40.167634+00:00'
[2025-06-07T17:46:27.493+0000] {logging_mixin.py:151} INFO - Scraping year 2022...
[2025-06-07T17:46:27.494+0000] {wikipedia_etl2.py:108} INFO - Scraping year 2022
[2025-06-07T17:46:33.755+0000] {wikipedia_etl2.py:174} INFO - Successfully scraped: Brahmāstra: Part One – Shiva (2022)
[2025-06-07T17:46:38.577+0000] {wikipedia_etl2.py:174} INFO - Successfully scraped: Drishyam 2 (2022)
[2025-06-07T17:46:48.873+0000] {wikipedia_etl2.py:68} ERROR - Attempt 1 failed for https://en.wikipedia.org/wiki/The_Kashmir_Files: HTTPSConnectionPool(host='en.wikipedia.org', port=443): Max retries exceeded with url: /wiki/The_Kashmir_Files (Caused by NewConnectionError('<urllib3.connection.HTTPSConnection object at 0x7f58d1905be0>: Failed to establish a new connection: [Errno -3] Temporary failure in name resolution'))
[2025-06-07T17:46:50.967+0000] {wikipedia_etl2.py:174} INFO - Successfully scraped: The Kashmir Files (2022)
[2025-06-07T17:46:53.214+0000] {wikipedia_etl2.py:174} INFO - Successfully scraped: Bhool Bhulaiyaa 2 (2022)
[2025-06-07T17:46:55.548+0000] {wikipedia_etl2.py:174} INFO - Successfully scraped: Gangubai Kathiawadi (2022)
[2025-06-07T17:46:57.519+0000] {wikipedia_etl2.py:174} INFO - Successfully scraped: Radhe Shyam (2022)
[2025-06-07T17:46:59.515+0000] {wikipedia_etl2.py:174} INFO - Successfully scraped: Jugjugg Jeeyo (2022)
[2025-06-07T17:47:01.752+0000] {wikipedia_etl2.py:174} INFO - Successfully scraped: Vikram Vedha (2022)
[2025-06-07T17:47:04.351+0000] {wikipedia_etl2.py:174} INFO - Successfully scraped: Laal Singh Chaddha (2022)
[2025-06-07T17:47:06.590+0000] {wikipedia_etl2.py:174} INFO - Successfully scraped: Ram Setu (2022)
[2025-06-07T17:47:09.848+0000] {wikipedia_etl2.py:174} INFO - Successfully scraped: 36 Farmhouse (2022)
[2025-06-07T17:47:12.379+0000] {wikipedia_etl2.py:174} INFO - Successfully scraped: Hai Tujhe Salaam India (2022)
[2025-06-07T17:47:13.945+0000] {wikipedia_etl2.py:174} INFO - Successfully scraped: Looop Lapeta (2022)
[2025-06-07T17:47:15.746+0000] {wikipedia_etl2.py:174} INFO - Successfully scraped: Gehraiyaan (2022)
[2025-06-07T17:47:17.480+0000] {wikipedia_etl2.py:174} INFO - Successfully scraped: Badhaai Do (2022)
[2025-06-07T17:47:19.062+0000] {wikipedia_etl2.py:174} INFO - Successfully scraped: A Thursday (2022)
[2025-06-07T17:47:21.508+0000] {wikipedia_etl2.py:174} INFO - Successfully scraped: Gangubai Kathiawadi (2022)
[2025-06-07T17:47:23.127+0000] {wikipedia_etl2.py:174} INFO - Successfully scraped: Love Hostel (2022)
[2025-06-07T17:47:25.154+0000] {wikipedia_etl2.py:174} INFO - Successfully scraped: Jhund (2022)
[2025-06-07T17:47:26.483+0000] {wikipedia_etl2.py:174} INFO - Successfully scraped: Toolsidas Junior (2022)
[2025-06-07T17:47:28.868+0000] {wikipedia_etl2.py:174} INFO - Successfully scraped: Radhe Shyam (2022)
[2025-06-07T17:47:31.493+0000] {wikipedia_etl2.py:174} INFO - Successfully scraped: The Kashmir Files (2022)
[2025-06-07T17:47:33.158+0000] {wikipedia_etl2.py:174} INFO - Successfully scraped: Bachchhan Paandey (2022)
[2025-06-07T17:47:35.525+0000] {wikipedia_etl2.py:174} INFO - Successfully scraped: Jalsa (2022)
[2025-06-07T17:47:38.041+0000] {wikipedia_etl2.py:174} INFO - Successfully scraped: Sharmaji Namkeen (2022)
[2025-06-07T17:47:40.918+0000] {wikipedia_etl2.py:174} INFO - Successfully scraped: Attack: Part 1 (2022)
[2025-06-07T17:47:42.681+0000] {wikipedia_etl2.py:174} INFO - Successfully scraped: Kaun Pravin Tambe? (2022)
[2025-06-07T17:47:44.226+0000] {wikipedia_etl2.py:174} INFO - Successfully scraped: Cobalt Blue (2022)
[2025-06-07T17:47:46.170+0000] {wikipedia_etl2.py:174} INFO - Successfully scraped: Dasvi (2022)
[2025-06-07T17:47:47.575+0000] {wikipedia_etl2.py:174} INFO - Successfully scraped: Hurdang (2022)
[2025-06-07T17:47:49.389+0000] {wikipedia_etl2.py:174} INFO - Successfully scraped: Jersey (2022)
[2025-06-07T17:47:51.030+0000] {wikipedia_etl2.py:174} INFO - Successfully scraped: Operation Romeo (2022)
[2025-06-07T17:47:52.879+0000] {wikipedia_etl2.py:174} INFO - Successfully scraped: Runway 34 (2022)
[2025-06-07T17:47:54.542+0000] {wikipedia_etl2.py:174} INFO - Successfully scraped: Heropanti 2 (2022)
[2025-06-07T17:47:57.510+0000] {wikipedia_etl2.py:174} INFO - Successfully scraped: Mere Desh Ki Dharti (2022)
[2025-06-07T17:47:59.435+0000] {wikipedia_etl2.py:174} INFO - Successfully scraped: Thar (2022)
[2025-06-07T17:48:01.875+0000] {wikipedia_etl2.py:174} INFO - Successfully scraped: Jayeshbhai Jordaar (2022)
[2025-06-07T17:48:04.816+0000] {wikipedia_etl2.py:174} INFO - Successfully scraped: Bhool Bhulaiyaa 2 (2022)
[2025-06-07T17:48:07.781+0000] {wikipedia_etl2.py:174} INFO - Successfully scraped: Dhaakad (2022)
[2025-06-07T17:48:10.722+0000] {wikipedia_etl2.py:174} INFO - Successfully scraped: Anek (2022)
[2025-06-07T17:48:12.624+0000] {wikipedia_etl2.py:174} INFO - Successfully scraped: Love In Ukraine (2022)
[2025-06-07T17:48:14.511+0000] {wikipedia_etl2.py:174} INFO - Successfully scraped: Dehati Disco (2022)
[2025-06-07T17:48:16.356+0000] {wikipedia_etl2.py:174} INFO - Successfully scraped: Haemolymph (2022)
[2025-06-07T17:48:19.413+0000] {wikipedia_etl2.py:174} INFO - Successfully scraped: Samrat Prithviraj (2022)
[2025-06-07T17:48:22.575+0000] {wikipedia_etl2.py:174} INFO - Successfully scraped: Major (2022)
[2025-06-07T17:48:25.693+0000] {wikipedia_etl2.py:174} INFO - Successfully scraped: Janhit Mein Jaari (2022)
[2025-06-07T17:48:28.151+0000] {wikipedia_etl2.py:174} INFO - Successfully scraped: Ardh (2022)
[2025-06-07T17:48:29.808+0000] {wikipedia_etl2.py:174} INFO - Successfully scraped: Nikamma (2022)
[2025-06-07T17:48:32.025+0000] {wikipedia_etl2.py:174} INFO - Successfully scraped: Sherdil (2022)
[2025-06-07T17:48:33.837+0000] {wikipedia_etl2.py:174} INFO - Successfully scraped: Jugjugg Jeeyo (2022)
[2025-06-07T17:48:35.265+0000] {wikipedia_etl2.py:174} INFO - Successfully scraped: Forensic (2022)
[2025-06-07T17:48:39.514+0000] {wikipedia_etl2.py:174} INFO - Successfully scraped: Rashtra Kavach Om (2022)
[2025-06-07T17:48:41.645+0000] {wikipedia_etl2.py:174} INFO - Successfully scraped: Rocketry: The Nambi Effect (2022)
[2025-06-07T17:48:43.270+0000] {wikipedia_etl2.py:174} INFO - Successfully scraped: Khuda Haafiz: Chapter 2 – Agni Pariksha (2022)
[2025-06-07T17:48:44.786+0000] {wikipedia_etl2.py:174} INFO - Successfully scraped: HIT: The First Case (2022)
[2025-06-07T17:48:46.231+0000] {wikipedia_etl2.py:174} INFO - Successfully scraped: Ladki: Dragon Girl (2022)
[2025-06-07T17:48:47.769+0000] {wikipedia_etl2.py:174} INFO - Successfully scraped: Jaadugar (2022)
[2025-06-07T17:48:49.297+0000] {wikipedia_etl2.py:174} INFO - Successfully scraped: Judaa Hoke Bhi (2022)
[2025-06-07T17:48:51.125+0000] {wikipedia_etl2.py:174} INFO - Successfully scraped: Shabaash Mithu (2022)
[2025-06-07T17:48:52.773+0000] {wikipedia_etl2.py:174} INFO - Successfully scraped: RK/RKay (2022)
[2025-06-07T17:48:54.453+0000] {wikipedia_etl2.py:174} INFO - Successfully scraped: Shamshera (2022)
[2025-06-07T17:48:56.948+0000] {wikipedia_etl2.py:174} INFO - Successfully scraped: Ek Villain Returns (2022)
[2025-06-07T17:48:58.545+0000] {wikipedia_etl2.py:174} INFO - Successfully scraped: Good Luck Jerry (2022)
[2025-06-07T17:48:59.873+0000] {wikipedia_etl2.py:174} INFO - Successfully scraped: Odd Couple (2022)
[2025-06-07T17:49:02.765+0000] {wikipedia_etl2.py:174} INFO - Successfully scraped: Darlings (2022)
[2025-06-07T17:49:05.423+0000] {wikipedia_etl2.py:174} INFO - Successfully scraped: Laal Singh Chaddha (2022)
[2025-06-07T17:49:07.328+0000] {wikipedia_etl2.py:174} INFO - Successfully scraped: Raksha Bandhan (2022)
[2025-06-07T17:49:08.990+0000] {wikipedia_etl2.py:174} INFO - Successfully scraped: Dobaaraa (2022)
[2025-06-07T17:49:14.919+0000] {wikipedia_etl2.py:174} INFO - Successfully scraped: Liger (2022)
[2025-06-07T17:49:20.469+0000] {wikipedia_etl2.py:174} INFO - Successfully scraped: Holy Cow (2022)
[2025-06-07T17:49:24.475+0000] {wikipedia_etl2.py:174} INFO - Successfully scraped: Cuttputlli (2022)
[2025-06-07T17:49:48.930+0000] {wikipedia_etl2.py:174} INFO - Successfully scraped: Brahmāstra: Part One – Shiva (2022)
[2025-06-07T17:49:54.077+0000] {wikipedia_etl2.py:174} INFO - Successfully scraped: Jahaan Chaar Yaar (2022)
[2025-06-07T17:49:56.260+0000] {wikipedia_etl2.py:174} INFO - Successfully scraped: Jogi (2022)
[2025-06-07T17:49:58.681+0000] {wikipedia_etl2.py:174} INFO - Successfully scraped: Matto Ki Saikil (2022)
[2025-06-07T17:50:00.451+0000] {wikipedia_etl2.py:174} INFO - Successfully scraped: Middle Class Love (2022)
[2025-06-07T17:50:03.644+0000] {wikipedia_etl2.py:174} INFO - Successfully scraped: Saroj Ka Rishta (2022)
[2025-06-07T17:50:05.826+0000] {wikipedia_etl2.py:174} INFO - Successfully scraped: Siya (2022)
[2025-06-07T17:50:08.663+0000] {wikipedia_etl2.py:174} INFO - Successfully scraped: Atithi Bhooto Bhava (2022)
[2025-06-07T17:50:10.703+0000] {wikipedia_etl2.py:174} INFO - Successfully scraped: Babli Bouncer (2022)
[2025-06-07T17:50:12.430+0000] {wikipedia_etl2.py:174} INFO - Successfully scraped: Chup: Revenge of the Artist (2022)
[2025-06-07T17:50:14.857+0000] {wikipedia_etl2.py:174} INFO - Successfully scraped: Dhokha: Round D Corner (2022)
[2025-06-07T17:50:16.899+0000] {wikipedia_etl2.py:174} INFO - Successfully scraped: Ishq Pashmina (2022)
[2025-06-07T17:50:18.557+0000] {wikipedia_etl2.py:174} INFO - Successfully scraped: Plan A Plan B (2022)
[2025-06-07T17:50:20.899+0000] {wikipedia_etl2.py:174} INFO - Successfully scraped: Vikram Vedha (2022)
[2025-06-07T17:50:23.760+0000] {wikipedia_etl2.py:174} INFO - Successfully scraped: Maja Ma (2022)
[2025-06-07T17:50:26.628+0000] {wikipedia_etl2.py:174} INFO - Successfully scraped: Goodbye (2022)
[2025-06-07T17:50:28.947+0000] {wikipedia_etl2.py:174} INFO - Successfully scraped: Nazar Andaaz (2022)
[2025-06-07T17:50:30.975+0000] {wikipedia_etl2.py:174} INFO - Successfully scraped: Doctor G (2022)
[2025-06-07T17:50:32.566+0000] {wikipedia_etl2.py:174} INFO - Successfully scraped: Code Name: Tiranga (2022)
[2025-06-07T17:50:34.735+0000] {wikipedia_etl2.py:174} INFO - Successfully scraped: Ram Setu (2022)
[2025-06-07T17:50:36.972+0000] {wikipedia_etl2.py:174} INFO - Successfully scraped: Thank God (2022)
[2025-06-07T17:50:38.503+0000] {wikipedia_etl2.py:174} INFO - Successfully scraped: Tara Vs Bilal (2022)
[2025-06-07T17:50:39.951+0000] {wikipedia_etl2.py:174} INFO - Successfully scraped: Phone Bhoot (2022)
[2025-06-07T17:50:42.214+0000] {wikipedia_etl2.py:174} INFO - Successfully scraped: Double XL (2022)
[2025-06-07T17:50:44.125+0000] {wikipedia_etl2.py:174} INFO - Successfully scraped: Mili (2022)
[2025-06-07T17:50:45.602+0000] {wikipedia_etl2.py:174} INFO - Successfully scraped: Tadka (2022)
[2025-06-07T17:50:47.534+0000] {wikipedia_etl2.py:174} INFO - Successfully scraped: Rocket Gang (2022)
[2025-06-07T17:50:49.488+0000] {wikipedia_etl2.py:174} INFO - Successfully scraped: Uunchai (2022)
[2025-06-07T17:50:50.952+0000] {wikipedia_etl2.py:174} INFO - Successfully scraped: Monica, O My Darling (2022)
[2025-06-07T17:50:50.955+0000] {wikipedia_etl2.py:174} INFO - Successfully scraped: Thai Massage (2022) [No link]
[2025-06-07T17:50:53.167+0000] {wikipedia_etl2.py:174} INFO - Successfully scraped: Drishyam 2 (2022)
[2025-06-07T17:50:54.737+0000] {wikipedia_etl2.py:174} INFO - Successfully scraped: Mister Mummy (2022)
[2025-06-07T17:50:56.967+0000] {wikipedia_etl2.py:174} INFO - Successfully scraped: Bhediya (2022)
[2025-06-07T17:50:59.118+0000] {wikipedia_etl2.py:174} INFO - Successfully scraped: Qala (2022)
[2025-06-07T17:51:01.466+0000] {wikipedia_etl2.py:174} INFO - Successfully scraped: An Action Hero (2022)
[2025-06-07T17:51:03.453+0000] {wikipedia_etl2.py:174} INFO - Successfully scraped: Freddy (2022)
[2025-06-07T17:51:04.958+0000] {wikipedia_etl2.py:174} INFO - Successfully scraped: India Lockdown (2022)
[2025-06-07T17:51:06.581+0000] {wikipedia_etl2.py:174} INFO - Successfully scraped: Salaam Venky (2022)
[2025-06-07T17:51:08.535+0000] {wikipedia_etl2.py:174} INFO - Successfully scraped: Vadh (2022)
[2025-06-07T17:51:11.230+0000] {wikipedia_etl2.py:174} INFO - Successfully scraped: Maarrich (2022)
[2025-06-07T17:51:11.232+0000] {wikipedia_etl2.py:174} INFO - Successfully scraped: Josef – Born in Grace (2022) [No link]
[2025-06-07T17:51:13.623+0000] {wikipedia_etl2.py:174} INFO - Successfully scraped: Blurr (2022)
[2025-06-07T17:51:15.361+0000] {wikipedia_etl2.py:174} INFO - Successfully scraped: Govinda Naam Mera (2022)
[2025-06-07T17:51:17.851+0000] {wikipedia_etl2.py:174} INFO - Successfully scraped: Ajay Wardhan (2022)
[2025-06-07T17:51:20.436+0000] {wikipedia_etl2.py:174} INFO - Successfully scraped: Trahimam (2022)
[2025-06-07T17:51:22.474+0000] {wikipedia_etl2.py:174} INFO - Successfully scraped: Cirkus (2022)
[2025-06-07T17:51:25.067+0000] {wikipedia_etl2.py:174} INFO - Successfully scraped: Dedh Lakh Ka Dulha (2022)
[2025-06-07T17:51:28.093+0000] {logging_mixin.py:151} INFO - Scraping year 2023...
[2025-06-07T17:51:28.094+0000] {wikipedia_etl2.py:108} INFO - Scraping year 2023
[2025-06-07T17:51:33.008+0000] {wikipedia_etl2.py:174} INFO - Successfully scraped: Jawan (2023)
[2025-06-07T17:51:35.614+0000] {wikipedia_etl2.py:174} INFO - Successfully scraped: Pathaan (2023)
[2025-06-07T17:51:38.478+0000] {wikipedia_etl2.py:174} INFO - Successfully scraped: Animal (2023)
[2025-06-07T17:51:40.159+0000] {wikipedia_etl2.py:174} INFO - Successfully scraped: Gadar 2 (2023)
[2025-06-07T17:51:42.420+0000] {wikipedia_etl2.py:174} INFO - Successfully scraped: Dunki (2023)
[2025-06-07T17:51:44.242+0000] {wikipedia_etl2.py:174} INFO - Successfully scraped: Tiger 3 (2023)
[2025-06-07T17:51:46.703+0000] {wikipedia_etl2.py:174} INFO - Successfully scraped: Rocky Aur Rani Kii Prem Kahaani (2023)
[2025-06-07T17:51:49.105+0000] {wikipedia_etl2.py:174} INFO - Successfully scraped: Adipurush (2023)
[2025-06-07T17:51:50.966+0000] {wikipedia_etl2.py:174} INFO - Successfully scraped: The Kerala Story (2023)
[2025-06-07T17:51:52.981+0000] {wikipedia_etl2.py:174} INFO - Successfully scraped: OMG 2 (2023)
[2025-06-07T17:51:55.832+0000] {wikipedia_etl2.py:174} INFO - Successfully scraped: Kuttey (2023)
[2025-06-07T17:51:57.443+0000] {wikipedia_etl2.py:174} INFO - Successfully scraped: Lakadbaggha (2023)
[2025-06-07T17:51:58.927+0000] {wikipedia_etl2.py:174} INFO - Successfully scraped: Mission Majnu (2023)
[2025-06-07T17:52:01.076+0000] {wikipedia_etl2.py:174} INFO - Successfully scraped: Chhatriwali (2023)
[2025-06-07T17:52:03.866+0000] {wikipedia_etl2.py:174} INFO - Successfully scraped: Pathaan (2023)
[2025-06-07T17:52:05.420+0000] {wikipedia_etl2.py:174} INFO - Successfully scraped: Gandhi Godse – Ek Yudh (2023)
[2025-06-07T17:52:06.794+0000] {wikipedia_etl2.py:174} INFO - Successfully scraped: Operation Fryday (2023)
[2025-06-07T17:52:09.885+0000] {wikipedia_etl2.py:174} INFO - Successfully scraped: Almost Pyaar with DJ Mohabbat (2023)
[2025-06-07T17:52:11.904+0000] {wikipedia_etl2.py:174} INFO - Successfully scraped: Faraaz (2023)
[2025-06-07T17:52:13.242+0000] {wikipedia_etl2.py:174} INFO - Successfully scraped: Shiv Shastri Balboa (2023)
[2025-06-07T17:52:14.799+0000] {wikipedia_etl2.py:174} INFO - Successfully scraped: The Tenant (2023)
[2025-06-07T17:52:16.470+0000] {wikipedia_etl2.py:174} INFO - Successfully scraped: Lost (2023)
[2025-06-07T17:52:18.284+0000] {wikipedia_etl2.py:174} INFO - Successfully scraped: Shehzada (2023)
[2025-06-07T17:52:19.866+0000] {wikipedia_etl2.py:174} INFO - Successfully scraped: Selfiee (2023)
[2025-06-07T17:52:22.271+0000] {wikipedia_etl2.py:174} INFO - Successfully scraped: Rabia & Olivia (2023)
[2025-06-07T17:52:23.902+0000] {wikipedia_etl2.py:174} INFO - Successfully scraped: Gulmohar (2023)
[2025-06-07T17:52:25.523+0000] {wikipedia_etl2.py:174} INFO - Successfully scraped: InCar (2023)
[2025-06-07T17:52:27.255+0000] {wikipedia_etl2.py:174} INFO - Successfully scraped: Tu Jhoothi Main Makkaar (2023)
[2025-06-07T17:52:29.117+0000] {wikipedia_etl2.py:174} INFO - Successfully scraped: Mrs. Chatterjee vs Norway (2023)
[2025-06-07T17:52:30.546+0000] {wikipedia_etl2.py:174} INFO - Successfully scraped: Zwigato (2023)
[2025-06-07T17:52:32.326+0000] {wikipedia_etl2.py:174} INFO - Successfully scraped: Am I Next (2023)
[2025-06-07T17:52:33.928+0000] {wikipedia_etl2.py:174} INFO - Successfully scraped: Chor Nikal Ke Bhaga (2023)
[2025-06-07T17:52:35.456+0000] {wikipedia_etl2.py:174} INFO - Successfully scraped: Bheed (2023)
[2025-06-07T17:52:35.459+0000] {wikipedia_etl2.py:174} INFO - Successfully scraped: Operation Mayfair (2023) [No link]
[2025-06-07T17:52:37.800+0000] {wikipedia_etl2.py:174} INFO - Successfully scraped: Kanjoos Makhichoos (2023)
[2025-06-07T17:52:39.575+0000] {wikipedia_etl2.py:174} INFO - Successfully scraped: Bholaa (2023)
[2025-06-07T17:52:41.262+0000] {wikipedia_etl2.py:174} INFO - Successfully scraped: Gaslight (2023)
[2025-06-07T17:52:43.781+0000] {wikipedia_etl2.py:174} INFO - Successfully scraped: Gumraah (2023)
[2025-06-07T17:52:45.170+0000] {wikipedia_etl2.py:174} INFO - Successfully scraped: Mrs. Undercover (2023)
[2025-06-07T17:52:47.483+0000] {wikipedia_etl2.py:174} INFO - Successfully scraped: Sir Madam Sarpanch (2023)
[2025-06-07T17:52:49.762+0000] {wikipedia_etl2.py:174} INFO - Successfully scraped: Pinky Beauty Parlour (2023)
[2025-06-07T17:52:52.176+0000] {wikipedia_etl2.py:174} INFO - Successfully scraped: Kisi Ka Bhai Kisi Ki Jaan (2023)
[2025-06-07T17:52:53.820+0000] {wikipedia_etl2.py:174} INFO - Successfully scraped: Bad Boy (2023)
[2025-06-07T17:52:55.381+0000] {wikipedia_etl2.py:174} INFO - Successfully scraped: U-Turn (2023)
[2025-06-07T17:52:56.954+0000] {wikipedia_etl2.py:174} INFO - Successfully scraped: Mother Teresa & Me (2023)
[2025-06-07T17:52:58.468+0000] {wikipedia_etl2.py:174} INFO - Successfully scraped: Afwaah (2023)
[2025-06-07T17:53:00.567+0000] {wikipedia_etl2.py:174} INFO - Successfully scraped: The Kerala Story (2023)
[2025-06-07T17:53:02.017+0000] {wikipedia_etl2.py:174} INFO - Successfully scraped: Chatrapathi (2023)
[2025-06-07T17:53:04.341+0000] {wikipedia_etl2.py:174} INFO - Successfully scraped: Music School (2023)
[2025-06-07T17:53:05.937+0000] {wikipedia_etl2.py:174} INFO - Successfully scraped: IB71 (2023)
[2025-06-07T17:53:08.069+0000] {wikipedia_etl2.py:174} INFO - Successfully scraped: Kathal (2023)
[2025-06-07T17:53:09.903+0000] {wikipedia_etl2.py:174} INFO - Successfully scraped: Aazam (2023)
[2025-06-07T17:53:11.312+0000] {wikipedia_etl2.py:174} INFO - Successfully scraped: 8 A.M. Metro (2023)
[2025-06-07T17:53:13.881+0000] {wikipedia_etl2.py:174} INFO - Successfully scraped: Kacchey Limbu (2023)
[2025-06-07T17:53:15.403+0000] {wikipedia_etl2.py:174} INFO - Successfully scraped: Sirf Ek Bandaa Kaafi Hai (2023)
[2025-06-07T17:53:16.780+0000] {wikipedia_etl2.py:174} INFO - Successfully scraped: Jogira Sara Ra Ra (2023)
[2025-06-07T17:53:18.361+0000] {wikipedia_etl2.py:174} INFO - Successfully scraped: Coat (2023)
[2025-06-07T17:53:20.076+0000] {wikipedia_etl2.py:174} INFO - Successfully scraped: Zara Hatke Zara Bachke (2023)
[2025-06-07T17:53:22.708+0000] {wikipedia_etl2.py:174} INFO - Successfully scraped: Mumbaikar (2023)
[2025-06-07T17:53:24.176+0000] {wikipedia_etl2.py:174} INFO - Successfully scraped: Bloody Daddy (2023)
[2025-06-07T17:53:26.651+0000] {wikipedia_etl2.py:174} INFO - Successfully scraped: Adipurush (2023)
[2025-06-07T17:53:28.322+0000] {wikipedia_etl2.py:174} INFO - Successfully scraped: I Love You (2023)
[2025-06-07T17:53:29.947+0000] {wikipedia_etl2.py:174} INFO - Successfully scraped: 1920: Horrors of the Heart (2023)
[2025-06-07T17:53:31.582+0000] {wikipedia_etl2.py:174} INFO - Successfully scraped: Tiku Weds Sheru (2023)
[2025-06-07T17:53:33.173+0000] {wikipedia_etl2.py:174} INFO - Successfully scraped: Aseq (2023)
[2025-06-07T17:53:35.087+0000] {wikipedia_etl2.py:174} INFO - Successfully scraped: Satyaprem Ki Katha (2023)
[2025-06-07T17:53:36.754+0000] {wikipedia_etl2.py:174} INFO - Successfully scraped: Lust Stories 2 (2023)
[2025-06-07T17:53:38.937+0000] {wikipedia_etl2.py:174} INFO - Successfully scraped: Sergeant (2023)
[2025-06-07T17:53:41.724+0000] {wikipedia_etl2.py:174} INFO - Successfully scraped: Neeyat (2023)
[2025-06-07T17:53:43.406+0000] {wikipedia_etl2.py:174} INFO - Successfully scraped: Tarla (2023)
[2025-06-07T17:53:45.444+0000] {wikipedia_etl2.py:174} INFO - Successfully scraped: Blind (2023)
[2025-06-07T17:53:47.125+0000] {wikipedia_etl2.py:174} INFO - Successfully scraped: 72 Hoorain (2023)
[2025-06-07T17:53:49.258+0000] {wikipedia_etl2.py:174} INFO - Successfully scraped: Ishq-e-Nadaan (2023)
[2025-06-07T17:53:50.827+0000] {wikipedia_etl2.py:174} INFO - Successfully scraped: Bawaal (2023)
[2025-06-07T17:53:52.711+0000] {wikipedia_etl2.py:174} INFO - Successfully scraped: Trial Period (2023)
[2025-06-07T17:53:54.888+0000] {wikipedia_etl2.py:174} INFO - Successfully scraped: Minus 31: The Nagpur Files (2023)
[2025-06-07T17:53:57.080+0000] {wikipedia_etl2.py:174} INFO - Successfully scraped: Ajmer 92 (2023)
[2025-06-07T17:53:59.543+0000] {wikipedia_etl2.py:174} INFO - Successfully scraped: Rocky Aur Rani Kii Prem Kahaani (2023)
[2025-06-07T17:54:01.323+0000] {wikipedia_etl2.py:174} INFO - Successfully scraped: One Friday Night (2023)
[2025-06-07T17:54:01.325+0000] {wikipedia_etl2.py:177} WARNING - Skipped row 11 in table 3 for 2023: No valid title found
[2025-06-07T17:54:03.838+0000] {wikipedia_etl2.py:174} INFO - Successfully scraped: Panch Kriti (2023)
[2025-06-07T17:54:06.121+0000] {wikipedia_etl2.py:174} INFO - Successfully scraped: Lafzon Mein Pyaar (2023)
[2025-06-07T17:54:08.166+0000] {wikipedia_etl2.py:174} INFO - Successfully scraped: Gadar 2 (2023)
[2025-06-07T17:54:09.784+0000] {wikipedia_etl2.py:174} INFO - Successfully scraped: OMG 2 (2023)
[2025-06-07T17:54:11.536+0000] {wikipedia_etl2.py:174} INFO - Successfully scraped: Ghoomer (2023)
[2025-06-07T17:54:13.145+0000] {wikipedia_etl2.py:174} INFO - Successfully scraped: Non Stop Dhamaal (2023)
[2025-06-07T17:54:14.597+0000] {wikipedia_etl2.py:174} INFO - Successfully scraped: Dream Girl 2 (2023)
[2025-06-07T17:54:16.022+0000] {wikipedia_etl2.py:174} INFO - Successfully scraped: Akelli (2023)
[2025-06-07T17:54:17.782+0000] {wikipedia_etl2.py:174} INFO - Successfully scraped: Goldfish (2023)
[2025-06-07T17:54:20.665+0000] {wikipedia_etl2.py:174} INFO - Successfully scraped: Friday Night Plan (2023)
[2025-06-07T17:54:22.336+0000] {wikipedia_etl2.py:174} INFO - Successfully scraped: Mystery of the Tattoo (2023)
[2025-06-07T17:54:23.864+0000] {wikipedia_etl2.py:174} INFO - Successfully scraped: Love All (2023)
[2025-06-07T17:54:26.816+0000] {wikipedia_etl2.py:174} INFO - Successfully scraped: Jawan (2023)
[2025-06-07T17:54:28.700+0000] {wikipedia_etl2.py:174} INFO - Successfully scraped: Haddi (2023)
[2025-06-07T17:54:30.552+0000] {wikipedia_etl2.py:174} INFO - Successfully scraped: Jaane Jaan (2023)
[2025-06-07T17:54:31.996+0000] {wikipedia_etl2.py:174} INFO - Successfully scraped: The Great Indian Family (2023)
[2025-06-07T17:54:34.560+0000] {wikipedia_etl2.py:174} INFO - Successfully scraped: Sukhee (2023)
[2025-06-07T17:54:34.564+0000] {wikipedia_etl2.py:174} INFO - Successfully scraped: The Purvanchal Files (2023) [No link]
[2025-06-07T17:54:34.564+0000] {wikipedia_etl2.py:174} INFO - Successfully scraped: The Rise Of Sudarshan Chakra (2023) [No link]
[2025-06-07T17:54:36.264+0000] {wikipedia_etl2.py:174} INFO - Successfully scraped: The Vaccine War (2023)
[2025-06-07T17:54:38.975+0000] {wikipedia_etl2.py:174} INFO - Successfully scraped: Fukrey 3 (2023)
[2025-06-07T17:54:41.446+0000] {wikipedia_etl2.py:174} INFO - Successfully scraped: Pyaar Hai Toh Hai (2023)
[2025-06-07T17:54:44.126+0000] {wikipedia_etl2.py:174} INFO - Successfully scraped: Dvand: The Internal Conflict (2023)
[2025-06-07T17:54:45.550+0000] {wikipedia_etl2.py:174} INFO - Successfully scraped: Tumse Na Ho Payega (2023)
[2025-06-07T17:54:49.558+0000] {wikipedia_etl2.py:174} INFO - Successfully scraped: Dono (2023)
[2025-06-07T17:54:51.724+0000] {wikipedia_etl2.py:174} INFO - Successfully scraped: Khufiya (2023)
[2025-06-07T17:54:53.609+0000] {wikipedia_etl2.py:174} INFO - Successfully scraped: Mission Raniganj (2023)
[2025-06-07T17:54:55.193+0000] {wikipedia_etl2.py:174} INFO - Successfully scraped: Thank You for Coming (2023)
[2025-06-07T17:54:57.610+0000] {wikipedia_etl2.py:174} INFO - Successfully scraped: Yaatris (2023)
[2025-06-07T17:54:59.641+0000] {wikipedia_etl2.py:174} INFO - Successfully scraped: Dhak Dhak (2023)
[2025-06-07T17:55:02.015+0000] {wikipedia_etl2.py:174} INFO - Successfully scraped: Guthlee Ladoo (2023)
[2025-06-07T17:55:02.031+0000] {wikipedia_etl2.py:174} INFO - Successfully scraped: Darran Chhoo (2023) [No link]
[2025-06-07T17:55:04.135+0000] {wikipedia_etl2.py:174} INFO - Successfully scraped: Bhagwan Bharose (2023)
[2025-06-07T17:55:05.940+0000] {wikipedia_etl2.py:174} INFO - Successfully scraped: Ganapath (2023)
[2025-06-07T17:55:08.007+0000] {wikipedia_etl2.py:174} INFO - Successfully scraped: Yaariyan 2 (2023)
[2025-06-07T17:55:09.934+0000] {wikipedia_etl2.py:174} INFO - Successfully scraped: 12th Fail (2023)
[2025-06-07T17:55:11.527+0000] {wikipedia_etl2.py:174} INFO - Successfully scraped: Tejas (2023)
[2025-06-07T17:55:14.038+0000] {wikipedia_etl2.py:174} INFO - Successfully scraped: Sajini Shinde Ka Viral Video (2023)
[2025-06-07T17:55:19.936+0000] {wikipedia_etl2.py:174} INFO - Successfully scraped: Mujib: The Making of a Nation (2023)
[2025-06-07T17:55:22.870+0000] {wikipedia_etl2.py:174} INFO - Successfully scraped: Mandali (2023)
[2025-06-07T17:55:24.221+0000] {wikipedia_etl2.py:174} INFO - Successfully scraped: Aankh Micholi (2023)
[2025-06-07T17:55:26.794+0000] {wikipedia_etl2.py:174} INFO - Successfully scraped: The Lady Killer (2023)
[2025-06-07T17:55:28.231+0000] {wikipedia_etl2.py:174} INFO - Successfully scraped: Lakeerein (2023)
[2025-06-07T17:55:29.800+0000] {wikipedia_etl2.py:174} INFO - Successfully scraped: Hukus Bukus (2023)
[2025-06-07T17:55:31.396+0000] {wikipedia_etl2.py:174} INFO - Successfully scraped: UT69 (2023)
[2025-06-07T17:55:32.850+0000] {wikipedia_etl2.py:174} INFO - Successfully scraped: Three of Us (2023)
[2025-06-07T17:55:34.867+0000] {wikipedia_etl2.py:174} INFO - Successfully scraped: Shastry Viruddh Shastry (2023)
[2025-06-07T17:55:36.302+0000] {wikipedia_etl2.py:174} INFO - Successfully scraped: Pippa (2023)
[2025-06-07T17:55:38.544+0000] {wikipedia_etl2.py:174} INFO - Successfully scraped: Tiger 3 (2023)
[2025-06-07T17:55:40.363+0000] {wikipedia_etl2.py:174} INFO - Successfully scraped: Apurva (2023)
[2025-06-07T17:55:42.440+0000] {wikipedia_etl2.py:174} INFO - Successfully scraped: Khichdi 2: Mission Paanthukistan (2023)
[2025-06-07T17:55:44.381+0000] {wikipedia_etl2.py:174} INFO - Successfully scraped: Sab Moh Maaya Hai (2023)
[2025-06-07T17:55:47.258+0000] {wikipedia_etl2.py:174} INFO - Successfully scraped: Farrey (2023)
[2025-06-07T17:55:49.605+0000] {wikipedia_etl2.py:174} INFO - Successfully scraped: Starfish (2023)
[2025-06-07T17:55:51.870+0000] {wikipedia_etl2.py:174} INFO - Successfully scraped: Do Ajnabee (2023)
[2025-06-07T17:55:54.499+0000] {wikipedia_etl2.py:174} INFO - Successfully scraped: Animal (2023)
[2025-06-07T17:55:56.611+0000] {wikipedia_etl2.py:174} INFO - Successfully scraped: Sam Bahadur (2023)
[2025-06-07T17:55:58.665+0000] {wikipedia_etl2.py:174} INFO - Successfully scraped: The Archies (2023)
[2025-06-07T17:56:01.828+0000] {wikipedia_etl2.py:174} INFO - Successfully scraped: Joram (2023)
[2025-06-07T17:56:03.597+0000] {wikipedia_etl2.py:174} INFO - Successfully scraped: Kadak Singh (2023)
[2025-06-07T17:56:05.081+0000] {wikipedia_etl2.py:174} INFO - Successfully scraped: Mast Mein Rehne Ka (2023)
[2025-06-07T17:56:06.871+0000] {wikipedia_etl2.py:174} INFO - Successfully scraped: Brijendra Kala (2023)
[2025-06-07T17:56:09.411+0000] {wikipedia_etl2.py:174} INFO - Successfully scraped: Dunki (2023)
[2025-06-07T17:56:10.960+0000] {wikipedia_etl2.py:174} INFO - Successfully scraped: Dry Day (2023)
[2025-06-07T17:56:12.470+0000] {wikipedia_etl2.py:174} INFO - Successfully scraped: Kho Gaye Hum Kahan (2023)
[2025-06-07T17:56:13.980+0000] {wikipedia_etl2.py:174} INFO - Successfully scraped: Safed (2023)
[2025-06-07T17:56:21.646+0000] {logging_mixin.py:151} INFO - ✅ All movie summaries and genres saved to /opt/airflow/data/processed/genre_combined_hindi_films.csv
[2025-06-07T17:56:21.659+0000] {python.py:194} INFO - Done. Returned value was: None
[2025-06-07T17:56:22.628+0000] {taskinstance.py:1400} INFO - Marking task as SUCCESS. dag_id=etl_wikipedia_pipeline, task_id=wikipedia_extraction2, execution_date=20250607T174540, start_date=20250607T174624, end_date=20250607T175622
[2025-06-07T17:56:30.225+0000] {local_task_job_runner.py:228} INFO - Task exited with return code 0
[2025-06-07T17:56:57.261+0000] {taskinstance.py:2778} INFO - 0 downstream tasks scheduled from follow-on schedule check
