[2025-06-08T11:16:46.905+0000] {taskinstance.py:1159} INFO - Dependencies all met for dep_context=non-requeueable deps ti=<TaskInstance: etl_wikipedia_pipeline.wikipedia_extraction2 manual__2025-06-08T11:16:12.216444+00:00 [queued]>
[2025-06-08T11:16:47.863+0000] {taskinstance.py:1159} INFO - Dependencies all met for dep_context=requeueable deps ti=<TaskInstance: etl_wikipedia_pipeline.wikipedia_extraction2 manual__2025-06-08T11:16:12.216444+00:00 [queued]>
[2025-06-08T11:16:47.879+0000] {taskinstance.py:1361} INFO - Starting attempt 1 of 1
[2025-06-08T11:16:48.087+0000] {taskinstance.py:1382} INFO - Executing <Task(PythonOperator): wikipedia_extraction2> on 2025-06-08 11:16:12.216444+00:00
[2025-06-08T11:16:48.252+0000] {standard_task_runner.py:57} INFO - Started process 141 to run task
[2025-06-08T11:16:48.294+0000] {standard_task_runner.py:84} INFO - Running: ['airflow', 'tasks', 'run', 'etl_wikipedia_pipeline', 'wikipedia_extraction2', 'manual__2025-06-08T11:16:12.216444+00:00', '--job-id', '9', '--raw', '--subdir', 'DAGS_FOLDER/wikipedia_dag.py', '--cfg-path', '/tmp/tmp2omm9no6']
[2025-06-08T11:16:48.299+0000] {standard_task_runner.py:85} INFO - Job 9: Subtask wikipedia_extraction2
[2025-06-08T11:16:49.637+0000] {task_command.py:416} INFO - Running <TaskInstance: etl_wikipedia_pipeline.wikipedia_extraction2 manual__2025-06-08T11:16:12.216444+00:00 [running]> on host c53596a4c7f4
[2025-06-08T11:16:51.188+0000] {taskinstance.py:1662} INFO - Exporting env vars: AIRFLOW_CTX_DAG_OWNER='Krishna Dubey' AIRFLOW_CTX_DAG_ID='etl_wikipedia_pipeline' AIRFLOW_CTX_TASK_ID='wikipedia_extraction2' AIRFLOW_CTX_EXECUTION_DATE='2025-06-08T11:16:12.216444+00:00' AIRFLOW_CTX_TRY_NUMBER='1' AIRFLOW_CTX_DAG_RUN_ID='manual__2025-06-08T11:16:12.216444+00:00'
[2025-06-08T11:16:53.897+0000] {logging_mixin.py:151} INFO - Scraping year 2024...
[2025-06-08T11:16:53.899+0000] {wikipedia_etl2.py:108} INFO - Scraping year 2024
[2025-06-08T11:16:57.864+0000] {wikipedia_etl2.py:174} INFO - Successfully scraped: Stree 2 (2024)
[2025-06-08T11:17:00.351+0000] {wikipedia_etl2.py:174} INFO - Successfully scraped: Bhool Bhulaiyaa 3 (2024)
[2025-06-08T11:17:05.302+0000] {wikipedia_etl2.py:174} INFO - Successfully scraped: Singham Again (2024)
[2025-06-08T11:17:09.380+0000] {wikipedia_etl2.py:174} INFO - Successfully scraped: Fighter (2024)
[2025-06-08T11:17:16.383+0000] {wikipedia_etl2.py:174} INFO - Successfully scraped: Shaitaan (2024)
[2025-06-08T11:17:18.573+0000] {wikipedia_etl2.py:174} INFO - Successfully scraped: Crew (2024)
[2025-06-08T11:17:20.610+0000] {wikipedia_etl2.py:174} INFO - Successfully scraped: Teri Baaton Mein Aisa Uljha Jiya (2024)
[2025-06-08T11:17:22.924+0000] {wikipedia_etl2.py:174} INFO - Successfully scraped: Munjya (2024)
[2025-06-08T11:17:24.806+0000] {wikipedia_etl2.py:174} INFO - Successfully scraped: Bad Newz (2024)
[2025-06-08T11:17:26.458+0000] {wikipedia_etl2.py:174} INFO - Successfully scraped: Article 370 (2024)
[2025-06-08T11:17:30.017+0000] {wikipedia_etl2.py:174} INFO - Successfully scraped: Tauba Tera Jalwa (2024)
[2025-06-08T11:17:32.259+0000] {wikipedia_etl2.py:174} INFO - Successfully scraped: Merry Christmas (2024)
[2025-06-08T11:17:34.444+0000] {wikipedia_etl2.py:174} INFO - Successfully scraped: Main Atal Hoon (2024)
[2025-06-08T11:17:37.304+0000] {wikipedia_etl2.py:174} INFO - Successfully scraped: Fighter (2024)
[2025-06-08T11:17:37.307+0000] {wikipedia_etl2.py:177} WARNING - Skipped row 4 in table 1 for 2024: No valid title found
[2025-06-08T11:17:39.026+0000] {wikipedia_etl2.py:174} INFO - Successfully scraped: Teri Baaton Mein Aisa Uljha Jiya (2024)
[2025-06-08T11:17:40.734+0000] {wikipedia_etl2.py:174} INFO - Successfully scraped: Bhakshak (2024)
[2025-06-08T11:17:42.411+0000] {wikipedia_etl2.py:174} INFO - Successfully scraped: Lantrani (2024)
[2025-06-08T11:17:44.050+0000] {wikipedia_etl2.py:174} INFO - Successfully scraped: Mirg (2024)
[2025-06-08T11:17:45.574+0000] {wikipedia_etl2.py:174} INFO - Successfully scraped: Dashmi (2024)
[2025-06-08T11:17:47.387+0000] {wikipedia_etl2.py:174} INFO - Successfully scraped: Kuch Khattaa Ho Jaay (2024)
[2025-06-08T11:17:49.102+0000] {wikipedia_etl2.py:174} INFO - Successfully scraped: Crakk (2024)
[2025-06-08T11:17:50.766+0000] {wikipedia_etl2.py:174} INFO - Successfully scraped: Article 370 (2024)
[2025-06-08T11:17:52.502+0000] {wikipedia_etl2.py:174} INFO - Successfully scraped: All India Rank (2024)
[2025-06-08T11:17:55.306+0000] {wikipedia_etl2.py:174} INFO - Successfully scraped: Chote Nawab (2024)
[2025-06-08T11:17:57.344+0000] {wikipedia_etl2.py:174} INFO - Successfully scraped: Laapataa Ladies (2024)
[2025-06-08T11:17:59.005+0000] {wikipedia_etl2.py:174} INFO - Successfully scraped: Dange (2024)
[2025-06-08T11:18:00.772+0000] {wikipedia_etl2.py:174} INFO - Successfully scraped: Operation Valentine (2024)
[2025-06-08T11:18:03.437+0000] {wikipedia_etl2.py:174} INFO - Successfully scraped: Kaagaz 2 (2024)
[2025-06-08T11:18:04.860+0000] {wikipedia_etl2.py:174} INFO - Successfully scraped: Fairy Folk (2024)
[2025-06-08T11:18:06.834+0000] {wikipedia_etl2.py:174} INFO - Successfully scraped: Shaitaan (2024)
[2025-06-08T11:18:08.355+0000] {wikipedia_etl2.py:174} INFO - Successfully scraped: Tera Kya Hoga Lovely (2024)
[2025-06-08T11:18:10.032+0000] {wikipedia_etl2.py:174} INFO - Successfully scraped: Alpha Beta Gamma (2024)
[2025-06-08T11:18:11.881+0000] {wikipedia_etl2.py:174} INFO - Successfully scraped: Yodha (2024)
[2025-06-08T11:18:13.832+0000] {wikipedia_etl2.py:174} INFO - Successfully scraped: Bastar: The Naxal Story (2024)
[2025-06-08T11:18:15.615+0000] {wikipedia_etl2.py:174} INFO - Successfully scraped: Murder Mubarak (2024)
[2025-06-08T11:18:17.153+0000] {wikipedia_etl2.py:174} INFO - Successfully scraped: Ae Watan Mere Watan (2024)
[2025-06-08T11:18:18.861+0000] {wikipedia_etl2.py:174} INFO - Successfully scraped: Madgaon Express (2024)
[2025-06-08T11:18:22.593+0000] {wikipedia_etl2.py:174} INFO - Successfully scraped: Swatantrya Veer Savarkar (2024)
[2025-06-08T11:18:24.359+0000] {wikipedia_etl2.py:174} INFO - Successfully scraped: Crew (2024)
[2025-06-08T11:18:25.738+0000] {wikipedia_etl2.py:174} INFO - Successfully scraped: Woh Bhi Din The (2024)
[2025-06-08T11:18:28.292+0000] {wikipedia_etl2.py:174} INFO - Successfully scraped: Patna Shuklla (2024)
[2025-06-08T11:18:29.705+0000] {wikipedia_etl2.py:174} INFO - Successfully scraped: Bengal 1947 (2024)
[2025-06-08T11:18:32.426+0000] {wikipedia_etl2.py:174} INFO - Successfully scraped: Dukaan (2024)
[2025-06-08T11:18:34.435+0000] {wikipedia_etl2.py:174} INFO - Successfully scraped: Bade Miyan Chote Miyan (2024)
[2025-06-08T11:18:36.137+0000] {wikipedia_etl2.py:174} INFO - Successfully scraped: Maidaan (2024)
[2025-06-08T11:18:37.983+0000] {wikipedia_etl2.py:174} INFO - Successfully scraped: Amar Singh Chamkila (2024)
[2025-06-08T11:18:39.485+0000] {wikipedia_etl2.py:174} INFO - Successfully scraped: Ameena (2024)
[2025-06-08T11:18:40.864+0000] {wikipedia_etl2.py:174} INFO - Successfully scraped: Gauraiya Live (2024)
[2025-06-08T11:18:42.427+0000] {wikipedia_etl2.py:174} INFO - Successfully scraped: Silence 2: The Night Owl Bar Shootout (2024)
[2025-06-08T11:18:43.896+0000] {wikipedia_etl2.py:174} INFO - Successfully scraped: Love Sex Aur Dhokha 2 (2024)
[2025-06-08T11:18:45.433+0000] {wikipedia_etl2.py:174} INFO - Successfully scraped: Do Aur Do Pyaar (2024)
[2025-06-08T11:18:47.138+0000] {wikipedia_etl2.py:174} INFO - Successfully scraped: Kaam Chalu Hai (2024)
[2025-06-08T11:18:47.914+0000] {wikipedia_etl2.py:65} WARNING - No valid summary found for https://en.wikipedia.org#cite_note-63
[2025-06-08T11:18:49.068+0000] {wikipedia_etl2.py:65} WARNING - No valid summary found for https://en.wikipedia.org#cite_note-63
[2025-06-08T11:18:49.073+0000] {wikipedia_etl2.py:174} INFO - Successfully scraped: [57] (2024)
[2025-06-08T11:18:50.671+0000] {wikipedia_etl2.py:174} INFO - Successfully scraped: Luv You Shankar (2024)
[2025-06-08T11:18:50.673+0000] {wikipedia_etl2.py:174} INFO - Successfully scraped: The Legacy of Jineshwar (2024) [No link]
[2025-06-08T11:18:52.209+0000] {wikipedia_etl2.py:174} INFO - Successfully scraped: Ruslaan (2024)
[2025-06-08T11:18:54.389+0000] {wikipedia_etl2.py:174} INFO - Successfully scraped: Main Ladega (2024)
[2025-06-08T11:18:56.435+0000] {wikipedia_etl2.py:174} INFO - Successfully scraped: Srikanth (2024)
[2025-06-08T11:18:58.166+0000] {wikipedia_etl2.py:174} INFO - Successfully scraped: Tipppsy (2024)
[2025-06-08T11:18:59.611+0000] {wikipedia_etl2.py:174} INFO - Successfully scraped: Kartam Bhugtam (2024)
[2025-06-08T11:19:01.214+0000] {wikipedia_etl2.py:174} INFO - Successfully scraped: Bhaiyya Ji (2024)
[2025-06-08T11:19:03.204+0000] {wikipedia_etl2.py:174} INFO - Successfully scraped: Mr. & Mrs. Mahi (2024)
[2025-06-08T11:19:05.075+0000] {wikipedia_etl2.py:174} INFO - Successfully scraped: Savi (2024)
[2025-06-08T11:19:07.067+0000] {wikipedia_etl2.py:174} INFO - Successfully scraped: Chhota Bheem and the Curse of Damyaan (2024)
[2025-06-08T11:19:08.518+0000] {wikipedia_etl2.py:174} INFO - Successfully scraped: Dedh Bigha Zameen (2024)
[2025-06-08T11:19:08.519+0000] {wikipedia_etl2.py:174} INFO - Successfully scraped: House of Lies (2024) [No link]
[2025-06-08T11:19:09.856+0000] {wikipedia_etl2.py:174} INFO - Successfully scraped: Malhar (2024)
[2025-06-08T11:19:11.223+0000] {wikipedia_etl2.py:174} INFO - Successfully scraped: Bajrang Aur Ali (2024)
[2025-06-08T11:19:13.177+0000] {wikipedia_etl2.py:174} INFO - Successfully scraped: Blackout (2024)
[2025-06-08T11:19:15.015+0000] {wikipedia_etl2.py:174} INFO - Successfully scraped: Munjya (2024)
[2025-06-08T11:19:17.174+0000] {wikipedia_etl2.py:174} INFO - Successfully scraped: Avinash Dhyani (2024)
[2025-06-08T11:19:19.048+0000] {wikipedia_etl2.py:174} INFO - Successfully scraped: Chandu Champion (2024)
[2025-06-08T11:19:20.411+0000] {wikipedia_etl2.py:174} INFO - Successfully scraped: Manihar (2024)
[2025-06-08T11:19:22.055+0000] {wikipedia_etl2.py:174} INFO - Successfully scraped: Luv Ki Arrange Marriage (2024)
[2025-06-08T11:19:23.633+0000] {wikipedia_etl2.py:174} INFO - Successfully scraped: Ishq Vishk Rebound (2024)
[2025-06-08T11:19:25.257+0000] {wikipedia_etl2.py:174} INFO - Successfully scraped: Maharaj (2024)
[2025-06-08T11:19:26.818+0000] {wikipedia_etl2.py:174} INFO - Successfully scraped: Hamare Baarah (2024)
[2025-06-08T11:19:28.396+0000] {wikipedia_etl2.py:174} INFO - Successfully scraped: Hemant Pandey (2024)
[2025-06-08T11:19:31.241+0000] {wikipedia_etl2.py:174} INFO - Successfully scraped: Jahangir National University (2024)
[2025-06-08T11:19:33.940+0000] {wikipedia_etl2.py:174} INFO - Successfully scraped: Rautu Ka Raaz (2024)
[2025-06-08T11:19:36.235+0000] {wikipedia_etl2.py:174} INFO - Successfully scraped: Sharmajee Ki Beti (2024)
[2025-06-08T11:19:38.440+0000] {wikipedia_etl2.py:174} INFO - Successfully scraped: Kooki (2024)
[2025-06-08T11:19:40.158+0000] {wikipedia_etl2.py:65} WARNING - No valid summary found for https://en.wikipedia.org/wiki/Kill_(film)
[2025-06-08T11:19:41.725+0000] {wikipedia_etl2.py:65} WARNING - No valid summary found for https://en.wikipedia.org/wiki/Kill_(film)
[2025-06-08T11:19:41.732+0000] {wikipedia_etl2.py:174} INFO - Successfully scraped: Kill (2024)
[2025-06-08T11:19:43.208+0000] {wikipedia_etl2.py:174} INFO - Successfully scraped: Wild Wild Punjab (2024)
[2025-06-08T11:19:44.840+0000] {wikipedia_etl2.py:174} INFO - Successfully scraped: Sarfira (2024)
[2025-06-08T11:19:46.320+0000] {wikipedia_etl2.py:174} INFO - Successfully scraped: Kakuda (2024)
[2025-06-08T11:19:48.111+0000] {wikipedia_etl2.py:174} INFO - Successfully scraped: Bad Newz (2024)
[2025-06-08T11:19:50.030+0000] {wikipedia_etl2.py:174} INFO - Successfully scraped: Accident or Conspiracy: Godhra (2024)
[2025-06-08T11:19:51.470+0000] {wikipedia_etl2.py:174} INFO - Successfully scraped: Bloody Ishq (2024)
[2025-06-08T11:19:54.100+0000] {wikipedia_etl2.py:174} INFO - Successfully scraped: Mimoh Chakraborty (2024)
[2025-06-08T11:19:55.770+0000] {wikipedia_etl2.py:174} INFO - Successfully scraped: Auron Mein Kahan Dum Tha (2024)
[2025-06-08T11:19:57.342+0000] {wikipedia_etl2.py:174} INFO - Successfully scraped: Ulajh (2024)
[2025-06-08T11:19:59.493+0000] {wikipedia_etl2.py:174} INFO - Successfully scraped: Aliya Basu Gayab Hai (2024)
[2025-06-08T11:20:01.070+0000] {wikipedia_etl2.py:174} INFO - Successfully scraped: Phir Aayi Hasseen Dillruba (2024)
[2025-06-08T11:20:02.569+0000] {wikipedia_etl2.py:174} INFO - Successfully scraped: Ghudchadi (2024)
[2025-06-08T11:20:04.157+0000] {wikipedia_etl2.py:174} INFO - Successfully scraped: Ghuspaithiya (2024)
[2025-06-08T11:20:05.923+0000] {wikipedia_etl2.py:174} INFO - Successfully scraped: Khel Khel Mein (2024)
[2025-06-08T11:20:07.940+0000] {wikipedia_etl2.py:174} INFO - Successfully scraped: Vedaa (2024)
[2025-06-08T11:20:10.133+0000] {wikipedia_etl2.py:174} INFO - Successfully scraped: Stree 2 (2024)
[2025-06-08T11:20:12.170+0000] {wikipedia_etl2.py:174} INFO - Successfully scraped: Tikdam (2024)
[2025-06-08T11:20:15.022+0000] {wikipedia_etl2.py:174} INFO - Successfully scraped: A Wedding Story (2024)
[2025-06-08T11:20:16.332+0000] {wikipedia_etl2.py:174} INFO - Successfully scraped: Pad Gaye Pange (2024)
[2025-06-08T11:20:17.949+0000] {wikipedia_etl2.py:174} INFO - Successfully scraped: Visfot (2024)
[2025-06-08T11:20:19.751+0000] {wikipedia_etl2.py:174} INFO - Successfully scraped: The Buckingham Murders (2024)
[2025-06-08T11:20:21.509+0000] {wikipedia_etl2.py:174} INFO - Successfully scraped: Sector 36 (2024)
[2025-06-08T11:20:23.223+0000] {wikipedia_etl2.py:174} INFO - Successfully scraped: Berlin (2024)
[2025-06-08T11:20:24.815+0000] {wikipedia_etl2.py:174} INFO - Successfully scraped: Adbhut (2024)
[2025-06-08T11:20:26.610+0000] {wikipedia_etl2.py:174} INFO - Successfully scraped: Kahan Shuru Kahan Khatam (2024)
[2025-06-08T11:20:28.431+0000] {wikipedia_etl2.py:174} INFO - Successfully scraped: Yudhra (2024)
[2025-06-08T11:20:33.771+0000] {wikipedia_etl2.py:174} INFO - Successfully scraped: Nasha Jurm Aur Gangsters (2024)
[2025-06-08T11:20:35.726+0000] {wikipedia_etl2.py:174} INFO - Successfully scraped: Jo Tera Hai Woh Mera Hai (2024)
[2025-06-08T11:20:37.393+0000] {wikipedia_etl2.py:174} INFO - Successfully scraped: Love, Sitara (2024)
[2025-06-08T11:20:39.900+0000] {wikipedia_etl2.py:174} INFO - Successfully scraped: Binny And Family (2024)
[2025-06-08T11:20:42.694+0000] {wikipedia_etl2.py:174} INFO - Successfully scraped: CTRL (2024)
[2025-06-08T11:20:44.080+0000] {wikipedia_etl2.py:174} INFO - Successfully scraped: Amar Prem Ki Prem Kahani (2024)
[2025-06-08T11:20:45.608+0000] {wikipedia_etl2.py:174} INFO - Successfully scraped: The Signature (2024)
[2025-06-08T11:20:47.582+0000] {wikipedia_etl2.py:174} INFO - Successfully scraped: Jigra (2024)
[2025-06-08T11:20:49.267+0000] {wikipedia_etl2.py:174} INFO - Successfully scraped: Vicky Vidya Ka Woh Wala Video (2024)
[2025-06-08T11:20:51.204+0000] {wikipedia_etl2.py:174} INFO - Successfully scraped: Aayushmati Geeta Matric Pass (2024)
[2025-06-08T11:20:52.801+0000] {wikipedia_etl2.py:174} INFO - Successfully scraped: Do Patti (2024)
[2025-06-08T11:20:55.697+0000] {wikipedia_etl2.py:174} INFO - Successfully scraped: Bandaa Singh Chaudhary (2024)
[2025-06-08T11:20:57.158+0000] {wikipedia_etl2.py:174} INFO - Successfully scraped: The Miranda Brothers (2024)
[2025-06-08T11:20:58.811+0000] {wikipedia_etl2.py:174} INFO - Successfully scraped: Navras Katha Collage (2024)
[2025-06-08T11:21:01.143+0000] {wikipedia_etl2.py:174} INFO - Successfully scraped: Bhool Bhulaiyaa 3 (2024)
[2025-06-08T11:21:03.463+0000] {wikipedia_etl2.py:174} INFO - Successfully scraped: Singham Again (2024)
[2025-06-08T11:21:04.871+0000] {wikipedia_etl2.py:174} INFO - Successfully scraped: Vijay 69 (2024)
[2025-06-08T11:21:06.626+0000] {wikipedia_etl2.py:174} INFO - Successfully scraped: Isha Talwar (2024)
[2025-06-08T11:21:08.175+0000] {wikipedia_etl2.py:174} INFO - Successfully scraped: Khwaabon Ka Jhamela (2024)
[2025-06-08T11:21:10.124+0000] {wikipedia_etl2.py:174} INFO - Successfully scraped: The Sabarmati Report (2024)
[2025-06-08T11:21:11.701+0000] {wikipedia_etl2.py:174} INFO - Successfully scraped: Naam (2024)
[2025-06-08T11:21:13.344+0000] {wikipedia_etl2.py:174} INFO - Successfully scraped: I Want to Talk (2024)
[2025-06-08T11:21:15.036+0000] {wikipedia_etl2.py:174} INFO - Successfully scraped: Sikandar Ka Muqaddar (2024)
[2025-06-08T11:21:16.659+0000] {wikipedia_etl2.py:174} INFO - Successfully scraped: Agni (2024)
[2025-06-08T11:21:18.264+0000] {wikipedia_etl2.py:174} INFO - Successfully scraped: Zero Se Restart (2024)
[2025-06-08T11:21:19.975+0000] {wikipedia_etl2.py:174} INFO - Successfully scraped: Despatch (2024)
[2025-06-08T11:21:21.711+0000] {wikipedia_etl2.py:174} INFO - Successfully scraped: Vanvaas (2024)
[2025-06-08T11:21:24.921+0000] {wikipedia_etl2.py:174} INFO - Successfully scraped: Sharmila Tagore (2024)
[2025-06-08T11:21:27.129+0000] {wikipedia_etl2.py:174} INFO - Successfully scraped: Baby John (2024)
[2025-06-08T11:21:27.132+0000] {wikipedia_etl2.py:174} INFO - Successfully scraped: Kisko Tha Pata (2024) [No link]
[2025-06-08T11:21:30.136+0000] {logging_mixin.py:151} INFO - Scraping year 2025...
[2025-06-08T11:21:30.137+0000] {wikipedia_etl2.py:108} INFO - Scraping year 2025
[2025-06-08T11:21:34.374+0000] {wikipedia_etl2.py:174} INFO - Successfully scraped: Chhaava (2025)
[2025-06-08T11:21:35.997+0000] {wikipedia_etl2.py:174} INFO - Successfully scraped: Raid 2 (2025)
[2025-06-08T11:21:38.282+0000] {wikipedia_etl2.py:174} INFO - Successfully scraped: Sikandar (2025)
[2025-06-08T11:21:40.146+0000] {wikipedia_etl2.py:174} INFO - Successfully scraped: Sky Force (2025)
[2025-06-08T11:21:42.007+0000] {wikipedia_etl2.py:174} INFO - Successfully scraped: Kesari Chapter 2 (2025)
[2025-06-08T11:21:44.216+0000] {wikipedia_etl2.py:174} INFO - Successfully scraped: Jaat (2025)
[2025-06-08T11:21:46.072+0000] {wikipedia_etl2.py:174} INFO - Successfully scraped: Bhool Chuk Maaf (2025)
[2025-06-08T11:21:47.880+0000] {wikipedia_etl2.py:174} INFO - Successfully scraped: Housefull 5 (2025)
[2025-06-08T11:21:49.473+0000] {wikipedia_etl2.py:174} INFO - Successfully scraped: The Diplomat (2025)
[2025-06-08T11:21:51.944+0000] {wikipedia_etl2.py:174} INFO - Successfully scraped: Deva (2025)
[2025-06-08T11:21:55.077+0000] {wikipedia_etl2.py:174} INFO - Successfully scraped: The Rabbit House (2025)
[2025-06-08T11:21:56.784+0000] {wikipedia_etl2.py:174} INFO - Successfully scraped: Fateh (2025)
[2025-06-08T11:21:58.924+0000] {wikipedia_etl2.py:174} INFO - Successfully scraped: Match Fixing (2025)
[2025-06-08T11:22:01.054+0000] {wikipedia_etl2.py:174} INFO - Successfully scraped: Emergency (2025)
[2025-06-08T11:22:02.834+0000] {wikipedia_etl2.py:174} INFO - Successfully scraped: Azaad (2025)
[2025-06-08T11:22:04.173+0000] {wikipedia_etl2.py:174} INFO - Successfully scraped: Mission Grey House (2025)
[2025-06-08T11:22:05.586+0000] {wikipedia_etl2.py:174} INFO - Successfully scraped: Hisaab Barabar (2025)
[2025-06-08T11:22:07.818+0000] {wikipedia_etl2.py:174} INFO - Successfully scraped: Sky Force (2025)
[2025-06-08T11:22:09.929+0000] {wikipedia_etl2.py:174} INFO - Successfully scraped: Sweet Dreams (2025)
[2025-06-08T11:22:11.673+0000] {wikipedia_etl2.py:174} INFO - Successfully scraped: The Storyteller (2025)
[2025-06-08T11:22:14.164+0000] {wikipedia_etl2.py:174} INFO - Successfully scraped: Deva (2025)
[2025-06-08T11:22:15.887+0000] {wikipedia_etl2.py:174} INFO - Successfully scraped: Loveyapa (2025)
[2025-06-08T11:22:17.538+0000] {wikipedia_etl2.py:174} INFO - Successfully scraped: Badass Ravi Kumar (2025)
[2025-06-08T11:22:19.108+0000] {wikipedia_etl2.py:174} INFO - Successfully scraped: Mrs. (2025)
[2025-06-08T11:22:20.712+0000] {wikipedia_etl2.py:174} INFO - Successfully scraped: The Mehta Boys (2025)
[2025-06-08T11:22:22.156+0000] {wikipedia_etl2.py:174} INFO - Successfully scraped: Bobby Aur Rishi Ki Love Story (2025)
[2025-06-08T11:22:24.717+0000] {wikipedia_etl2.py:174} INFO - Successfully scraped: Chhaava (2025)
[2025-06-08T11:22:26.289+0000] {wikipedia_etl2.py:174} INFO - Successfully scraped: Dhoom Dhaam (2025)
[2025-06-08T11:22:27.994+0000] {wikipedia_etl2.py:174} INFO - Successfully scraped: Mere Husband Ki Biwi (2025)
[2025-06-08T11:22:29.534+0000] {wikipedia_etl2.py:174} INFO - Successfully scraped: Kaushaljis vs Kaushal (2025)
[2025-06-08T11:22:31.430+0000] {wikipedia_etl2.py:174} INFO - Successfully scraped: Shaila (2025)
[2025-06-08T11:22:34.778+0000] {wikipedia_etl2.py:174} INFO - Successfully scraped: Crazxy (2025)
[2025-06-08T11:22:36.280+0000] {wikipedia_etl2.py:174} INFO - Successfully scraped: Superboys of Malegaon (2025)
[2025-06-08T11:22:36.284+0000] {wikipedia_etl2.py:174} INFO - Successfully scraped: Dil Dosti Aur Dogs (2025) [No link]
[2025-06-08T11:22:38.298+0000] {wikipedia_etl2.py:174} INFO - Successfully scraped: Nadaaniyan (2025)
[2025-06-08T11:22:39.927+0000] {wikipedia_etl2.py:174} INFO - Successfully scraped: The Diplomat (2025)
[2025-06-08T11:22:41.928+0000] {wikipedia_etl2.py:174} INFO - Successfully scraped: My Melbourne (2025)
[2025-06-08T11:22:43.432+0000] {wikipedia_etl2.py:174} INFO - Successfully scraped: Be Happy (2025)
[2025-06-08T11:22:44.863+0000] {wikipedia_etl2.py:174} INFO - Successfully scraped: Inn Galiyon Mein (2025)
[2025-06-08T11:22:46.405+0000] {wikipedia_etl2.py:174} INFO - Successfully scraped: Aachari Baa (2025)
[2025-06-08T11:22:49.009+0000] {wikipedia_etl2.py:174} INFO - Successfully scraped: Baida (2025)
[2025-06-08T11:22:50.667+0000] {wikipedia_etl2.py:174} INFO - Successfully scraped: Tumko Meri Kasam (2025)
[2025-06-08T11:22:52.694+0000] {wikipedia_etl2.py:174} INFO - Successfully scraped: Pintu Ki Pappi (2025)
[2025-06-08T11:22:54.518+0000] {wikipedia_etl2.py:174} INFO - Successfully scraped: Sikandar (2025)
[2025-06-08T11:22:57.564+0000] {wikipedia_etl2.py:174} INFO - Successfully scraped: Jaat (2025)
[2025-06-08T11:22:59.062+0000] {wikipedia_etl2.py:174} INFO - Successfully scraped: Chhorii 2 (2025)
[2025-06-08T11:23:01.004+0000] {wikipedia_etl2.py:174} INFO - Successfully scraped: Kesari Chapter 2 (2025)
[2025-06-08T11:23:04.123+0000] {wikipedia_etl2.py:174} INFO - Successfully scraped: Logout (2025)
[2025-06-08T11:23:05.657+0000] {wikipedia_etl2.py:174} INFO - Successfully scraped: Ground Zero (2025)
[2025-06-08T11:23:07.450+0000] {wikipedia_etl2.py:174} INFO - Successfully scraped: Jewel Thief – The Heist Begins (2025)
[2025-06-08T11:23:09.049+0000] {wikipedia_etl2.py:174} INFO - Successfully scraped: Phule (2025)
[2025-06-08T11:23:09.051+0000] {wikipedia_etl2.py:174} INFO - Successfully scraped: Oye Bhootni Ke (2025) [No link]
[2025-06-08T11:23:11.182+0000] {wikipedia_etl2.py:174} INFO - Successfully scraped: Raid 2 (2025)
[2025-06-08T11:23:12.610+0000] {wikipedia_etl2.py:174} INFO - Successfully scraped: The Bhootnii (2025)
[2025-06-08T11:23:14.415+0000] {wikipedia_etl2.py:174} INFO - Successfully scraped: Costao (2025)
[2025-06-08T11:23:15.908+0000] {wikipedia_etl2.py:174} INFO - Successfully scraped: Vikram Kochhar (2025)
[2025-06-08T11:23:17.259+0000] {wikipedia_etl2.py:174} INFO - Successfully scraped: Romeo S3 (2025)
[2025-06-08T11:23:19.416+0000] {wikipedia_etl2.py:174} INFO - Successfully scraped: Bhool Chuk Maaf (2025)
[2025-06-08T11:23:21.143+0000] {wikipedia_etl2.py:174} INFO - Successfully scraped: Kapkapiii (2025)
[2025-06-08T11:23:22.637+0000] {wikipedia_etl2.py:174} INFO - Successfully scraped: Pune Highway (2025)
[2025-06-08T11:23:24.064+0000] {wikipedia_etl2.py:174} INFO - Successfully scraped: Kesari Veer (2025)
[2025-06-08T11:23:25.624+0000] {wikipedia_etl2.py:174} INFO - Successfully scraped: Chidiya (2025)
[2025-06-08T11:23:26.961+0000] {wikipedia_etl2.py:174} INFO - Successfully scraped: Interrogation (2025)
[2025-06-08T11:23:28.613+0000] {wikipedia_etl2.py:174} INFO - Successfully scraped: Stolen (2025)
[2025-06-08T11:23:30.302+0000] {wikipedia_etl2.py:174} INFO - Successfully scraped: Housefull 5 (2025)
[2025-06-08T11:23:31.983+0000] {wikipedia_etl2.py:174} INFO - Successfully scraped: Sitaare Zameen Par (2025)
[2025-06-08T11:23:33.519+0000] {wikipedia_etl2.py:174} INFO - Successfully scraped: Kuberaa (2025)
[2025-06-08T11:23:33.522+0000] {wikipedia_etl2.py:174} INFO - Successfully scraped: Detective Sherdil (2025) [No link]
[2025-06-08T11:23:35.898+0000] {wikipedia_etl2.py:174} INFO - Successfully scraped: Maa (2025)
[2025-06-08T11:23:35.901+0000] {wikipedia_etl2.py:174} INFO - Successfully scraped: Gyanvapi Files (2025) [No link]
[2025-06-08T11:23:35.902+0000] {wikipedia_etl2.py:174} INFO - Successfully scraped: Nikita Roy (2025) [No link]
[2025-06-08T11:23:38.719+0000] {wikipedia_etl2.py:174} INFO - Successfully scraped: Metro... In Dino (2025)
[2025-06-08T11:23:40.425+0000] {wikipedia_etl2.py:174} INFO - Successfully scraped: Maalik (2025)
[2025-06-08T11:23:41.912+0000] {wikipedia_etl2.py:174} INFO - Successfully scraped: Aankhon Ki Gustaakhiyan (2025)
[2025-06-08T11:23:44.131+0000] {wikipedia_etl2.py:174} INFO - Successfully scraped: Mohit Suri (2025)
[2025-06-08T11:23:45.426+0000] {wikipedia_etl2.py:174} INFO - Successfully scraped: Tanvi the Great (2025)
[2025-06-08T11:23:46.995+0000] {wikipedia_etl2.py:174} INFO - Successfully scraped: Param Sundari (2025)
[2025-06-08T11:23:48.431+0000] {wikipedia_etl2.py:174} INFO - Successfully scraped: Dhadak 2 (2025)
[2025-06-08T11:23:50.888+0000] {wikipedia_etl2.py:174} INFO - Successfully scraped: War 2 (2025)
[2025-06-08T11:23:53.522+0000] {wikipedia_etl2.py:174} INFO - Successfully scraped: Vivek Agnihotri (2025)
[2025-06-08T11:23:55.050+0000] {wikipedia_etl2.py:174} INFO - Successfully scraped: A. Harsha (2025)
[2025-06-08T11:23:56.549+0000] {wikipedia_etl2.py:174} INFO - Successfully scraped: Shashank Khaitan (2025)
[2025-06-08T11:23:58.196+0000] {wikipedia_etl2.py:174} INFO - Successfully scraped: Jolly LLB 3 (2025)
[2025-06-08T11:23:59.781+0000] {wikipedia_etl2.py:174} INFO - Successfully scraped: Vikram Bhatt (2025)
[2025-06-08T11:24:02.926+0000] {wikipedia_etl2.py:174} INFO - Successfully scraped: Sriram Raghavan (2025)
[2025-06-08T11:24:02.929+0000] {wikipedia_etl2.py:174} INFO - Successfully scraped: Ek Deewane ki Deewaniyat (2025) [No link]
[2025-06-08T11:24:04.598+0000] {wikipedia_etl2.py:174} INFO - Successfully scraped: Aditya Sarpotdar (2025)
[2025-06-08T11:24:04.601+0000] {wikipedia_etl2.py:174} INFO - Successfully scraped: Untitled film (2025) [No link]
[2025-06-08T11:24:06.640+0000] {wikipedia_etl2.py:174} INFO - Successfully scraped: De De Pyaar De 2 (2025)
[2025-06-08T11:24:09.784+0000] {wikipedia_etl2.py:174} INFO - Successfully scraped: Farhan Akhtar (2025)
[2025-06-08T11:24:11.465+0000] {wikipedia_etl2.py:174} INFO - Successfully scraped: Aanand L. Rai (2025)
[2025-06-08T11:24:14.340+0000] {wikipedia_etl2.py:174} INFO - Successfully scraped: Vishal Bhardwaj (2025)
[2025-06-08T11:24:17.987+0000] {wikipedia_etl2.py:174} INFO - Successfully scraped: Alia Bhatt (2025)
[2025-06-08T11:24:20.186+0000] {wikipedia_etl2.py:174} INFO - Successfully scraped: Adivi Sesh (2025)
[2025-06-08T11:24:21.983+0000] {wikipedia_etl2.py:174} INFO - Successfully scraped: Maddock Films (2025)
[2025-06-08T11:24:25.041+0000] {logging_mixin.py:151} INFO - ✅ All movie summaries and genres saved to /opt/airflow/data/processed/genre_combined_hindi_films.csv
[2025-06-08T11:24:25.050+0000] {python.py:194} INFO - Done. Returned value was: None
[2025-06-08T11:24:25.065+0000] {taskinstance.py:1400} INFO - Marking task as SUCCESS. dag_id=etl_wikipedia_pipeline, task_id=wikipedia_extraction2, execution_date=20250608T111612, start_date=20250608T111647, end_date=20250608T112425
[2025-06-08T11:24:25.130+0000] {local_task_job_runner.py:228} INFO - Task exited with return code 0
[2025-06-08T11:24:25.162+0000] {taskinstance.py:2778} INFO - 1 downstream tasks scheduled from follow-on schedule check
