[2025-06-07T18:06:21.217+0000] {taskinstance.py:1159} INFO - Dependencies all met for dep_context=non-requeueable deps ti=<TaskInstance: etl_wikipedia_pipeline.run_pentaho_transformation manual__2025-06-07T17:45:40.167634+00:00 [queued]>
[2025-06-07T18:06:21.659+0000] {taskinstance.py:1159} INFO - Dependencies all met for dep_context=requeueable deps ti=<TaskInstance: etl_wikipedia_pipeline.run_pentaho_transformation manual__2025-06-07T17:45:40.167634+00:00 [queued]>
[2025-06-07T18:06:21.660+0000] {taskinstance.py:1361} INFO - Starting attempt 1 of 1
[2025-06-07T18:06:21.735+0000] {taskinstance.py:1382} INFO - Executing <Task(PythonOperator): run_pentaho_transformation> on 2025-06-07 17:45:40.167634+00:00
[2025-06-07T18:06:21.803+0000] {standard_task_runner.py:57} INFO - Started process 155 to run task
[2025-06-07T18:06:21.813+0000] {standard_task_runner.py:84} INFO - Running: ['airflow', 'tasks', 'run', 'etl_wikipedia_pipeline', 'run_pentaho_transformation', 'manual__2025-06-07T17:45:40.167634+00:00', '--job-id', '12', '--raw', '--subdir', 'DAGS_FOLDER/wikipedia_dag.py', '--cfg-path', '/tmp/tmpn01k0bp8']
[2025-06-07T18:06:21.823+0000] {standard_task_runner.py:85} INFO - Job 12: Subtask run_pentaho_transformation
[2025-06-07T18:06:24.698+0000] {task_command.py:416} INFO - Running <TaskInstance: etl_wikipedia_pipeline.run_pentaho_transformation manual__2025-06-07T17:45:40.167634+00:00 [running]> on host 3c7dacd1bb6e
[2025-06-07T18:06:25.164+0000] {taskinstance.py:1662} INFO - Exporting env vars: AIRFLOW_CTX_DAG_OWNER='airflow' AIRFLOW_CTX_DAG_ID='etl_wikipedia_pipeline' AIRFLOW_CTX_TASK_ID='run_pentaho_transformation' AIRFLOW_CTX_EXECUTION_DATE='2025-06-07T17:45:40.167634+00:00' AIRFLOW_CTX_TRY_NUMBER='1' AIRFLOW_CTX_DAG_RUN_ID='manual__2025-06-07T17:45:40.167634+00:00'
[2025-06-07T18:13:30.407+0000] {logging_mixin.py:151} INFO - STDOUT:
[2025-06-07T18:13:30.657+0000] {logging_mixin.py:151} INFO -  #######################################################################
WARNING:  no libwebkitgtk-1.0 detected, some features will be unavailable
    Consider installing the package with apt-get or yum.
    e.g. 'sudo apt-get install libwebkitgtk-1.0-0'
#######################################################################
2025-06-07 18:12:34.744 - Pan - Start of run.
2025-06-07 18:12:41.562 - Transformation1Movies - Dispatching started for transformation [Transformation1Movies]
2025-06-07 18:12:42.087 - Carte - Installing timer to purge stale objects after 1440 minutes.
2025-06-07 18:12:56.505 - Table output.0 - Connected to database [Snowflake_Conn] (commit=1000)
2025-06-07 18:13:26.908 - Table input.0 - Finished reading query, closing connection
2025-06-07 18:13:26.912 - Filter rows.0 - Finished processing (I=0, O=0, R=1103, W=949, U=0, E=0)
2025-06-07 18:13:26.945 - Sort rows.0 - Finished processing (I=0, O=0, R=949, W=949, U=0, E=0)
2025-06-07 18:13:26.972 - Unique rows.0 - Finished processing (I=0, O=0, R=949, W=892, U=0, E=0)
2025-06-07 18:13:27.014 - User defined Java class.0 - Finished processing (I=0, O=0, R=892, W=892, U=0, E=0)
2025-06-07 18:13:27.092 - Table input.0 - Finished processing (I=1103, O=0, R=0, W=1103, U=0, E=0)
2025-06-07 18:13:29.564 - Table output.0 - Finished processing (I=0, O=892, R=892, W=892, U=0, E=0)
2025-06-07 18:13:29.581 - Pan - Finished!
2025-06-07 18:13:29.582 - Pan - Start=2025/06/07 18:12:41.526, Stop=2025/06/07 18:13:29.581
2025-06-07 18:13:29.583 - Pan - Processing ended after 48 seconds.
2025-06-07 18:13:29.583 - Transformation1Movies -  
2025-06-07 18:13:29.589 - Transformation1Movies - Step Table input.0 ended successfully, processed 1103 lines. ( 22 lines/s)
2025-06-07 18:13:29.590 - Transformation1Movies - Step Filter rows.0 ended successfully, processed 1103 lines. ( 22 lines/s)
2025-06-07 18:13:29.592 - Transformation1Movies - Step Sort rows.0 ended successfully, processed 949 lines. ( 19 lines/s)
2025-06-07 18:13:29.593 - Transformation1Movies - Step Unique rows.0 ended successfully, processed 949 lines. ( 19 lines/s)
2025-06-07 18:13:29.594 - Transformation1Movies - Step User defined Java class.0 ended successfully, processed 892 lines. ( 18 lines/s)
2025-06-07 18:13:29.595 - Transformation1Movies - Step Table output.0 ended successfully, processed 892 lines. ( 18 lines/s)
[2025-06-07T18:13:30.667+0000] {logging_mixin.py:151} INFO - STDERR:
[2025-06-07T18:13:30.668+0000] {logging_mixin.py:151} INFO -  
[2025-06-07T18:13:30.723+0000] {python.py:194} INFO - Done. Returned value was: None
[2025-06-07T18:13:31.971+0000] {taskinstance.py:1400} INFO - Marking task as SUCCESS. dag_id=etl_wikipedia_pipeline, task_id=run_pentaho_transformation, execution_date=20250607T174540, start_date=20250607T180621, end_date=20250607T181331
[2025-06-07T18:13:41.628+0000] {local_task_job_runner.py:294} WARNING - State of this instance has been externally set to success. Terminating instance.
[2025-06-07T18:13:50.683+0000] {process_utils.py:131} INFO - Sending 15 to group 155. PIDs of all processes in the group: [155]
[2025-06-07T18:13:50.812+0000] {process_utils.py:86} INFO - Sending the signal 15 to group 155
[2025-06-07T18:13:50.992+0000] {process_utils.py:79} INFO - Process psutil.Process(pid=155, status='terminated', exitcode=0, started='18:06:21') (155) terminated with exit code 0
