[2025-06-07T17:16:23.485+0000] {taskinstance.py:1159} INFO - Dependencies all met for dep_context=non-requeueable deps ti=<TaskInstance: etl_wikipedia_pipeline.wikipedia_extraction2 manual__2025-06-07T17:14:52.614092+00:00 [queued]>
[2025-06-07T17:16:23.498+0000] {taskinstance.py:1159} INFO - Dependencies all met for dep_context=requeueable deps ti=<TaskInstance: etl_wikipedia_pipeline.wikipedia_extraction2 manual__2025-06-07T17:14:52.614092+00:00 [queued]>
[2025-06-07T17:16:23.499+0000] {taskinstance.py:1361} INFO - Starting attempt 1 of 1
[2025-06-07T17:16:23.517+0000] {taskinstance.py:1382} INFO - Executing <Task(PythonOperator): wikipedia_extraction2> on 2025-06-07 17:14:52.614092+00:00
[2025-06-07T17:16:23.524+0000] {standard_task_runner.py:57} INFO - Started process 48 to run task
[2025-06-07T17:16:23.530+0000] {standard_task_runner.py:84} INFO - Running: ['airflow', 'tasks', 'run', 'etl_wikipedia_pipeline', 'wikipedia_extraction2', 'manual__2025-06-07T17:14:52.614092+00:00', '--job-id', '3', '--raw', '--subdir', 'DAGS_FOLDER/wikipedia_dag.py', '--cfg-path', '/tmp/tmp6dgf1ux2']
[2025-06-07T17:16:23.531+0000] {standard_task_runner.py:85} INFO - Job 3: Subtask wikipedia_extraction2
[2025-06-07T17:16:23.930+0000] {task_command.py:416} INFO - Running <TaskInstance: etl_wikipedia_pipeline.wikipedia_extraction2 manual__2025-06-07T17:14:52.614092+00:00 [running]> on host 3c7dacd1bb6e
[2025-06-07T17:16:24.030+0000] {taskinstance.py:1662} INFO - Exporting env vars: AIRFLOW_CTX_DAG_OWNER='Krishna Dubey' AIRFLOW_CTX_DAG_ID='etl_wikipedia_pipeline' AIRFLOW_CTX_TASK_ID='wikipedia_extraction2' AIRFLOW_CTX_EXECUTION_DATE='2025-06-07T17:14:52.614092+00:00' AIRFLOW_CTX_TRY_NUMBER='1' AIRFLOW_CTX_DAG_RUN_ID='manual__2025-06-07T17:14:52.614092+00:00'
[2025-06-07T17:16:25.230+0000] {logging_mixin.py:151} INFO - Scraping year 2020...
[2025-06-07T17:16:25.231+0000] {wikipedia_etl2.py:108} INFO - Scraping year 2020
[2025-06-07T17:16:33.868+0000] {wikipedia_etl2.py:174} INFO - Successfully scraped: Tanhaji (2020)
[2025-06-07T17:16:38.185+0000] {wikipedia_etl2.py:174} INFO - Successfully scraped: Baaghi 3 (2020)
[2025-06-07T17:16:39.833+0000] {wikipedia_etl2.py:174} INFO - Successfully scraped: Street Dancer 3D (2020)
[2025-06-07T17:16:41.905+0000] {wikipedia_etl2.py:174} INFO - Successfully scraped: Shubh Mangal Zyada Saavdhan (2020)
[2025-06-07T17:16:43.620+0000] {wikipedia_etl2.py:174} INFO - Successfully scraped: Malang (2020)
[2025-06-07T17:16:45.458+0000] {wikipedia_etl2.py:174} INFO - Successfully scraped: Chhapaak (2020)
[2025-06-07T17:16:47.282+0000] {wikipedia_etl2.py:174} INFO - Successfully scraped: Love Aaj Kal (2020)
[2025-06-07T17:16:49.471+0000] {wikipedia_etl2.py:174} INFO - Successfully scraped: Jawaani Jaaneman (2020)
[2025-06-07T17:16:51.334+0000] {wikipedia_etl2.py:174} INFO - Successfully scraped: Thappad (2020)
[2025-06-07T17:16:54.487+0000] {wikipedia_etl2.py:174} INFO - Successfully scraped: Panga (2020)
[2025-06-07T17:16:57.560+0000] {wikipedia_etl2.py:174} INFO - Successfully scraped: Ghost Stories (2020)
[2025-06-07T17:17:00.215+0000] {wikipedia_etl2.py:174} INFO - Successfully scraped: Beautiful (2020)
[2025-06-07T17:17:03.205+0000] {wikipedia_etl2.py:174} INFO - Successfully scraped: Bhangra Paa Le (2020)
[2025-06-07T17:17:05.511+0000] {wikipedia_etl2.py:174} INFO - Successfully scraped: Sab Kushal Mangal (2020)
[2025-06-07T17:17:08.296+0000] {wikipedia_etl2.py:174} INFO - Successfully scraped: Shimla Mirchi (2020)
[2025-06-07T17:17:10.390+0000] {wikipedia_etl2.py:174} INFO - Successfully scraped: Half Widow (2020)
[2025-06-07T17:17:12.198+0000] {wikipedia_etl2.py:174} INFO - Successfully scraped: Chhapaak (2020)
[2025-06-07T17:17:15.181+0000] {wikipedia_etl2.py:174} INFO - Successfully scraped: Tanhaji (2020)
[2025-06-07T17:17:15.808+0000] {wikipedia_etl2.py:65} WARNING - No valid summary found for https://en.wikipedia.org#cite_note-21
[2025-06-07T17:17:17.243+0000] {wikipedia_etl2.py:65} WARNING - No valid summary found for https://en.wikipedia.org#cite_note-21
[2025-06-07T17:17:17.249+0000] {wikipedia_etl2.py:174} INFO - Successfully scraped: [21] (2020)
[2025-06-07T17:17:19.267+0000] {wikipedia_etl2.py:174} INFO - Successfully scraped: Jai Mummy Di (2020)
[2025-06-07T17:17:21.248+0000] {wikipedia_etl2.py:174} INFO - Successfully scraped: Panga (2020)
[2025-06-07T17:17:23.379+0000] {wikipedia_etl2.py:174} INFO - Successfully scraped: Street Dancer 3D (2020)
[2025-06-07T17:17:25.967+0000] {wikipedia_etl2.py:174} INFO - Successfully scraped: Gul Makai (2020)
[2025-06-07T17:17:28.723+0000] {wikipedia_etl2.py:174} INFO - Successfully scraped: Happy Hardy and Heer (2020)
[2025-06-07T17:17:30.286+0000] {wikipedia_etl2.py:174} INFO - Successfully scraped: Jawaani Jaaneman (2020)
[2025-06-07T17:17:32.675+0000] {wikipedia_etl2.py:174} INFO - Successfully scraped: Pagleaazam (2020)
[2025-06-07T17:17:35.045+0000] {wikipedia_etl2.py:174} INFO - Successfully scraped: Operation Parindey (2020)
[2025-06-07T17:17:36.630+0000] {wikipedia_etl2.py:174} INFO - Successfully scraped: Hacked (2020)
[2025-06-07T17:17:39.482+0000] {wikipedia_etl2.py:174} INFO - Successfully scraped: Kaanchli Life in a Slough (2020)
[2025-06-07T17:17:41.178+0000] {wikipedia_etl2.py:174} INFO - Successfully scraped: Malang (2020)
[2025-06-07T17:17:41.180+0000] {wikipedia_etl2.py:174} INFO - Successfully scraped: Yahan Sabhi Gyani Hain (2020) [No link]
[2025-06-07T17:17:44.627+0000] {wikipedia_etl2.py:174} INFO - Successfully scraped: Shikara (2020)
[2025-06-07T17:17:45.228+0000] {wikipedia_etl2.py:65} WARNING - No valid summary found for https://en.wikipedia.org#cite_note-35
[2025-06-07T17:17:46.380+0000] {wikipedia_etl2.py:65} WARNING - No valid summary found for https://en.wikipedia.org#cite_note-35
[2025-06-07T17:17:46.385+0000] {wikipedia_etl2.py:174} INFO - Successfully scraped: [35] (2020)
[2025-06-07T17:17:47.976+0000] {wikipedia_etl2.py:174} INFO - Successfully scraped: Love Aaj Kal (2020)
[2025-06-07T17:17:50.016+0000] {wikipedia_etl2.py:174} INFO - Successfully scraped: Shukranu (2020)
[2025-06-07T17:17:51.917+0000] {wikipedia_etl2.py:174} INFO - Successfully scraped: Bhoot – Part One: The Haunted Ship (2020)
[2025-06-07T17:17:54.247+0000] {wikipedia_etl2.py:174} INFO - Successfully scraped: The Hundred Bucks (2020)
[2025-06-07T17:17:55.948+0000] {wikipedia_etl2.py:174} INFO - Successfully scraped: Shubh Mangal Zyada Saavdhan (2020)
[2025-06-07T17:17:58.690+0000] {wikipedia_etl2.py:174} INFO - Successfully scraped: Yeh Ballet (2020)
[2025-06-07T17:18:00.631+0000] {wikipedia_etl2.py:174} INFO - Successfully scraped: Doordarshan (2020)
[2025-06-07T17:18:03.246+0000] {wikipedia_etl2.py:174} INFO - Successfully scraped: Guns of Banaras (2020)
[2025-06-07T17:18:05.757+0000] {wikipedia_etl2.py:174} INFO - Successfully scraped: Haunted Hills (2020)
[2025-06-07T17:18:07.753+0000] {wikipedia_etl2.py:174} INFO - Successfully scraped: O Pushpa I Hate Tears (2020)
[2025-06-07T17:18:09.536+0000] {wikipedia_etl2.py:174} INFO - Successfully scraped: Thappad (2020)
[2025-06-07T17:18:11.746+0000] {wikipedia_etl2.py:174} INFO - Successfully scraped: Shivin Narang (2020)
[2025-06-07T17:18:13.692+0000] {wikipedia_etl2.py:174} INFO - Successfully scraped: Baaghi 3 (2020)
[2025-06-07T17:18:15.359+0000] {wikipedia_etl2.py:174} INFO - Successfully scraped: Guilty (2020)
[2025-06-07T17:18:17.164+0000] {wikipedia_etl2.py:174} INFO - Successfully scraped: Kaamyaab (2020)
[2025-06-07T17:18:20.367+0000] {wikipedia_etl2.py:174} INFO - Successfully scraped: Angrezi Medium (2020)
[2025-06-07T17:18:21.805+0000] {wikipedia_etl2.py:174} INFO - Successfully scraped: Maska (2020)
[2025-06-07T17:18:25.523+0000] {wikipedia_etl2.py:174} INFO - Successfully scraped: Bamfaad (2020)
[2025-06-07T17:18:27.387+0000] {wikipedia_etl2.py:174} INFO - Successfully scraped: Ateet (2020)
[2025-06-07T17:18:28.869+0000] {wikipedia_etl2.py:174} INFO - Successfully scraped: Mrs. Serial Killer (2020)
[2025-06-07T17:18:30.198+0000] {wikipedia_etl2.py:174} INFO - Successfully scraped: Court Martial (2020)
[2025-06-07T17:18:31.990+0000] {wikipedia_etl2.py:174} INFO - Successfully scraped: What Are the Odds (2020)
[2025-06-07T17:18:33.503+0000] {wikipedia_etl2.py:174} INFO - Successfully scraped: Ghoomketu (2020)
[2025-06-07T17:18:34.111+0000] {wikipedia_etl2.py:65} WARNING - No valid summary found for https://en.wikipedia.org#cite_note-62
[2025-06-07T17:18:35.571+0000] {wikipedia_etl2.py:65} WARNING - No valid summary found for https://en.wikipedia.org#cite_note-62
[2025-06-07T17:18:35.579+0000] {wikipedia_etl2.py:174} INFO - Successfully scraped: [62] (2020)
[2025-06-07T17:18:37.497+0000] {wikipedia_etl2.py:174} INFO - Successfully scraped: Chintu Ka Birthday (2020)
[2025-06-07T17:18:39.144+0000] {wikipedia_etl2.py:174} INFO - Successfully scraped: Choked (2020)
[2025-06-07T17:18:42.105+0000] {wikipedia_etl2.py:174} INFO - Successfully scraped: Axone (2020)
[2025-06-07T17:18:44.367+0000] {wikipedia_etl2.py:174} INFO - Successfully scraped: Gulabo Sitabo (2020)
[2025-06-07T17:18:47.040+0000] {wikipedia_etl2.py:174} INFO - Successfully scraped: Kadakh (2020)
[2025-06-07T17:18:49.042+0000] {wikipedia_etl2.py:174} INFO - Successfully scraped: Chaman Bahaar (2020)
[2025-06-07T17:18:51.433+0000] {wikipedia_etl2.py:174} INFO - Successfully scraped: Bulbbul (2020)
[2025-06-07T17:18:55.400+0000] {wikipedia_etl2.py:174} INFO - Successfully scraped: Bhonsle (2020)
[2025-06-07T17:18:59.466+0000] {wikipedia_etl2.py:174} INFO - Successfully scraped: Kushal Tandon (2020)
[2025-06-07T17:19:05.688+0000] {wikipedia_etl2.py:174} INFO - Successfully scraped: Virgin Bhanupriya (2020)
[2025-06-07T17:19:11.803+0000] {wikipedia_etl2.py:174} INFO - Successfully scraped: Dil Bechara (2020)
[2025-06-07T17:19:15.327+0000] {wikipedia_etl2.py:174} INFO - Successfully scraped: Yaara (2020)
[2025-06-07T17:19:20.856+0000] {wikipedia_etl2.py:174} INFO - Successfully scraped: Shakuntala Devi (2020)
[2025-06-07T17:19:23.227+0000] {wikipedia_etl2.py:174} INFO - Successfully scraped: Lootcase (2020)
[2025-06-07T17:19:25.920+0000] {wikipedia_etl2.py:174} INFO - Successfully scraped: Raat Akeli Hai (2020)
[2025-06-07T17:19:27.979+0000] {wikipedia_etl2.py:174} INFO - Successfully scraped: Pareeksha (2020)
[2025-06-07T17:19:29.978+0000] {wikipedia_etl2.py:174} INFO - Successfully scraped: Gunjan Saxena: The Kargil Girl (2020)
[2025-06-07T17:19:32.372+0000] {wikipedia_etl2.py:174} INFO - Successfully scraped: Khuda Haafiz (2020)
[2025-06-07T17:19:34.139+0000] {wikipedia_etl2.py:174} INFO - Successfully scraped: Namit Das (2020)
[2025-06-07T17:19:35.875+0000] {wikipedia_etl2.py:174} INFO - Successfully scraped: Class of '83 (2020)
[2025-06-07T17:19:38.355+0000] {wikipedia_etl2.py:174} INFO - Successfully scraped: Mee Raqsam (2020)
[2025-06-07T17:19:40.863+0000] {wikipedia_etl2.py:174} INFO - Successfully scraped: Sadak 2 (2020)
[2025-06-07T17:19:42.369+0000] {wikipedia_etl2.py:174} INFO - Successfully scraped: Ram Singh Charlie (2020)
[2025-06-07T17:19:44.535+0000] {wikipedia_etl2.py:174} INFO - Successfully scraped: Atkan Chatkan (2020)
[2025-06-07T17:19:46.388+0000] {wikipedia_etl2.py:174} INFO - Successfully scraped: Cargo (2020)
[2025-06-07T17:19:49.490+0000] {wikipedia_etl2.py:174} INFO - Successfully scraped: Dolly Kitty Aur Woh Chamakte Sitare (2020)
[2025-06-07T17:19:51.006+0000] {wikipedia_etl2.py:174} INFO - Successfully scraped: London Confidential (2020)
[2025-06-07T17:19:53.756+0000] {wikipedia_etl2.py:174} INFO - Successfully scraped: Halahal (2020)
[2025-06-07T17:19:57.479+0000] {wikipedia_etl2.py:174} INFO - Successfully scraped: Khaali Peeli (2020)
[2025-06-07T17:19:59.051+0000] {wikipedia_etl2.py:174} INFO - Successfully scraped: Serious Men (2020)
[2025-06-07T17:20:01.129+0000] {wikipedia_etl2.py:174} INFO - Successfully scraped: Bahut Hua Samman (2020)
[2025-06-07T17:20:03.182+0000] {wikipedia_etl2.py:174} INFO - Successfully scraped: Ginny Weds Sunny (2020)
[2025-06-07T17:20:06.443+0000] {wikipedia_etl2.py:174} INFO - Successfully scraped: The Pickup Artist (2020)
[2025-06-07T17:20:09.035+0000] {wikipedia_etl2.py:174} INFO - Successfully scraped: Comedy Couple (2020)
[2025-06-07T17:20:11.695+0000] {wikipedia_etl2.py:174} INFO - Successfully scraped: Mita Vasisht (2020)
[2025-06-07T17:20:13.451+0000] {wikipedia_etl2.py:174} INFO - Successfully scraped: Taish (2020)
[2025-06-07T17:20:15.745+0000] {wikipedia_etl2.py:174} INFO - Successfully scraped: Kaali Khuhi (2020)
[2025-06-07T17:20:17.692+0000] {wikipedia_etl2.py:174} INFO - Successfully scraped: Pepper Chicken (2020)
[2025-06-07T17:20:19.758+0000] {wikipedia_etl2.py:174} INFO - Successfully scraped: Laxmii (2020)
[2025-06-07T17:20:21.601+0000] {wikipedia_etl2.py:174} INFO - Successfully scraped: Dhira (2020)
[2025-06-07T17:20:24.391+0000] {wikipedia_etl2.py:174} INFO - Successfully scraped: Ludo (2020)
[2025-06-07T17:20:26.171+0000] {wikipedia_etl2.py:174} INFO - Successfully scraped: Chhalaang (2020)
[2025-06-07T17:20:26.173+0000] {wikipedia_etl2.py:174} INFO - Successfully scraped: Namumkin Tere Bin Jeena (2020) [No link]
[2025-06-07T17:20:27.985+0000] {wikipedia_etl2.py:174} INFO - Successfully scraped: Sir (2020)
[2025-06-07T17:20:30.174+0000] {wikipedia_etl2.py:174} INFO - Successfully scraped: Suraj Pe Mangal Bhari (2020)
[2025-06-07T17:20:31.787+0000] {wikipedia_etl2.py:174} INFO - Successfully scraped: Anwar Ka Ajab Kissa (2020)
[2025-06-07T17:20:34.216+0000] {wikipedia_etl2.py:174} INFO - Successfully scraped: It's My Life (2020)
[2025-06-07T17:20:36.548+0000] {wikipedia_etl2.py:174} INFO - Successfully scraped: Darbaan (2020)
[2025-06-07T17:20:39.085+0000] {wikipedia_etl2.py:174} INFO - Successfully scraped: Durgamati (2020)
[2025-06-07T17:20:40.872+0000] {wikipedia_etl2.py:174} INFO - Successfully scraped: Indoo Ki Jawani (2020)
[2025-06-07T17:20:43.537+0000] {wikipedia_etl2.py:174} INFO - Successfully scraped: Nirvana Inn (2020)
[2025-06-07T17:20:45.478+0000] {wikipedia_etl2.py:174} INFO - Successfully scraped: Torbaaz (2020)
[2025-06-07T17:20:47.677+0000] {wikipedia_etl2.py:174} INFO - Successfully scraped: Eeb Allay Ooo! (2020)
[2025-06-07T17:20:50.179+0000] {wikipedia_etl2.py:174} INFO - Successfully scraped: Sayonee (2020)
[2025-06-07T17:20:52.841+0000] {wikipedia_etl2.py:174} INFO - Successfully scraped: Omprakash Zindabad (2020)
[2025-06-07T17:20:55.097+0000] {wikipedia_etl2.py:174} INFO - Successfully scraped: Unpaused (2020)
[2025-06-07T17:20:57.480+0000] {wikipedia_etl2.py:174} INFO - Successfully scraped: AK vs AK (2020)
[2025-06-07T17:20:59.374+0000] {wikipedia_etl2.py:174} INFO - Successfully scraped: Coolie No. 1 (2020)
[2025-06-07T17:21:01.923+0000] {wikipedia_etl2.py:174} INFO - Successfully scraped: Shakeela (2020)
[2025-06-07T17:21:04.928+0000] {logging_mixin.py:151} INFO - Scraping year 2021...
[2025-06-07T17:21:04.936+0000] {wikipedia_etl2.py:108} INFO - Scraping year 2021
[2025-06-07T17:21:07.760+0000] {wikipedia_etl2.py:65} WARNING - No valid summary found for https://en.wikipedia.org/wiki/Sooryavanshi
[2025-06-07T17:21:11.716+0000] {wikipedia_etl2.py:65} WARNING - No valid summary found for https://en.wikipedia.org/wiki/Sooryavanshi
[2025-06-07T17:21:11.722+0000] {wikipedia_etl2.py:174} INFO - Successfully scraped: Sooryavanshi (2021)
[2025-06-07T17:21:17.220+0000] {wikipedia_etl2.py:174} INFO - Successfully scraped: 83 (2021)
[2025-06-07T17:21:19.485+0000] {wikipedia_etl2.py:174} INFO - Successfully scraped: Antim: The Final Truth (2021)
[2025-06-07T17:21:21.844+0000] {wikipedia_etl2.py:174} INFO - Successfully scraped: Bell Bottom (2021)
[2025-06-07T17:21:24.983+0000] {wikipedia_etl2.py:174} INFO - Successfully scraped: Chandigarh Kare Aashiqui (2021)
[2025-06-07T17:21:26.885+0000] {wikipedia_etl2.py:174} INFO - Successfully scraped: Tadap (2021)
[2025-06-07T17:21:29.013+0000] {wikipedia_etl2.py:174} INFO - Successfully scraped: Roohi (2021)
[2025-06-07T17:21:31.864+0000] {wikipedia_etl2.py:174} INFO - Successfully scraped: Mumbai Saga (2021)
[2025-06-07T17:21:33.851+0000] {wikipedia_etl2.py:174} INFO - Successfully scraped: Bunty Aur Babli 2 (2021)
[2025-06-07T17:21:36.823+0000] {wikipedia_etl2.py:174} INFO - Successfully scraped: Radhe (2021)
[2025-06-07T17:21:40.011+0000] {wikipedia_etl2.py:174} INFO - Successfully scraped: Nail Polish (2021)
[2025-06-07T17:21:41.651+0000] {wikipedia_etl2.py:174} INFO - Successfully scraped: Ramprasad Ki Tehrvi (2021)
[2025-06-07T17:21:45.432+0000] {wikipedia_etl2.py:174} INFO - Successfully scraped: Kaagaz (2021)
[2025-06-07T17:21:47.129+0000] {wikipedia_etl2.py:174} INFO - Successfully scraped: 12 'O' Clock (2021)
[2025-06-07T17:21:49.311+0000] {wikipedia_etl2.py:174} INFO - Successfully scraped: The Power (2021)
[2025-06-07T17:21:51.832+0000] {wikipedia_etl2.py:174} INFO - Successfully scraped: Bolo Hau (2021)
[2025-06-07T17:21:55.097+0000] {wikipedia_etl2.py:174} INFO - Successfully scraped: Tribhanga (2021)
[2025-06-07T17:21:56.657+0000] {wikipedia_etl2.py:68} ERROR - Attempt 1 failed for https://en.wikipedia.org/w/index.php?title=Jamun_(film)&action=edit&redlink=1: 404 Client Error: Not Found for url: https://en.wikipedia.org/wiki/Jamun_(film)
[2025-06-07T17:21:58.364+0000] {wikipedia_etl2.py:68} ERROR - Attempt 2 failed for https://en.wikipedia.org/w/index.php?title=Jamun_(film)&action=edit&redlink=1: 404 Client Error: Not Found for url: https://en.wikipedia.org/wiki/Jamun_(film)
[2025-06-07T17:22:01.095+0000] {wikipedia_etl2.py:68} ERROR - Attempt 3 failed for https://en.wikipedia.org/w/index.php?title=Jamun_(film)&action=edit&redlink=1: 404 Client Error: Not Found for url: https://en.wikipedia.org/wiki/Jamun_(film)
[2025-06-07T17:22:01.789+0000] {wikipedia_etl2.py:98} ERROR - Failed to fetch genre for https://en.wikipedia.org/w/index.php?title=Jamun_(film)&action=edit&redlink=1: 404 Client Error: Not Found for url: https://en.wikipedia.org/wiki/Jamun_(film)
[2025-06-07T17:22:01.801+0000] {wikipedia_etl2.py:174} INFO - Successfully scraped: Jamun (2021)
[2025-06-07T17:22:04.613+0000] {wikipedia_etl2.py:174} INFO - Successfully scraped: Madam Chief Minister (2021)
[2025-06-07T17:22:06.595+0000] {wikipedia_etl2.py:174} INFO - Successfully scraped: Shemaroo Entertainment (2021)
[2025-06-07T17:22:09.152+0000] {wikipedia_etl2.py:174} INFO - Successfully scraped: Maassab (2021)
[2025-06-07T17:22:10.681+0000] {wikipedia_etl2.py:174} INFO - Successfully scraped: Main Mulayam Singh Yadav (2021)
[2025-06-07T17:22:10.685+0000] {wikipedia_etl2.py:174} INFO - Successfully scraped: Satya Sai Baba (2021) [No link]
[2025-06-07T17:22:12.445+0000] {wikipedia_etl2.py:174} INFO - Successfully scraped: Lahore Confidential (2021)
[2025-06-07T17:22:14.121+0000] {wikipedia_etl2.py:174} INFO - Successfully scraped: Gehana Vasisth (2021)
[2025-06-07T17:22:16.254+0000] {wikipedia_etl2.py:174} INFO - Successfully scraped: Aahana Kumra (2021)
[2025-06-07T17:22:17.881+0000] {wikipedia_etl2.py:174} INFO - Successfully scraped: Tuesdays and Fridays (2021)
[2025-06-07T17:22:17.885+0000] {wikipedia_etl2.py:174} INFO - Successfully scraped: Tank Cleaner (2021) [No link]
[2025-06-07T17:22:21.298+0000] {wikipedia_etl2.py:174} INFO - Successfully scraped: The Girl on the Train (2021)
[2025-06-07T17:22:23.041+0000] {wikipedia_etl2.py:174} INFO - Successfully scraped: Bombay Rose (2021)
[2025-06-07T17:22:25.112+0000] {wikipedia_etl2.py:174} INFO - Successfully scraped: Roohi (2021)
[2025-06-07T17:22:27.947+0000] {wikipedia_etl2.py:174} INFO - Successfully scraped: Mera Fauji Calling (2021)
[2025-06-07T17:22:29.577+0000] {wikipedia_etl2.py:174} INFO - Successfully scraped: Time to Dance (2021)
[2025-06-07T17:22:32.097+0000] {wikipedia_etl2.py:174} INFO - Successfully scraped: Ahaan (2021)
[2025-06-07T17:22:34.183+0000] {wikipedia_etl2.py:174} INFO - Successfully scraped: Mumbai Saga (2021)
[2025-06-07T17:22:36.326+0000] {wikipedia_etl2.py:174} INFO - Successfully scraped: Sandeep Aur Pinky Faraar (2021)
[2025-06-07T17:22:37.923+0000] {wikipedia_etl2.py:174} INFO - Successfully scraped: The Wife (2021)
[2025-06-07T17:22:40.948+0000] {wikipedia_etl2.py:174} INFO - Successfully scraped: Switchh (2021)
[2025-06-07T17:22:42.719+0000] {wikipedia_etl2.py:174} INFO - Successfully scraped: D Company (2021)
[2025-06-07T17:22:45.490+0000] {wikipedia_etl2.py:174} INFO - Successfully scraped: Pagglait (2021)
[2025-06-07T17:22:48.095+0000] {wikipedia_etl2.py:174} INFO - Successfully scraped: Rajpal Yadav (2021)
[2025-06-07T17:22:51.107+0000] {wikipedia_etl2.py:174} INFO - Successfully scraped: Saina (2021)
[2025-06-07T17:22:53.048+0000] {wikipedia_etl2.py:174} INFO - Successfully scraped: Silence... Can You Hear It? (2021)
[2025-06-07T17:22:56.081+0000] {wikipedia_etl2.py:174} INFO - Successfully scraped: Flight (2021)
[2025-06-07T17:22:57.735+0000] {wikipedia_etl2.py:174} INFO - Successfully scraped: Koi Jaane Na (2021)
[2025-06-07T17:23:00.271+0000] {wikipedia_etl2.py:174} INFO - Successfully scraped: The Big Bull (2021)
[2025-06-07T17:23:03.598+0000] {wikipedia_etl2.py:174} INFO - Successfully scraped: Hello Charlie (2021)
[2025-06-07T17:23:06.631+0000] {wikipedia_etl2.py:174} INFO - Successfully scraped: 99 Songs (2021)
[2025-06-07T17:23:06.634+0000] {wikipedia_etl2.py:174} INFO - Successfully scraped: Aa Bhi Ja O Piya (2021) [No link]
[2025-06-07T17:23:08.850+0000] {wikipedia_etl2.py:174} INFO - Successfully scraped: Ajeeb Daastaans (2021)
[2025-06-07T17:23:11.946+0000] {wikipedia_etl2.py:174} INFO - Successfully scraped: Bansuri: The Flute (2021)
[2025-06-07T17:23:13.728+0000] {wikipedia_etl2.py:174} INFO - Successfully scraped: Raat Baaki Hai (2021)
[2025-06-07T17:23:14.473+0000] {wikipedia_etl2.py:65} WARNING - No valid summary found for https://en.wikipedia.org#cite_note-53
[2025-06-07T17:23:15.979+0000] {wikipedia_etl2.py:65} WARNING - No valid summary found for https://en.wikipedia.org#cite_note-53
[2025-06-07T17:23:15.990+0000] {wikipedia_etl2.py:174} INFO - Successfully scraped: [51] (2021)
[2025-06-07T17:23:19.072+0000] {wikipedia_etl2.py:174} INFO - Successfully scraped: Meel Patthar (2021)
[2025-06-07T17:23:20.987+0000] {wikipedia_etl2.py:174} INFO - Successfully scraped: Hum Bhi Akele Tum Bhi Akele (2021)
[2025-06-07T17:23:23.806+0000] {wikipedia_etl2.py:174} INFO - Successfully scraped: Radhe (2021)
[2025-06-07T17:23:25.991+0000] {wikipedia_etl2.py:174} INFO - Successfully scraped: Sardar Ka Grandson (2021)
[2025-06-07T17:23:28.649+0000] {wikipedia_etl2.py:174} INFO - Successfully scraped: Shaadisthan (2021)
[2025-06-07T17:23:30.310+0000] {wikipedia_etl2.py:174} INFO - Successfully scraped: Skater Girl (2021)
[2025-06-07T17:23:32.171+0000] {wikipedia_etl2.py:174} INFO - Successfully scraped: Sherni (2021)
[2025-06-07T17:23:36.419+0000] {wikipedia_etl2.py:174} INFO - Successfully scraped: Haseen Dillruba (2021)
[2025-06-07T17:23:38.352+0000] {wikipedia_etl2.py:174} INFO - Successfully scraped: Collar Bomb (2021)
[2025-06-07T17:23:39.942+0000] {wikipedia_etl2.py:174} INFO - Successfully scraped: State of Siege: Temple Attack (2021)
[2025-06-07T17:23:41.835+0000] {wikipedia_etl2.py:174} INFO - Successfully scraped: Toofaan (2021)
[2025-06-07T17:23:43.703+0000] {wikipedia_etl2.py:174} INFO - Successfully scraped: 14 Phere (2021)
[2025-06-07T17:23:45.464+0000] {wikipedia_etl2.py:174} INFO - Successfully scraped: Hungama 2 (2021)
[2025-06-07T17:23:47.563+0000] {wikipedia_etl2.py:174} INFO - Successfully scraped: Mimi (2021)
[2025-06-07T17:23:49.443+0000] {wikipedia_etl2.py:174} INFO - Successfully scraped: Dial 100 (2021)
[2025-06-07T17:23:49.446+0000] {wikipedia_etl2.py:174} INFO - Successfully scraped: Oye Mamu (2021) [No link]
[2025-06-07T17:23:52.074+0000] {wikipedia_etl2.py:174} INFO - Successfully scraped: Shershaah (2021)
[2025-06-07T17:23:54.614+0000] {wikipedia_etl2.py:174} INFO - Successfully scraped: Bhuj: The Pride of India (2021)
[2025-06-07T17:23:56.662+0000] {wikipedia_etl2.py:174} INFO - Successfully scraped: Bell Bottom (2021)
[2025-06-07T17:23:58.722+0000] {wikipedia_etl2.py:174} INFO - Successfully scraped: 200 – Halla Ho (2021)
[2025-06-07T17:24:01.200+0000] {wikipedia_etl2.py:174} INFO - Successfully scraped: Chehre (2021)
[2025-06-07T17:24:04.471+0000] {wikipedia_etl2.py:174} INFO - Successfully scraped: Helmet (2021)
[2025-06-07T17:24:06.778+0000] {wikipedia_etl2.py:174} INFO - Successfully scraped: Faactory (2021)
[2025-06-07T17:24:08.816+0000] {wikipedia_etl2.py:174} INFO - Successfully scraped: Bhoot Police (2021)
[2025-06-07T17:24:10.748+0000] {wikipedia_etl2.py:174} INFO - Successfully scraped: Kya Meri Sonam Gupta Bewafa Hai? (2021)
[2025-06-07T17:24:13.286+0000] {wikipedia_etl2.py:174} INFO - Successfully scraped: Thalaivii (2021)
[2025-06-07T17:24:15.294+0000] {wikipedia_etl2.py:174} INFO - Successfully scraped: Urf Ghanta (2021)
[2025-06-07T17:24:18.202+0000] {wikipedia_etl2.py:174} INFO - Successfully scraped: Ankahi Kahaniya (2021)
[2025-06-07T17:24:20.066+0000] {wikipedia_etl2.py:174} INFO - Successfully scraped: Haathi Mere Saathi (2021)
[2025-06-07T17:24:23.247+0000] {wikipedia_etl2.py:174} INFO - Successfully scraped: Shiddat (2021)
[2025-06-07T17:24:25.310+0000] {wikipedia_etl2.py:174} INFO - Successfully scraped: Sumeru (2021)
[2025-06-07T17:24:27.785+0000] {wikipedia_etl2.py:174} INFO - Successfully scraped: Rashmi Rocket (2021)
[2025-06-07T17:24:29.326+0000] {wikipedia_etl2.py:174} INFO - Successfully scraped: Sanak (2021)
[2025-06-07T17:24:32.113+0000] {wikipedia_etl2.py:174} INFO - Successfully scraped: Sardar Udham (2021)
[2025-06-07T17:24:34.419+0000] {wikipedia_etl2.py:174} INFO - Successfully scraped: Bhavai (2021)
[2025-06-07T17:24:36.390+0000] {wikipedia_etl2.py:174} INFO - Successfully scraped: Babloo Bachelor (2021)
[2025-06-07T17:24:38.358+0000] {wikipedia_etl2.py:174} INFO - Successfully scraped: Aafat-E-Ishq (2021)
[2025-06-07T17:24:39.973+0000] {wikipedia_etl2.py:174} INFO - Successfully scraped: Adhyayan Suman (2021)
[2025-06-07T17:24:41.725+0000] {wikipedia_etl2.py:174} INFO - Successfully scraped: Dybbuk (2021)
[2025-06-07T17:24:43.729+0000] {wikipedia_etl2.py:174} INFO - Successfully scraped: Hum Do Hamare Do (2021)
[2025-06-07T17:24:45.987+0000] {wikipedia_etl2.py:174} INFO - Successfully scraped: Meenakshi Sundareshwar (2021)
[2025-06-07T17:24:46.699+0000] {wikipedia_etl2.py:65} WARNING - No valid summary found for https://en.wikipedia.org/wiki/Sooryavanshi
[2025-06-07T17:24:48.222+0000] {wikipedia_etl2.py:65} WARNING - No valid summary found for https://en.wikipedia.org/wiki/Sooryavanshi
[2025-06-07T17:24:48.229+0000] {wikipedia_etl2.py:174} INFO - Successfully scraped: Sooryavanshi (2021)
[2025-06-07T17:24:50.271+0000] {wikipedia_etl2.py:174} INFO - Successfully scraped: Squad (2021)
[2025-06-07T17:24:52.166+0000] {wikipedia_etl2.py:174} INFO - Successfully scraped: Bunty Aur Babli 2 (2021)
[2025-06-07T17:24:54.819+0000] {wikipedia_etl2.py:174} INFO - Successfully scraped: Dhamaka (2021)
[2025-06-07T17:24:56.482+0000] {wikipedia_etl2.py:174} INFO - Successfully scraped: Amol Parashar (2021)
[2025-06-07T17:24:56.484+0000] {wikipedia_etl2.py:174} INFO - Successfully scraped: Ye Mard Bechara (2021) [No link]
[2025-06-07T17:24:58.377+0000] {wikipedia_etl2.py:174} INFO - Successfully scraped: Satyameva Jayate 2 (2021)
[2025-06-07T17:25:00.285+0000] {wikipedia_etl2.py:174} INFO - Successfully scraped: Antim: The Final Truth (2021)
[2025-06-07T17:25:01.795+0000] {wikipedia_etl2.py:174} INFO - Successfully scraped: Chhorii (2021)
[2025-06-07T17:25:04.322+0000] {wikipedia_etl2.py:174} INFO - Successfully scraped: Tadap (2021)
[2025-06-07T17:25:08.808+0000] {wikipedia_etl2.py:174} INFO - Successfully scraped: Bob Biswas (2021)
[2025-06-07T17:25:11.379+0000] {wikipedia_etl2.py:174} INFO - Successfully scraped: Chandigarh Kare Aashiqui (2021)
[2025-06-07T17:25:13.261+0000] {wikipedia_etl2.py:174} INFO - Successfully scraped: Velle (2021)
[2025-06-07T17:25:14.944+0000] {wikipedia_etl2.py:174} INFO - Successfully scraped: Code Name Abdul (2021)
[2025-06-07T17:25:17.453+0000] {wikipedia_etl2.py:174} INFO - Successfully scraped: 420 IPC (2021)
[2025-06-07T17:25:22.458+0000] {wikipedia_etl2.py:174} INFO - Successfully scraped: 83 (2021)
[2025-06-07T17:25:25.478+0000] {wikipedia_etl2.py:174} INFO - Successfully scraped: Atrangi Re (2021)
[2025-06-07T17:25:27.263+0000] {wikipedia_etl2.py:174} INFO - Successfully scraped: Murder at Teesri Manzil 302 (2021)
[2025-06-07T17:25:29.758+0000] {wikipedia_etl2.py:174} INFO - Successfully scraped: Waah Zindagi (2021)
[2025-06-07T17:25:32.844+0000] {logging_mixin.py:151} INFO - ✅ All movie summaries and genres saved to /opt/airflow/data/processed/genre_combined_hindi_films.csv
[2025-06-07T17:25:32.854+0000] {python.py:194} INFO - Done. Returned value was: None
[2025-06-07T17:25:32.884+0000] {taskinstance.py:1400} INFO - Marking task as SUCCESS. dag_id=etl_wikipedia_pipeline, task_id=wikipedia_extraction2, execution_date=20250607T171452, start_date=20250607T171623, end_date=20250607T172532
[2025-06-07T17:25:33.054+0000] {local_task_job_runner.py:228} INFO - Task exited with return code 0
[2025-06-07T17:25:33.160+0000] {taskinstance.py:2778} INFO - 1 downstream tasks scheduled from follow-on schedule check
