[2025-06-08T10:29:53.180+0000] {task_command.py:416} INFO - Running <TaskInstance: etl_wikipedia_pipeline.wikipedia_extraction scheduled__2025-06-01T00:00:00+00:00 [failed]> on host c53596a4c7f4
[2025-06-08T10:29:54.004+0000] {taskinstance.py:1662} INFO - Exporting env vars: AIRFLOW_CTX_DAG_OWNER='Krishna Dubey' AIRFLOW_CTX_DAG_ID='etl_wikipedia_pipeline' AIRFLOW_CTX_TASK_ID='wikipedia_extraction' AIRFLOW_CTX_EXECUTION_DATE='2025-06-01T00:00:00+00:00' AIRFLOW_CTX_TRY_NUMBER='2' AIRFLOW_CTX_DAG_RUN_ID='scheduled__2025-06-01T00:00:00+00:00'
[2025-06-08T10:30:27.880+0000] {taskinstance.py:1632} ERROR - Received SIGTERM. Terminating subprocesses.
[2025-06-08T10:30:27.881+0000] {logging_mixin.py:151} WARNING - Exception ignored in: <function WeakKeyDictionary.__init__.<locals>.remove at 0x79bb1c74a940>
[2025-06-08T10:30:27.882+0000] {logging_mixin.py:151} WARNING - Traceback (most recent call last):
[2025-06-08T10:30:27.882+0000] {logging_mixin.py:151} WARNING -   File "/usr/local/lib/python3.9/weakref.py", line 370, in remove
[2025-06-08T10:30:27.884+0000] {logging_mixin.py:151} WARNING -     def remove(k, selfref=ref(self)):
[2025-06-08T10:30:27.885+0000] {logging_mixin.py:151} WARNING -   File "/home/airflow/.local/lib/python3.9/site-packages/airflow/models/taskinstance.py", line 1634, in signal_handler
[2025-06-08T10:30:27.889+0000] {logging_mixin.py:151} WARNING -     raise AirflowException("Task received SIGTERM signal")
[2025-06-08T10:30:27.890+0000] {logging_mixin.py:151} WARNING - airflow.exceptions.AirflowException: Task received SIGTERM signal
[2025-06-08T10:30:45.112+0000] {warnings.py:109} WARNING - /opt/airflow/etls/wikipedia_etl.py:41: FutureWarning: Passing literal html to 'read_html' is deprecated and will be removed in a future version. To read from a literal string, wrap it in a 'StringIO' object.
  df = pd.read_html(html.tostring(table, encoding='unicode'))[0]

[2025-06-08T10:30:45.931+0000] {warnings.py:109} WARNING - /opt/airflow/etls/wikipedia_etl.py:41: FutureWarning: Passing literal html to 'read_html' is deprecated and will be removed in a future version. To read from a literal string, wrap it in a 'StringIO' object.
  df = pd.read_html(html.tostring(table, encoding='unicode'))[0]

[2025-06-08T10:30:46.152+0000] {warnings.py:109} WARNING - /opt/airflow/etls/wikipedia_etl.py:41: FutureWarning: Passing literal html to 'read_html' is deprecated and will be removed in a future version. To read from a literal string, wrap it in a 'StringIO' object.
  df = pd.read_html(html.tostring(table, encoding='unicode'))[0]

[2025-06-08T10:30:46.163+0000] {warnings.py:109} WARNING - /opt/airflow/etls/wikipedia_etl.py:41: FutureWarning: Passing literal html to 'read_html' is deprecated and will be removed in a future version. To read from a literal string, wrap it in a 'StringIO' object.
  df = pd.read_html(html.tostring(table, encoding='unicode'))[0]

[2025-06-08T10:30:46.253+0000] {warnings.py:109} WARNING - /opt/airflow/etls/wikipedia_etl.py:41: FutureWarning: Passing literal html to 'read_html' is deprecated and will be removed in a future version. To read from a literal string, wrap it in a 'StringIO' object.
  df = pd.read_html(html.tostring(table, encoding='unicode'))[0]

[2025-06-08T10:30:55.958+0000] {warnings.py:109} WARNING - /opt/airflow/etls/wikipedia_etl.py:41: FutureWarning: Passing literal html to 'read_html' is deprecated and will be removed in a future version. To read from a literal string, wrap it in a 'StringIO' object.
  df = pd.read_html(html.tostring(table, encoding='unicode'))[0]

[2025-06-08T10:30:55.967+0000] {warnings.py:109} WARNING - /opt/airflow/etls/wikipedia_etl.py:41: FutureWarning: Passing literal html to 'read_html' is deprecated and will be removed in a future version. To read from a literal string, wrap it in a 'StringIO' object.
  df = pd.read_html(html.tostring(table, encoding='unicode'))[0]

[2025-06-08T10:30:55.981+0000] {warnings.py:109} WARNING - /opt/airflow/etls/wikipedia_etl.py:41: FutureWarning: Passing literal html to 'read_html' is deprecated and will be removed in a future version. To read from a literal string, wrap it in a 'StringIO' object.
  df = pd.read_html(html.tostring(table, encoding='unicode'))[0]

[2025-06-08T10:30:55.989+0000] {warnings.py:109} WARNING - /opt/airflow/etls/wikipedia_etl.py:41: FutureWarning: Passing literal html to 'read_html' is deprecated and will be removed in a future version. To read from a literal string, wrap it in a 'StringIO' object.
  df = pd.read_html(html.tostring(table, encoding='unicode'))[0]

[2025-06-08T10:30:56.001+0000] {warnings.py:109} WARNING - /opt/airflow/etls/wikipedia_etl.py:41: FutureWarning: Passing literal html to 'read_html' is deprecated and will be removed in a future version. To read from a literal string, wrap it in a 'StringIO' object.
  df = pd.read_html(html.tostring(table, encoding='unicode'))[0]

[2025-06-08T10:30:59.064+0000] {logging_mixin.py:151} INFO - Extraction complete.
[2025-06-08T10:30:59.897+0000] {logging_mixin.py:151} INFO - Transformation complete. Rows: 231, Columns: 5
[2025-06-08T10:31:00.200+0000] {logging_mixin.py:151} INFO - Final combined DataFrame shape: (231, 5)
[2025-06-08T10:31:00.200+0000] {logging_mixin.py:151} INFO - Data loaded successfully.
[2025-06-08T10:31:00.201+0000] {python.py:194} INFO - Done. Returned value was: None
[2025-06-08T10:31:00.341+0000] {taskinstance.py:1400} INFO - Marking task as SUCCESS. dag_id=etl_wikipedia_pipeline, task_id=wikipedia_extraction, execution_date=20250601T000000, start_date=20250608T102951, end_date=20250608T103100
